running develop
running egg_info
creating uwb_tracking_ros2.egg-info
writing uwb_tracking_ros2.egg-info/PKG-INFO
writing dependency_links to uwb_tracking_ros2.egg-info/dependency_links.txt
writing entry points to uwb_tracking_ros2.egg-info/entry_points.txt
writing requirements to uwb_tracking_ros2.egg-info/requires.txt
writing top-level names to uwb_tracking_ros2.egg-info/top_level.txt
writing manifest file 'uwb_tracking_ros2.egg-info/SOURCES.txt'
reading manifest file 'uwb_tracking_ros2.egg-info/SOURCES.txt'
writing manifest file 'uwb_tracking_ros2.egg-info/SOURCES.txt'
running build_ext
Creating /home/asv/asv_autonomy/uwb_imu_localization/install/uwb_tracking_ros2/lib/python3.10/site-packages/uwb-tracking-ros2.egg-link (link to .)
Installing uwb_tracking_dwm1001 script to /home/asv/asv_autonomy/uwb_imu_localization/install/uwb_tracking_ros2/lib/uwb_tracking_ros2
Installing viz_dwm1001 script to /home/asv/asv_autonomy/uwb_imu_localization/install/uwb_tracking_ros2/lib/uwb_tracking_ros2

Installed /home/asv/asv_autonomy/uwb_imu_localization/build/uwb_tracking_ros2
running symlink_data
creating /home/asv/asv_autonomy/uwb_imu_localization/install/uwb_tracking_ros2/share/ament_index
creating /home/asv/asv_autonomy/uwb_imu_localization/install/uwb_tracking_ros2/share/ament_index/resource_index
creating /home/asv/asv_autonomy/uwb_imu_localization/install/uwb_tracking_ros2/share/ament_index/resource_index/packages
symbolically linking /home/asv/asv_autonomy/uwb_imu_localization/build/uwb_tracking_ros2/resource/uwb_tracking_ros2 -> /home/asv/asv_autonomy/uwb_imu_localization/install/uwb_tracking_ros2/share/ament_index/resource_index/packages
symbolically linking /home/asv/asv_autonomy/uwb_imu_localization/build/uwb_tracking_ros2/package.xml -> /home/asv/asv_autonomy/uwb_imu_localization/install/uwb_tracking_ros2/share/uwb_tracking_ros2
creating /home/asv/asv_autonomy/uwb_imu_localization/install/uwb_tracking_ros2/share/uwb_tracking_ros2/launch
symbolically linking /home/asv/asv_autonomy/uwb_imu_localization/build/uwb_tracking_ros2/launch/uwb_tracking_dwm1001.launch.py -> /home/asv/asv_autonomy/uwb_imu_localization/install/uwb_tracking_ros2/share/uwb_tracking_ros2/launch
creating /home/asv/asv_autonomy/uwb_imu_localization/install/uwb_tracking_ros2/share/uwb_tracking_ros2/cfg
symbolically linking /home/asv/asv_autonomy/uwb_imu_localization/build/uwb_tracking_ros2/cfg/params_trek1000.yaml -> /home/asv/asv_autonomy/uwb_imu_localization/install/uwb_tracking_ros2/share/uwb_tracking_ros2/cfg
symbolically linking /home/asv/asv_autonomy/uwb_imu_localization/build/uwb_tracking_ros2/cfg/params_dwm1001.yaml -> /home/asv/asv_autonomy/uwb_imu_localization/install/uwb_tracking_ros2/share/uwb_tracking_ros2/cfg
creating /home/asv/asv_autonomy/uwb_imu_localization/install/uwb_tracking_ros2/share/uwb_tracking_ros2/msg
