[1.772s] Invoking command in '/home/asv/asv_autonomy/uwb_imu_localization/build/uwb_tracking_ros2': CONDA_PROMPT_MODIFIER=(asv_localization) PYTHONPATH=/home/asv/asv_autonomy/uwb_imu_localization/build/uwb_tracking_ros2/prefix_override:/usr/lib/python3/dist-packages/colcon_core/task/python/colcon_distutils_commands:/home/asv/asv_autonomy/uwb_imu_localization/install/uwb_tracking_ros2/lib/python3.10/site-packages:${PYTHONPATH} /usr/bin/python3 -W ignore:setup.py install is deprecated -W ignore:easy_install command is deprecated setup.py develop --editable --build-directory /home/asv/asv_autonomy/uwb_imu_localization/build/uwb_tracking_ros2/build --no-deps symlink_data
[2.265s] running develop
[2.558s] running egg_info
[2.558s] creating uwb_tracking_ros2.egg-info
[2.558s] writing uwb_tracking_ros2.egg-info/PKG-INFO
[2.559s] writing dependency_links to uwb_tracking_ros2.egg-info/dependency_links.txt
[2.559s] writing entry points to uwb_tracking_ros2.egg-info/entry_points.txt
[2.559s] writing requirements to uwb_tracking_ros2.egg-info/requires.txt
[2.559s] writing top-level names to uwb_tracking_ros2.egg-info/top_level.txt
[2.560s] writing manifest file 'uwb_tracking_ros2.egg-info/SOURCES.txt'
[2.563s] reading manifest file 'uwb_tracking_ros2.egg-info/SOURCES.txt'
[2.565s] writing manifest file 'uwb_tracking_ros2.egg-info/SOURCES.txt'
[2.568s] running build_ext
[2.568s] Creating /home/asv/asv_autonomy/uwb_imu_localization/install/uwb_tracking_ros2/lib/python3.10/site-packages/uwb-tracking-ros2.egg-link (link to .)
[2.570s] Installing uwb_tracking_dwm1001 script to /home/asv/asv_autonomy/uwb_imu_localization/install/uwb_tracking_ros2/lib/uwb_tracking_ros2
[2.570s] Installing viz_dwm1001 script to /home/asv/asv_autonomy/uwb_imu_localization/install/uwb_tracking_ros2/lib/uwb_tracking_ros2
[2.571s] 
[2.571s] Installed /home/asv/asv_autonomy/uwb_imu_localization/build/uwb_tracking_ros2
[2.571s] running symlink_data
[2.571s] creating /home/asv/asv_autonomy/uwb_imu_localization/install/uwb_tracking_ros2/share/ament_index
[2.572s] creating /home/asv/asv_autonomy/uwb_imu_localization/install/uwb_tracking_ros2/share/ament_index/resource_index
[2.572s] creating /home/asv/asv_autonomy/uwb_imu_localization/install/uwb_tracking_ros2/share/ament_index/resource_index/packages
[2.572s] symbolically linking /home/asv/asv_autonomy/uwb_imu_localization/build/uwb_tracking_ros2/resource/uwb_tracking_ros2 -> /home/asv/asv_autonomy/uwb_imu_localization/install/uwb_tracking_ros2/share/ament_index/resource_index/packages
[2.572s] symbolically linking /home/asv/asv_autonomy/uwb_imu_localization/build/uwb_tracking_ros2/package.xml -> /home/asv/asv_autonomy/uwb_imu_localization/install/uwb_tracking_ros2/share/uwb_tracking_ros2
[2.572s] creating /home/asv/asv_autonomy/uwb_imu_localization/install/uwb_tracking_ros2/share/uwb_tracking_ros2/launch
[2.572s] symbolically linking /home/asv/asv_autonomy/uwb_imu_localization/build/uwb_tracking_ros2/launch/uwb_tracking_dwm1001.launch.py -> /home/asv/asv_autonomy/uwb_imu_localization/install/uwb_tracking_ros2/share/uwb_tracking_ros2/launch
[2.573s] creating /home/asv/asv_autonomy/uwb_imu_localization/install/uwb_tracking_ros2/share/uwb_tracking_ros2/cfg
[2.573s] symbolically linking /home/asv/asv_autonomy/uwb_imu_localization/build/uwb_tracking_ros2/cfg/params_trek1000.yaml -> /home/asv/asv_autonomy/uwb_imu_localization/install/uwb_tracking_ros2/share/uwb_tracking_ros2/cfg
[2.573s] symbolically linking /home/asv/asv_autonomy/uwb_imu_localization/build/uwb_tracking_ros2/cfg/params_dwm1001.yaml -> /home/asv/asv_autonomy/uwb_imu_localization/install/uwb_tracking_ros2/share/uwb_tracking_ros2/cfg
[2.573s] creating /home/asv/asv_autonomy/uwb_imu_localization/install/uwb_tracking_ros2/share/uwb_tracking_ros2/msg
[2.669s] Invoked command in '/home/asv/asv_autonomy/uwb_imu_localization/build/uwb_tracking_ros2' returned '0': CONDA_PROMPT_MODIFIER=(asv_localization) PYTHONPATH=/home/asv/asv_autonomy/uwb_imu_localization/build/uwb_tracking_ros2/prefix_override:/usr/lib/python3/dist-packages/colcon_core/task/python/colcon_distutils_commands:/home/asv/asv_autonomy/uwb_imu_localization/install/uwb_tracking_ros2/lib/python3.10/site-packages:${PYTHONPATH} /usr/bin/python3 -W ignore:setup.py install is deprecated -W ignore:easy_install command is deprecated setup.py develop --editable --build-directory /home/asv/asv_autonomy/uwb_imu_localization/build/uwb_tracking_ros2/build --no-deps symlink_data
