[33mCMake Warning at CMakeLists.txt:34 (add_library):
  Cannot generate a safe runtime search path for target vectornav_lib because
  files in some directories may conflict with libraries in implicit
  directories:

    runtime library [libpython3.10.so.1.0] in /usr/lib/aarch64-linux-gnu may be hidden by files in:
      /home/asv/miniconda3/envs/asv_localization/lib

  Some of these libraries may not be found correctly.

[0m
[33mCMake Warning at CMakeLists.txt:41 (add_executable):
  Cannot generate a safe runtime search path for target vectornav because
  files in some directories may conflict with libraries in implicit
  directories:

    runtime library [libpython3.10.so.1.0] in /usr/lib/aarch64-linux-gnu may be hidden by files in:
      /home/asv/miniconda3/envs/asv_localization/lib

  Some of these libraries may not be found correctly.

[0m
[33mCMake Warning at CMakeLists.txt:46 (add_library):
  Cannot generate a safe runtime search path for target vn_sensor_msgs_lib
  because files in some directories may conflict with libraries in implicit
  directories:

    runtime library [libpython3.10.so.1.0] in /usr/lib/aarch64-linux-gnu may be hidden by files in:
      /home/asv/miniconda3/envs/asv_localization/lib

  Some of these libraries may not be found correctly.

[0m
[33mCMake Warning at CMakeLists.txt:52 (add_executable):
  Cannot generate a safe runtime search path for target vn_sensor_msgs
  because files in some directories may conflict with libraries in implicit
  directories:

    runtime library [libpython3.10.so.1.0] in /usr/lib/aarch64-linux-gnu may be hidden by files in:
      /home/asv/miniconda3/envs/asv_localization/lib

  Some of these libraries may not be found correctly.

[0m
