-- The C compiler identification is GNU 11.4.0
-- The CXX compiler identification is GNU 11.4.0
-- Detecting C compiler ABI info
-- Detecting C compiler ABI info - done
-- Check for working C compiler: /usr/bin/cc - skipped
-- Detecting C compile features
-- Detecting C compile features - done
-- Detecting CXX compiler ABI info
-- Detecting CXX compiler ABI info - done
-- Check for working CXX compiler: /usr/bin/c++ - skipped
-- Detecting CXX compile features
-- Detecting CXX compile features - done
-- Found ament_cmake: 1.3.11 (/opt/ros/humble/share/ament_cmake/cmake)
-- Found Python3: /home/asv/miniconda3/envs/asv_localization/bin/python3 (found version "3.10.16") found components: Interpreter 
-- Override CMake install command with custom implementation using symlinks instead of copying resources
-- Found rclcpp: 16.0.11 (/opt/ros/humble/share/rclcpp/cmake)
-- Found rosidl_generator_c: 3.1.6 (/opt/ros/humble/share/rosidl_generator_c/cmake)
-- Found rosidl_adapter: 3.1.6 (/opt/ros/humble/share/rosidl_adapter/cmake)
-- Found rosidl_generator_cpp: 3.1.6 (/opt/ros/humble/share/rosidl_generator_cpp/cmake)
-- Using all available rosidl_typesupport_c: rosidl_typesupport_fastrtps_c;rosidl_typesupport_introspection_c
-- Using all available rosidl_typesupport_cpp: rosidl_typesupport_fastrtps_cpp;rosidl_typesupport_introspection_cpp
-- Found rmw_implementation_cmake: 6.1.2 (/opt/ros/humble/share/rmw_implementation_cmake/cmake)
-- Found rmw_fastrtps_cpp: 6.2.7 (/opt/ros/humble/share/rmw_fastrtps_cpp/cmake)
-- Found OpenSSL: /usr/lib/aarch64-linux-gnu/libcrypto.so (found version "3.0.2")  
-- Found FastRTPS: /opt/ros/humble/include  
-- Using RMW implementation 'rmw_fastrtps_cpp' as default
-- Looking for pthread.h
-- Looking for pthread.h - found
-- Performing Test CMAKE_HAVE_LIBC_PTHREAD
-- Performing Test CMAKE_HAVE_LIBC_PTHREAD - Success
-- Found Threads: TRUE  
-- Found rclcpp_action: 16.0.11 (/opt/ros/humble/share/rclcpp_action/cmake)
-- Found rclcpp_components: 16.0.11 (/opt/ros/humble/share/rclcpp_components/cmake)
-- Found sensor_msgs: 4.2.4 (/opt/ros/humble/share/sensor_msgs/cmake)
-- Found vectornav_msgs: 3.0.0 (/home/asv/asv_autonomy/uwb_imu_localization/install/vectornav_msgs/share/vectornav_msgs/cmake)
-- Found tf2_geometry_msgs: 0.25.9 (/opt/ros/humble/share/tf2_geometry_msgs/cmake)
-- Found eigen3_cmake_module: 0.1.1 (/opt/ros/humble/share/eigen3_cmake_module/cmake)
-- Found Eigen3: TRUE (found version "3.4.0") 
-- Ensuring Eigen3 include directory is part of orocos-kdl CMake target
-- Found ament_lint_auto: 0.12.11 (/opt/ros/humble/share/ament_lint_auto/cmake)
-- Added test 'cppcheck' to perform static code analysis on C / C++ code
-- Configured cppcheck include dirs: 
-- Configured cppcheck exclude dirs and/or files: 
-- Added test 'cpplint' to check C / C++ code against the Google style
-- Configured cpplint exclude dirs and/or files: 
-- Added test 'flake8' to check Python code syntax and style conventions
-- Added test 'lint_cmake' to check CMake code style
-- Added test 'pep257' to check Python code against some of the docstring style conventions in PEP 257
-- Added test 'uncrustify' to check C / C++ code style
-- Configured uncrustify additional arguments: 
-- Added test 'xmllint' to check XML markup files
-- Configuring done
-- Generating done
-- Build files have been written to: /home/asv/asv_autonomy/uwb_imu_localization/build/vectornav
[  6%] [32mBuilding CXX object vnproglib-1.2.0.0/cpp/CMakeFiles/vncxx.dir/src/criticalsection.cpp.o[0m
[  9%] [32mBuilding CXX object vnproglib-1.2.0.0/cpp/CMakeFiles/vncxx.dir/src/compositedata.cpp.o[0m
[  9%] [32mBuilding CXX object vnproglib-1.2.0.0/cpp/CMakeFiles/vncxx.dir/src/attitude.cpp.o[0m
[ 15%] [32mBuilding CXX object CMakeFiles/vn_sensor_msgs_lib.dir/src/vn_sensor_msgs.cc.o[0m
[ 15%] [32mBuilding CXX object vnproglib-1.2.0.0/cpp/CMakeFiles/vncxx.dir/src/dllvalidator.cpp.o[0m
[ 18%] [32mBuilding CXX object vnproglib-1.2.0.0/cpp/CMakeFiles/vncxx.dir/src/conversions.cpp.o[0m
[ 21%] [32mBuilding CXX object vnproglib-1.2.0.0/cpp/CMakeFiles/vncxx.dir/src/event.cpp.o[0m
[ 25%] [32mBuilding CXX object vnproglib-1.2.0.0/cpp/CMakeFiles/vncxx.dir/src/error_detection.cpp.o[0m
[ 28%] [32mBuilding CXX object vnproglib-1.2.0.0/cpp/CMakeFiles/vncxx.dir/src/ezasyncdata.cpp.o[0m
[ 31%] [32mBuilding CXX object vnproglib-1.2.0.0/cpp/CMakeFiles/vncxx.dir/src/memoryport.cpp.o[0m
[ 34%] [32mBuilding CXX object vnproglib-1.2.0.0/cpp/CMakeFiles/vncxx.dir/src/packet.cpp.o[0m
[ 37%] [32mBuilding CXX object vnproglib-1.2.0.0/cpp/CMakeFiles/vncxx.dir/src/packetfinder.cpp.o[0m
[ 40%] [32mBuilding CXX object vnproglib-1.2.0.0/cpp/CMakeFiles/vncxx.dir/src/port.cpp.o[0m
[ 43%] [32mBuilding CXX object vnproglib-1.2.0.0/cpp/CMakeFiles/vncxx.dir/src/position.cpp.o[0m
[ 46%] [32mBuilding CXX object vnproglib-1.2.0.0/cpp/CMakeFiles/vncxx.dir/src/rtcmlistener.cpp.o[0m
[ 50%] [32mBuilding CXX object vnproglib-1.2.0.0/cpp/CMakeFiles/vncxx.dir/src/rtcmmessage.cpp.o[0m
[ 53%] [32mBuilding CXX object vnproglib-1.2.0.0/cpp/CMakeFiles/vncxx.dir/src/searcher.cpp.o[0m
[ 56%] [32mBuilding CXX object vnproglib-1.2.0.0/cpp/CMakeFiles/vncxx.dir/src/sensors.cpp.o[0m
[ 59%] [32mBuilding CXX object vnproglib-1.2.0.0/cpp/CMakeFiles/vncxx.dir/src/serialport.cpp.o[0m
[ 62%] [32mBuilding CXX object vnproglib-1.2.0.0/cpp/CMakeFiles/vncxx.dir/src/thread.cpp.o[0m
[ 65%] [32mBuilding CXX object vnproglib-1.2.0.0/cpp/CMakeFiles/vncxx.dir/src/types.cpp.o[0m
[ 68%] [32mBuilding CXX object vnproglib-1.2.0.0/cpp/CMakeFiles/vncxx.dir/src/util.cpp.o[0m
[ 71%] [32mBuilding CXX object vnproglib-1.2.0.0/cpp/CMakeFiles/vncxx.dir/src/utilities.cpp.o[0m
[ 75%] [32mBuilding CXX object vnproglib-1.2.0.0/cpp/CMakeFiles/vncxx.dir/src/vntime.cpp.o[0m
[ 78%] [32m[1mLinking CXX shared library libvncxx.so[0m
[ 78%] Built target vncxx
[ 81%] [32mBuilding CXX object CMakeFiles/vectornav_lib.dir/src/vectornav.cc.o[0m
[ 84%] [32m[1mLinking CXX shared library libvectornav_lib.so[0m
[ 84%] Built target vectornav_lib
[ 87%] [32mBuilding CXX object CMakeFiles/vectornav.dir/src/vectornav_node.cc.o[0m
[ 90%] [32m[1mLinking CXX executable vectornav[0m
[ 90%] Built target vectornav
[ 93%] [32m[1mLinking CXX shared library libvn_sensor_msgs_lib.so[0m
[ 93%] Built target vn_sensor_msgs_lib
[ 96%] [32mBuilding CXX object CMakeFiles/vn_sensor_msgs.dir/src/vn_sensor_msgs_node.cc.o[0m
[100%] [32m[1mLinking CXX executable vn_sensor_msgs[0m
[100%] Built target vn_sensor_msgs
-- Install configuration: ""
-- Execute custom install script
-- Symlinking: /home/asv/asv_autonomy/uwb_imu_localization/install/vectornav/lib/libvncxx.so
-- Symlinking: /home/asv/asv_autonomy/uwb_imu_localization/install/vectornav/include/vn/attitude.h
-- Symlinking: /home/asv/asv_autonomy/uwb_imu_localization/install/vectornav/include/vn/boostpython.h
-- Symlinking: /home/asv/asv_autonomy/uwb_imu_localization/install/vectornav/include/vn/compiler.h
-- Symlinking: /home/asv/asv_autonomy/uwb_imu_localization/install/vectornav/include/vn/compositedata.h
-- Symlinking: /home/asv/asv_autonomy/uwb_imu_localization/install/vectornav/include/vn/consts.h
-- Symlinking: /home/asv/asv_autonomy/uwb_imu_localization/install/vectornav/include/vn/conversions.h
-- Symlinking: /home/asv/asv_autonomy/uwb_imu_localization/install/vectornav/include/vn/criticalsection.h
-- Symlinking: /home/asv/asv_autonomy/uwb_imu_localization/install/vectornav/include/vn/dllvalidator.h
-- Symlinking: /home/asv/asv_autonomy/uwb_imu_localization/install/vectornav/include/vn/error_detection.h
-- Symlinking: /home/asv/asv_autonomy/uwb_imu_localization/install/vectornav/include/vn/event.h
-- Symlinking: /home/asv/asv_autonomy/uwb_imu_localization/install/vectornav/include/vn/exceptions.h
-- Symlinking: /home/asv/asv_autonomy/uwb_imu_localization/install/vectornav/include/vn/export.h
-- Symlinking: /home/asv/asv_autonomy/uwb_imu_localization/install/vectornav/include/vn/ezasyncdata.h
-- Symlinking: /home/asv/asv_autonomy/uwb_imu_localization/install/vectornav/include/vn/int.h
-- Symlinking: /home/asv/asv_autonomy/uwb_imu_localization/install/vectornav/include/vn/matrix.h
-- Symlinking: /home/asv/asv_autonomy/uwb_imu_localization/install/vectornav/include/vn/memoryport.h
-- Symlinking: /home/asv/asv_autonomy/uwb_imu_localization/install/vectornav/include/vn/mock.h
-- Symlinking: /home/asv/asv_autonomy/uwb_imu_localization/install/vectornav/include/vn/nocopy.h
-- Symlinking: /home/asv/asv_autonomy/uwb_imu_localization/install/vectornav/include/vn/packet.h
-- Symlinking: /home/asv/asv_autonomy/uwb_imu_localization/install/vectornav/include/vn/packetfinder.h
-- Symlinking: /home/asv/asv_autonomy/uwb_imu_localization/install/vectornav/include/vn/port.h
-- Symlinking: /home/asv/asv_autonomy/uwb_imu_localization/install/vectornav/include/vn/position.h
-- Symlinking: /home/asv/asv_autonomy/uwb_imu_localization/install/vectornav/include/vn/registers.h
-- Symlinking: /home/asv/asv_autonomy/uwb_imu_localization/install/vectornav/include/vn/rtcmlistener.h
-- Symlinking: /home/asv/asv_autonomy/uwb_imu_localization/install/vectornav/include/vn/rtcmmessage.h
-- Symlinking: /home/asv/asv_autonomy/uwb_imu_localization/install/vectornav/include/vn/searcher.h
-- Symlinking: /home/asv/asv_autonomy/uwb_imu_localization/install/vectornav/include/vn/sensors.h
-- Symlinking: /home/asv/asv_autonomy/uwb_imu_localization/install/vectornav/include/vn/serialport.h
-- Symlinking: /home/asv/asv_autonomy/uwb_imu_localization/install/vectornav/include/vn/signal.h
-- Symlinking: /home/asv/asv_autonomy/uwb_imu_localization/install/vectornav/include/vn/thread.h
-- Symlinking: /home/asv/asv_autonomy/uwb_imu_localization/install/vectornav/include/vn/types.h
-- Symlinking: /home/asv/asv_autonomy/uwb_imu_localization/install/vectornav/include/vn/util.h
-- Symlinking: /home/asv/asv_autonomy/uwb_imu_localization/install/vectornav/include/vn/utilities.h
-- Symlinking: /home/asv/asv_autonomy/uwb_imu_localization/install/vectornav/include/vn/vector.h
-- Symlinking: /home/asv/asv_autonomy/uwb_imu_localization/install/vectornav/include/vn/vntime.h
-- Symlinking: /home/asv/asv_autonomy/uwb_imu_localization/install/vectornav/lib/libvectornav_lib.so
-- Symlinking: /home/asv/asv_autonomy/uwb_imu_localization/install/vectornav/lib/libvn_sensor_msgs_lib.so
-- Symlinking: /home/asv/asv_autonomy/uwb_imu_localization/install/vectornav/lib/vectornav/vectornav
-- Symlinking: /home/asv/asv_autonomy/uwb_imu_localization/install/vectornav/lib/vectornav/vn_sensor_msgs
-- Symlinking: /home/asv/asv_autonomy/uwb_imu_localization/install/vectornav/share/vectornav//config/vectornav.yaml
-- Symlinking: /home/asv/asv_autonomy/uwb_imu_localization/install/vectornav/share/vectornav//config/vectornav_composable.yaml
-- Symlinking: /home/asv/asv_autonomy/uwb_imu_localization/install/vectornav/share/vectornav//config/vn_100_800hz.yaml
-- Symlinking: /home/asv/asv_autonomy/uwb_imu_localization/install/vectornav/share/vectornav//config/vn_sensor_msgs_composable.yaml
-- Symlinking: /home/asv/asv_autonomy/uwb_imu_localization/install/vectornav/share/vectornav//launch/vectornav.launch.py
-- Symlinking: /home/asv/asv_autonomy/uwb_imu_localization/install/vectornav/share/vectornav//launch/vectornav_composable.launch.py
-- Symlinking: /home/asv/asv_autonomy/uwb_imu_localization/install/vectornav/share/ament_index/resource_index/package_run_dependencies/vectornav
-- Symlinking: /home/asv/asv_autonomy/uwb_imu_localization/install/vectornav/share/ament_index/resource_index/parent_prefix_path/vectornav
-- Symlinking: /home/asv/asv_autonomy/uwb_imu_localization/install/vectornav/share/vectornav/environment/ament_prefix_path.sh
-- Symlinking: /home/asv/asv_autonomy/uwb_imu_localization/install/vectornav/share/vectornav/environment/ament_prefix_path.dsv
-- Symlinking: /home/asv/asv_autonomy/uwb_imu_localization/install/vectornav/share/vectornav/environment/path.sh
-- Symlinking: /home/asv/asv_autonomy/uwb_imu_localization/install/vectornav/share/vectornav/environment/path.dsv
-- Symlinking: /home/asv/asv_autonomy/uwb_imu_localization/install/vectornav/share/vectornav/local_setup.bash
-- Symlinking: /home/asv/asv_autonomy/uwb_imu_localization/install/vectornav/share/vectornav/local_setup.sh
-- Symlinking: /home/asv/asv_autonomy/uwb_imu_localization/install/vectornav/share/vectornav/local_setup.zsh
-- Symlinking: /home/asv/asv_autonomy/uwb_imu_localization/install/vectornav/share/vectornav/local_setup.dsv
-- Symlinking: /home/asv/asv_autonomy/uwb_imu_localization/install/vectornav/share/vectornav/package.dsv
-- Symlinking: /home/asv/asv_autonomy/uwb_imu_localization/install/vectornav/share/ament_index/resource_index/packages/vectornav
-- Symlinking: /home/asv/asv_autonomy/uwb_imu_localization/install/vectornav/share/ament_index/resource_index/rclcpp_components/vectornav
-- Symlinking: /home/asv/asv_autonomy/uwb_imu_localization/install/vectornav/share/vectornav/cmake/ament_cmake_export_dependencies-extras.cmake
-- Symlinking: /home/asv/asv_autonomy/uwb_imu_localization/install/vectornav/share/vectornav/cmake/vectornavConfig.cmake
-- Symlinking: /home/asv/asv_autonomy/uwb_imu_localization/install/vectornav/share/vectornav/cmake/vectornavConfig-version.cmake
-- Symlinking: /home/asv/asv_autonomy/uwb_imu_localization/install/vectornav/share/vectornav/package.xml
