[0.036s] Invoking command in '/home/asv/asv_autonomy/uwb_imu_localization/build/vectornav': CMAKE_PREFIX_PATH=/home/asv/asv_autonomy/uwb_imu_localization/install/vectornav_msgs:/home/asv/asv_autonomy/uwb_imu_localization/install/vectornav:/home/asv/asv_autonomy/uwb_imu_localization/install/citrack_ros_msgs:/home/asv/asv_autonomy/uwb_imu_localization/install/ekf_fusion:/home/asv/asv_autonomy/uwb_imu_localization/install/uwb_tracking_ros2:/opt/ros/humble CONDA_PROMPT_MODIFIER=(asv_localization) LD_LIBRARY_PATH=/home/asv/asv_autonomy/uwb_imu_localization/install/vectornav_msgs/lib:/home/asv/asv_autonomy/uwb_imu_localization/install/vectornav/lib:/home/asv/asv_autonomy/uwb_imu_localization/install/citrack_ros_msgs/lib:/usr/local/lib:/opt/ros/humble/opt/rviz_ogre_vendor/lib:/opt/ros/humble/lib/aarch64-linux-gnu:/opt/ros/humble/lib:/usr/local/cuda-12/lib64 PYTHONPATH=/home/asv/asv_autonomy/uwb_imu_localization/install/vectornav_msgs/lib/python3.10/site-packages:/home/asv/asv_autonomy/uwb_imu_localization/build/ekf_fusion:/home/asv/asv_autonomy/uwb_imu_localization/install/ekf_fusion/lib/python3.10/site-packages:/home/asv/asv_autonomy/uwb_imu_localization/build/uwb_tracking_ros2:/home/asv/asv_autonomy/uwb_imu_localization/install/uwb_tracking_ros2/lib/python3.10/site-packages:/home/asv/asv_autonomy/uwb_imu_localization/install/citrack_ros_msgs/lib/python3.10/site-packages:/opt/ros/humble/lib/python3.10/site-packages:/opt/ros/humble/local/lib/python3.10/dist-packages /usr/bin/cmake /home/asv/asv_autonomy/uwb_imu_localization/src/vectornav/vectornav -DAMENT_CMAKE_SYMLINK_INSTALL=1 -DCMAKE_INSTALL_PREFIX=/home/asv/asv_autonomy/uwb_imu_localization/install/vectornav
[0.161s] -- The C compiler identification is GNU 11.4.0
[0.294s] -- The CXX compiler identification is GNU 11.4.0
[0.318s] -- Detecting C compiler ABI info
[0.486s] -- Detecting C compiler ABI info - done
[0.511s] -- Check for working C compiler: /usr/bin/cc - skipped
[0.512s] -- Detecting C compile features
[0.513s] -- Detecting C compile features - done
[0.518s] -- Detecting CXX compiler ABI info
[0.696s] -- Detecting CXX compiler ABI info - done
[0.713s] -- Check for working CXX compiler: /usr/bin/c++ - skipped
[0.714s] -- Detecting CXX compile features
[0.714s] -- Detecting CXX compile features - done
[0.724s] -- Found ament_cmake: 1.3.11 (/opt/ros/humble/share/ament_cmake/cmake)
[1.576s] -- Found Python3: /home/asv/miniconda3/envs/asv_localization/bin/python3 (found version "3.10.16") found components: Interpreter 
[1.749s] -- Override CMake install command with custom implementation using symlinks instead of copying resources
[1.835s] -- Found rclcpp: 16.0.11 (/opt/ros/humble/share/rclcpp/cmake)
[1.917s] -- Found rosidl_generator_c: 3.1.6 (/opt/ros/humble/share/rosidl_generator_c/cmake)
[1.929s] -- Found rosidl_adapter: 3.1.6 (/opt/ros/humble/share/rosidl_adapter/cmake)
[1.940s] -- Found rosidl_generator_cpp: 3.1.6 (/opt/ros/humble/share/rosidl_generator_cpp/cmake)
[1.961s] -- Using all available rosidl_typesupport_c: rosidl_typesupport_fastrtps_c;rosidl_typesupport_introspection_c
[1.988s] -- Using all available rosidl_typesupport_cpp: rosidl_typesupport_fastrtps_cpp;rosidl_typesupport_introspection_cpp
[2.062s] -- Found rmw_implementation_cmake: 6.1.2 (/opt/ros/humble/share/rmw_implementation_cmake/cmake)
[2.067s] -- Found rmw_fastrtps_cpp: 6.2.7 (/opt/ros/humble/share/rmw_fastrtps_cpp/cmake)
[2.268s] -- Found OpenSSL: /usr/lib/aarch64-linux-gnu/libcrypto.so (found version "3.0.2")  
[2.335s] -- Found FastRTPS: /opt/ros/humble/include  
[2.412s] -- Using RMW implementation 'rmw_fastrtps_cpp' as default
[2.427s] -- Looking for pthread.h
[2.592s] -- Looking for pthread.h - found
[2.595s] -- Performing Test CMAKE_HAVE_LIBC_PTHREAD
[2.761s] -- Performing Test CMAKE_HAVE_LIBC_PTHREAD - Success
[2.764s] -- Found Threads: TRUE  
[2.876s] -- Found rclcpp_action: 16.0.11 (/opt/ros/humble/share/rclcpp_action/cmake)
[2.934s] -- Found rclcpp_components: 16.0.11 (/opt/ros/humble/share/rclcpp_components/cmake)
[2.980s] -- Found sensor_msgs: 4.2.4 (/opt/ros/humble/share/sensor_msgs/cmake)
[3.028s] -- Found vectornav_msgs: 3.0.0 (/home/asv/asv_autonomy/uwb_imu_localization/install/vectornav_msgs/share/vectornav_msgs/cmake)
[3.057s] -- Found tf2_geometry_msgs: 0.25.9 (/opt/ros/humble/share/tf2_geometry_msgs/cmake)
[3.075s] -- Found eigen3_cmake_module: 0.1.1 (/opt/ros/humble/share/eigen3_cmake_module/cmake)
[3.077s] -- Found Eigen3: TRUE (found version "3.4.0") 
[3.077s] -- Ensuring Eigen3 include directory is part of orocos-kdl CMake target
[3.159s] -- Found ament_lint_auto: 0.12.11 (/opt/ros/humble/share/ament_lint_auto/cmake)
[3.396s] -- Added test 'cppcheck' to perform static code analysis on C / C++ code
[3.396s] -- Configured cppcheck include dirs: 
[3.396s] -- Configured cppcheck exclude dirs and/or files: 
[3.401s] -- Added test 'cpplint' to check C / C++ code against the Google style
[3.402s] -- Configured cpplint exclude dirs and/or files: 
[3.403s] -- Added test 'flake8' to check Python code syntax and style conventions
[3.405s] -- Added test 'lint_cmake' to check CMake code style
[3.406s] -- Added test 'pep257' to check Python code against some of the docstring style conventions in PEP 257
[3.412s] -- Added test 'uncrustify' to check C / C++ code style
[3.412s] -- Configured uncrustify additional arguments: 
[3.413s] -- Added test 'xmllint' to check XML markup files
[3.417s] -- Configuring done
[3.445s] [33mCMake Warning at CMakeLists.txt:34 (add_library):
[3.446s]   Cannot generate a safe runtime search path for target vectornav_lib because
[3.446s]   files in some directories may conflict with libraries in implicit
[3.446s]   directories:
[3.446s] 
[3.447s]     runtime library [libpython3.10.so.1.0] in /usr/lib/aarch64-linux-gnu may be hidden by files in:
[3.447s]       /home/asv/miniconda3/envs/asv_localization/lib
[3.447s] 
[3.447s]   Some of these libraries may not be found correctly.
[3.447s] 
[3.448s] [0m
[3.454s] [33mCMake Warning at CMakeLists.txt:41 (add_executable):
[3.454s]   Cannot generate a safe runtime search path for target vectornav because
[3.454s]   files in some directories may conflict with libraries in implicit
[3.454s]   directories:
[3.454s] 
[3.454s]     runtime library [libpython3.10.so.1.0] in /usr/lib/aarch64-linux-gnu may be hidden by files in:
[3.455s]       /home/asv/miniconda3/envs/asv_localization/lib
[3.455s] 
[3.455s]   Some of these libraries may not be found correctly.
[3.455s] 
[3.455s] [0m
[3.462s] [33mCMake Warning at CMakeLists.txt:46 (add_library):
[3.463s]   Cannot generate a safe runtime search path for target vn_sensor_msgs_lib
[3.463s]   because files in some directories may conflict with libraries in implicit
[3.463s]   directories:
[3.463s] 
[3.463s]     runtime library [libpython3.10.so.1.0] in /usr/lib/aarch64-linux-gnu may be hidden by files in:
[3.463s]       /home/asv/miniconda3/envs/asv_localization/lib
[3.463s] 
[3.463s]   Some of these libraries may not be found correctly.
[3.463s] 
[3.464s] [0m
[3.471s] [33mCMake Warning at CMakeLists.txt:52 (add_executable):
[3.472s]   Cannot generate a safe runtime search path for target vn_sensor_msgs
[3.472s]   because files in some directories may conflict with libraries in implicit
[3.472s]   directories:
[3.472s] 
[3.473s]     runtime library [libpython3.10.so.1.0] in /usr/lib/aarch64-linux-gnu may be hidden by files in:
[3.473s]       /home/asv/miniconda3/envs/asv_localization/lib
[3.473s] 
[3.473s]   Some of these libraries may not be found correctly.
[3.473s] 
[3.474s] [0m
[3.481s] -- Generating done
[3.500s] -- Build files have been written to: /home/asv/asv_autonomy/uwb_imu_localization/build/vectornav
[3.533s] Invoked command in '/home/asv/asv_autonomy/uwb_imu_localization/build/vectornav' returned '0': CMAKE_PREFIX_PATH=/home/asv/asv_autonomy/uwb_imu_localization/install/vectornav_msgs:/home/asv/asv_autonomy/uwb_imu_localization/install/vectornav:/home/asv/asv_autonomy/uwb_imu_localization/install/citrack_ros_msgs:/home/asv/asv_autonomy/uwb_imu_localization/install/ekf_fusion:/home/asv/asv_autonomy/uwb_imu_localization/install/uwb_tracking_ros2:/opt/ros/humble CONDA_PROMPT_MODIFIER=(asv_localization) LD_LIBRARY_PATH=/home/asv/asv_autonomy/uwb_imu_localization/install/vectornav_msgs/lib:/home/asv/asv_autonomy/uwb_imu_localization/install/vectornav/lib:/home/asv/asv_autonomy/uwb_imu_localization/install/citrack_ros_msgs/lib:/usr/local/lib:/opt/ros/humble/opt/rviz_ogre_vendor/lib:/opt/ros/humble/lib/aarch64-linux-gnu:/opt/ros/humble/lib:/usr/local/cuda-12/lib64 PYTHONPATH=/home/asv/asv_autonomy/uwb_imu_localization/install/vectornav_msgs/lib/python3.10/site-packages:/home/asv/asv_autonomy/uwb_imu_localization/build/ekf_fusion:/home/asv/asv_autonomy/uwb_imu_localization/install/ekf_fusion/lib/python3.10/site-packages:/home/asv/asv_autonomy/uwb_imu_localization/build/uwb_tracking_ros2:/home/asv/asv_autonomy/uwb_imu_localization/install/uwb_tracking_ros2/lib/python3.10/site-packages:/home/asv/asv_autonomy/uwb_imu_localization/install/citrack_ros_msgs/lib/python3.10/site-packages:/opt/ros/humble/lib/python3.10/site-packages:/opt/ros/humble/local/lib/python3.10/dist-packages /usr/bin/cmake /home/asv/asv_autonomy/uwb_imu_localization/src/vectornav/vectornav -DAMENT_CMAKE_SYMLINK_INSTALL=1 -DCMAKE_INSTALL_PREFIX=/home/asv/asv_autonomy/uwb_imu_localization/install/vectornav
[3.537s] Invoking command in '/home/asv/asv_autonomy/uwb_imu_localization/build/vectornav': CMAKE_PREFIX_PATH=/home/asv/asv_autonomy/uwb_imu_localization/install/vectornav_msgs:/home/asv/asv_autonomy/uwb_imu_localization/install/vectornav:/home/asv/asv_autonomy/uwb_imu_localization/install/citrack_ros_msgs:/home/asv/asv_autonomy/uwb_imu_localization/install/ekf_fusion:/home/asv/asv_autonomy/uwb_imu_localization/install/uwb_tracking_ros2:/opt/ros/humble CONDA_PROMPT_MODIFIER=(asv_localization) LD_LIBRARY_PATH=/home/asv/asv_autonomy/uwb_imu_localization/install/vectornav_msgs/lib:/home/asv/asv_autonomy/uwb_imu_localization/install/vectornav/lib:/home/asv/asv_autonomy/uwb_imu_localization/install/citrack_ros_msgs/lib:/usr/local/lib:/opt/ros/humble/opt/rviz_ogre_vendor/lib:/opt/ros/humble/lib/aarch64-linux-gnu:/opt/ros/humble/lib:/usr/local/cuda-12/lib64 PYTHONPATH=/home/asv/asv_autonomy/uwb_imu_localization/install/vectornav_msgs/lib/python3.10/site-packages:/home/asv/asv_autonomy/uwb_imu_localization/build/ekf_fusion:/home/asv/asv_autonomy/uwb_imu_localization/install/ekf_fusion/lib/python3.10/site-packages:/home/asv/asv_autonomy/uwb_imu_localization/build/uwb_tracking_ros2:/home/asv/asv_autonomy/uwb_imu_localization/install/uwb_tracking_ros2/lib/python3.10/site-packages:/home/asv/asv_autonomy/uwb_imu_localization/install/citrack_ros_msgs/lib/python3.10/site-packages:/opt/ros/humble/lib/python3.10/site-packages:/opt/ros/humble/local/lib/python3.10/dist-packages /usr/bin/cmake --build /home/asv/asv_autonomy/uwb_imu_localization/build/vectornav -- -j8 -l8
[3.662s] [  6%] [32mBuilding CXX object vnproglib-1.2.0.0/cpp/CMakeFiles/vncxx.dir/src/criticalsection.cpp.o[0m
[3.662s] [  9%] [32mBuilding CXX object vnproglib-1.2.0.0/cpp/CMakeFiles/vncxx.dir/src/compositedata.cpp.o[0m
[3.662s] [  9%] [32mBuilding CXX object vnproglib-1.2.0.0/cpp/CMakeFiles/vncxx.dir/src/attitude.cpp.o[0m
[3.664s] [ 15%] [32mBuilding CXX object CMakeFiles/vn_sensor_msgs_lib.dir/src/vn_sensor_msgs.cc.o[0m
[3.665s] [ 15%] [32mBuilding CXX object vnproglib-1.2.0.0/cpp/CMakeFiles/vncxx.dir/src/dllvalidator.cpp.o[0m
[3.667s] [ 18%] [32mBuilding CXX object vnproglib-1.2.0.0/cpp/CMakeFiles/vncxx.dir/src/conversions.cpp.o[0m
[3.680s] [ 21%] [32mBuilding CXX object vnproglib-1.2.0.0/cpp/CMakeFiles/vncxx.dir/src/event.cpp.o[0m
[3.682s] [ 25%] [32mBuilding CXX object vnproglib-1.2.0.0/cpp/CMakeFiles/vncxx.dir/src/error_detection.cpp.o[0m
[3.731s] [ 28%] [32mBuilding CXX object vnproglib-1.2.0.0/cpp/CMakeFiles/vncxx.dir/src/ezasyncdata.cpp.o[0m
[4.069s] [ 31%] [32mBuilding CXX object vnproglib-1.2.0.0/cpp/CMakeFiles/vncxx.dir/src/memoryport.cpp.o[0m
[4.282s] [ 34%] [32mBuilding CXX object vnproglib-1.2.0.0/cpp/CMakeFiles/vncxx.dir/src/packet.cpp.o[0m
[4.310s] [ 37%] [32mBuilding CXX object vnproglib-1.2.0.0/cpp/CMakeFiles/vncxx.dir/src/packetfinder.cpp.o[0m
[4.372s] [ 40%] [32mBuilding CXX object vnproglib-1.2.0.0/cpp/CMakeFiles/vncxx.dir/src/port.cpp.o[0m
[4.467s] [ 43%] [32mBuilding CXX object vnproglib-1.2.0.0/cpp/CMakeFiles/vncxx.dir/src/position.cpp.o[0m
[4.527s] [ 46%] [32mBuilding CXX object vnproglib-1.2.0.0/cpp/CMakeFiles/vncxx.dir/src/rtcmlistener.cpp.o[0m
[4.573s] [ 50%] [32mBuilding CXX object vnproglib-1.2.0.0/cpp/CMakeFiles/vncxx.dir/src/rtcmmessage.cpp.o[0m
[4.616s] [ 53%] [32mBuilding CXX object vnproglib-1.2.0.0/cpp/CMakeFiles/vncxx.dir/src/searcher.cpp.o[0m
[5.021s] [ 56%] [32mBuilding CXX object vnproglib-1.2.0.0/cpp/CMakeFiles/vncxx.dir/src/sensors.cpp.o[0m
[5.066s] [ 59%] [32mBuilding CXX object vnproglib-1.2.0.0/cpp/CMakeFiles/vncxx.dir/src/serialport.cpp.o[0m
[5.167s] [ 62%] [32mBuilding CXX object vnproglib-1.2.0.0/cpp/CMakeFiles/vncxx.dir/src/thread.cpp.o[0m
[5.282s] [ 65%] [32mBuilding CXX object vnproglib-1.2.0.0/cpp/CMakeFiles/vncxx.dir/src/types.cpp.o[0m
[5.325s] [ 68%] [32mBuilding CXX object vnproglib-1.2.0.0/cpp/CMakeFiles/vncxx.dir/src/util.cpp.o[0m
[5.366s] [ 71%] [32mBuilding CXX object vnproglib-1.2.0.0/cpp/CMakeFiles/vncxx.dir/src/utilities.cpp.o[0m
[5.689s] [ 75%] [32mBuilding CXX object vnproglib-1.2.0.0/cpp/CMakeFiles/vncxx.dir/src/vntime.cpp.o[0m
[6.707s] [ 78%] [32m[1mLinking CXX shared library libvncxx.so[0m
[6.928s] [ 78%] Built target vncxx
[6.975s] [ 81%] [32mBuilding CXX object CMakeFiles/vectornav_lib.dir/src/vectornav.cc.o[0m
[32.956s] [ 84%] [32m[1mLinking CXX shared library libvectornav_lib.so[0m
[34.354s] [ 84%] Built target vectornav_lib
[34.400s] [ 87%] [32mBuilding CXX object CMakeFiles/vectornav.dir/src/vectornav_node.cc.o[0m
[41.686s] [ 90%] [32m[1mLinking CXX executable vectornav[0m
[42.379s] [ 90%] Built target vectornav
[57.239s] [ 93%] [32m[1mLinking CXX shared library libvn_sensor_msgs_lib.so[0m
[60.753s] [ 93%] Built target vn_sensor_msgs_lib
[60.810s] [ 96%] [32mBuilding CXX object CMakeFiles/vn_sensor_msgs.dir/src/vn_sensor_msgs_node.cc.o[0m
[67.961s] [100%] [32m[1mLinking CXX executable vn_sensor_msgs[0m
[69.472s] [100%] Built target vn_sensor_msgs
[69.500s] Invoked command in '/home/asv/asv_autonomy/uwb_imu_localization/build/vectornav' returned '0': CMAKE_PREFIX_PATH=/home/asv/asv_autonomy/uwb_imu_localization/install/vectornav_msgs:/home/asv/asv_autonomy/uwb_imu_localization/install/vectornav:/home/asv/asv_autonomy/uwb_imu_localization/install/citrack_ros_msgs:/home/asv/asv_autonomy/uwb_imu_localization/install/ekf_fusion:/home/asv/asv_autonomy/uwb_imu_localization/install/uwb_tracking_ros2:/opt/ros/humble CONDA_PROMPT_MODIFIER=(asv_localization) LD_LIBRARY_PATH=/home/asv/asv_autonomy/uwb_imu_localization/install/vectornav_msgs/lib:/home/asv/asv_autonomy/uwb_imu_localization/install/vectornav/lib:/home/asv/asv_autonomy/uwb_imu_localization/install/citrack_ros_msgs/lib:/usr/local/lib:/opt/ros/humble/opt/rviz_ogre_vendor/lib:/opt/ros/humble/lib/aarch64-linux-gnu:/opt/ros/humble/lib:/usr/local/cuda-12/lib64 PYTHONPATH=/home/asv/asv_autonomy/uwb_imu_localization/install/vectornav_msgs/lib/python3.10/site-packages:/home/asv/asv_autonomy/uwb_imu_localization/build/ekf_fusion:/home/asv/asv_autonomy/uwb_imu_localization/install/ekf_fusion/lib/python3.10/site-packages:/home/asv/asv_autonomy/uwb_imu_localization/build/uwb_tracking_ros2:/home/asv/asv_autonomy/uwb_imu_localization/install/uwb_tracking_ros2/lib/python3.10/site-packages:/home/asv/asv_autonomy/uwb_imu_localization/install/citrack_ros_msgs/lib/python3.10/site-packages:/opt/ros/humble/lib/python3.10/site-packages:/opt/ros/humble/local/lib/python3.10/dist-packages /usr/bin/cmake --build /home/asv/asv_autonomy/uwb_imu_localization/build/vectornav -- -j8 -l8
[69.508s] Invoking command in '/home/asv/asv_autonomy/uwb_imu_localization/build/vectornav': CMAKE_PREFIX_PATH=/home/asv/asv_autonomy/uwb_imu_localization/install/vectornav_msgs:/home/asv/asv_autonomy/uwb_imu_localization/install/vectornav:/home/asv/asv_autonomy/uwb_imu_localization/install/citrack_ros_msgs:/home/asv/asv_autonomy/uwb_imu_localization/install/ekf_fusion:/home/asv/asv_autonomy/uwb_imu_localization/install/uwb_tracking_ros2:/opt/ros/humble CONDA_PROMPT_MODIFIER=(asv_localization) LD_LIBRARY_PATH=/home/asv/asv_autonomy/uwb_imu_localization/install/vectornav_msgs/lib:/home/asv/asv_autonomy/uwb_imu_localization/install/vectornav/lib:/home/asv/asv_autonomy/uwb_imu_localization/install/citrack_ros_msgs/lib:/usr/local/lib:/opt/ros/humble/opt/rviz_ogre_vendor/lib:/opt/ros/humble/lib/aarch64-linux-gnu:/opt/ros/humble/lib:/usr/local/cuda-12/lib64 PYTHONPATH=/home/asv/asv_autonomy/uwb_imu_localization/install/vectornav_msgs/lib/python3.10/site-packages:/home/asv/asv_autonomy/uwb_imu_localization/build/ekf_fusion:/home/asv/asv_autonomy/uwb_imu_localization/install/ekf_fusion/lib/python3.10/site-packages:/home/asv/asv_autonomy/uwb_imu_localization/build/uwb_tracking_ros2:/home/asv/asv_autonomy/uwb_imu_localization/install/uwb_tracking_ros2/lib/python3.10/site-packages:/home/asv/asv_autonomy/uwb_imu_localization/install/citrack_ros_msgs/lib/python3.10/site-packages:/opt/ros/humble/lib/python3.10/site-packages:/opt/ros/humble/local/lib/python3.10/dist-packages /usr/bin/cmake --install /home/asv/asv_autonomy/uwb_imu_localization/build/vectornav
[69.523s] -- Install configuration: ""
[69.524s] -- Execute custom install script
[69.525s] -- Symlinking: /home/asv/asv_autonomy/uwb_imu_localization/install/vectornav/lib/libvncxx.so
[69.553s] -- Symlinking: /home/asv/asv_autonomy/uwb_imu_localization/install/vectornav/include/vn/attitude.h
[69.574s] -- Symlinking: /home/asv/asv_autonomy/uwb_imu_localization/install/vectornav/include/vn/boostpython.h
[69.593s] -- Symlinking: /home/asv/asv_autonomy/uwb_imu_localization/install/vectornav/include/vn/compiler.h
[69.613s] -- Symlinking: /home/asv/asv_autonomy/uwb_imu_localization/install/vectornav/include/vn/compositedata.h
[69.635s] -- Symlinking: /home/asv/asv_autonomy/uwb_imu_localization/install/vectornav/include/vn/consts.h
[69.653s] -- Symlinking: /home/asv/asv_autonomy/uwb_imu_localization/install/vectornav/include/vn/conversions.h
[69.671s] -- Symlinking: /home/asv/asv_autonomy/uwb_imu_localization/install/vectornav/include/vn/criticalsection.h
[69.688s] -- Symlinking: /home/asv/asv_autonomy/uwb_imu_localization/install/vectornav/include/vn/dllvalidator.h
[69.707s] -- Symlinking: /home/asv/asv_autonomy/uwb_imu_localization/install/vectornav/include/vn/error_detection.h
[69.725s] -- Symlinking: /home/asv/asv_autonomy/uwb_imu_localization/install/vectornav/include/vn/event.h
[69.742s] -- Symlinking: /home/asv/asv_autonomy/uwb_imu_localization/install/vectornav/include/vn/exceptions.h
[69.760s] -- Symlinking: /home/asv/asv_autonomy/uwb_imu_localization/install/vectornav/include/vn/export.h
[69.780s] -- Symlinking: /home/asv/asv_autonomy/uwb_imu_localization/install/vectornav/include/vn/ezasyncdata.h
[69.798s] -- Symlinking: /home/asv/asv_autonomy/uwb_imu_localization/install/vectornav/include/vn/int.h
[69.815s] -- Symlinking: /home/asv/asv_autonomy/uwb_imu_localization/install/vectornav/include/vn/matrix.h
[69.839s] -- Symlinking: /home/asv/asv_autonomy/uwb_imu_localization/install/vectornav/include/vn/memoryport.h
[69.861s] -- Symlinking: /home/asv/asv_autonomy/uwb_imu_localization/install/vectornav/include/vn/mock.h
[69.882s] -- Symlinking: /home/asv/asv_autonomy/uwb_imu_localization/install/vectornav/include/vn/nocopy.h
[69.901s] -- Symlinking: /home/asv/asv_autonomy/uwb_imu_localization/install/vectornav/include/vn/packet.h
[69.922s] -- Symlinking: /home/asv/asv_autonomy/uwb_imu_localization/install/vectornav/include/vn/packetfinder.h
[69.944s] -- Symlinking: /home/asv/asv_autonomy/uwb_imu_localization/install/vectornav/include/vn/port.h
[69.965s] -- Symlinking: /home/asv/asv_autonomy/uwb_imu_localization/install/vectornav/include/vn/position.h
[69.986s] -- Symlinking: /home/asv/asv_autonomy/uwb_imu_localization/install/vectornav/include/vn/registers.h
[70.003s] -- Symlinking: /home/asv/asv_autonomy/uwb_imu_localization/install/vectornav/include/vn/rtcmlistener.h
[70.020s] -- Symlinking: /home/asv/asv_autonomy/uwb_imu_localization/install/vectornav/include/vn/rtcmmessage.h
[70.040s] -- Symlinking: /home/asv/asv_autonomy/uwb_imu_localization/install/vectornav/include/vn/searcher.h
[70.056s] -- Symlinking: /home/asv/asv_autonomy/uwb_imu_localization/install/vectornav/include/vn/sensors.h
[70.079s] -- Symlinking: /home/asv/asv_autonomy/uwb_imu_localization/install/vectornav/include/vn/serialport.h
[70.099s] -- Symlinking: /home/asv/asv_autonomy/uwb_imu_localization/install/vectornav/include/vn/signal.h
[70.120s] -- Symlinking: /home/asv/asv_autonomy/uwb_imu_localization/install/vectornav/include/vn/thread.h
[70.138s] -- Symlinking: /home/asv/asv_autonomy/uwb_imu_localization/install/vectornav/include/vn/types.h
[70.157s] -- Symlinking: /home/asv/asv_autonomy/uwb_imu_localization/install/vectornav/include/vn/util.h
[70.177s] -- Symlinking: /home/asv/asv_autonomy/uwb_imu_localization/install/vectornav/include/vn/utilities.h
[70.195s] -- Symlinking: /home/asv/asv_autonomy/uwb_imu_localization/install/vectornav/include/vn/vector.h
[70.216s] -- Symlinking: /home/asv/asv_autonomy/uwb_imu_localization/install/vectornav/include/vn/vntime.h
[70.237s] -- Symlinking: /home/asv/asv_autonomy/uwb_imu_localization/install/vectornav/lib/libvectornav_lib.so
[70.260s] -- Symlinking: /home/asv/asv_autonomy/uwb_imu_localization/install/vectornav/lib/libvn_sensor_msgs_lib.so
[70.285s] -- Symlinking: /home/asv/asv_autonomy/uwb_imu_localization/install/vectornav/lib/vectornav/vectornav
[70.305s] -- Symlinking: /home/asv/asv_autonomy/uwb_imu_localization/install/vectornav/lib/vectornav/vn_sensor_msgs
[70.327s] -- Symlinking: /home/asv/asv_autonomy/uwb_imu_localization/install/vectornav/share/vectornav//config/vectornav.yaml
[70.352s] -- Symlinking: /home/asv/asv_autonomy/uwb_imu_localization/install/vectornav/share/vectornav//config/vectornav_composable.yaml
[70.372s] -- Symlinking: /home/asv/asv_autonomy/uwb_imu_localization/install/vectornav/share/vectornav//config/vn_100_800hz.yaml
[70.392s] -- Symlinking: /home/asv/asv_autonomy/uwb_imu_localization/install/vectornav/share/vectornav//config/vn_sensor_msgs_composable.yaml
[70.415s] -- Symlinking: /home/asv/asv_autonomy/uwb_imu_localization/install/vectornav/share/vectornav//launch/vectornav.launch.py
[70.437s] -- Symlinking: /home/asv/asv_autonomy/uwb_imu_localization/install/vectornav/share/vectornav//launch/vectornav_composable.launch.py
[70.456s] -- Symlinking: /home/asv/asv_autonomy/uwb_imu_localization/install/vectornav/share/ament_index/resource_index/package_run_dependencies/vectornav
[70.478s] -- Symlinking: /home/asv/asv_autonomy/uwb_imu_localization/install/vectornav/share/ament_index/resource_index/parent_prefix_path/vectornav
[70.498s] -- Symlinking: /home/asv/asv_autonomy/uwb_imu_localization/install/vectornav/share/vectornav/environment/ament_prefix_path.sh
[70.518s] -- Symlinking: /home/asv/asv_autonomy/uwb_imu_localization/install/vectornav/share/vectornav/environment/ament_prefix_path.dsv
[70.539s] -- Symlinking: /home/asv/asv_autonomy/uwb_imu_localization/install/vectornav/share/vectornav/environment/path.sh
[70.560s] -- Symlinking: /home/asv/asv_autonomy/uwb_imu_localization/install/vectornav/share/vectornav/environment/path.dsv
[70.577s] -- Symlinking: /home/asv/asv_autonomy/uwb_imu_localization/install/vectornav/share/vectornav/local_setup.bash
[70.594s] -- Symlinking: /home/asv/asv_autonomy/uwb_imu_localization/install/vectornav/share/vectornav/local_setup.sh
[70.615s] -- Symlinking: /home/asv/asv_autonomy/uwb_imu_localization/install/vectornav/share/vectornav/local_setup.zsh
[70.635s] -- Symlinking: /home/asv/asv_autonomy/uwb_imu_localization/install/vectornav/share/vectornav/local_setup.dsv
[70.654s] -- Symlinking: /home/asv/asv_autonomy/uwb_imu_localization/install/vectornav/share/vectornav/package.dsv
[70.672s] -- Symlinking: /home/asv/asv_autonomy/uwb_imu_localization/install/vectornav/share/ament_index/resource_index/packages/vectornav
[70.691s] -- Symlinking: /home/asv/asv_autonomy/uwb_imu_localization/install/vectornav/share/ament_index/resource_index/rclcpp_components/vectornav
[70.711s] -- Symlinking: /home/asv/asv_autonomy/uwb_imu_localization/install/vectornav/share/vectornav/cmake/ament_cmake_export_dependencies-extras.cmake
[70.735s] -- Symlinking: /home/asv/asv_autonomy/uwb_imu_localization/install/vectornav/share/vectornav/cmake/vectornavConfig.cmake
[70.753s] -- Symlinking: /home/asv/asv_autonomy/uwb_imu_localization/install/vectornav/share/vectornav/cmake/vectornavConfig-version.cmake
[70.773s] -- Symlinking: /home/asv/asv_autonomy/uwb_imu_localization/install/vectornav/share/vectornav/package.xml
[70.803s] Invoked command in '/home/asv/asv_autonomy/uwb_imu_localization/build/vectornav' returned '0': CMAKE_PREFIX_PATH=/home/asv/asv_autonomy/uwb_imu_localization/install/vectornav_msgs:/home/asv/asv_autonomy/uwb_imu_localization/install/vectornav:/home/asv/asv_autonomy/uwb_imu_localization/install/citrack_ros_msgs:/home/asv/asv_autonomy/uwb_imu_localization/install/ekf_fusion:/home/asv/asv_autonomy/uwb_imu_localization/install/uwb_tracking_ros2:/opt/ros/humble CONDA_PROMPT_MODIFIER=(asv_localization) LD_LIBRARY_PATH=/home/asv/asv_autonomy/uwb_imu_localization/install/vectornav_msgs/lib:/home/asv/asv_autonomy/uwb_imu_localization/install/vectornav/lib:/home/asv/asv_autonomy/uwb_imu_localization/install/citrack_ros_msgs/lib:/usr/local/lib:/opt/ros/humble/opt/rviz_ogre_vendor/lib:/opt/ros/humble/lib/aarch64-linux-gnu:/opt/ros/humble/lib:/usr/local/cuda-12/lib64 PYTHONPATH=/home/asv/asv_autonomy/uwb_imu_localization/install/vectornav_msgs/lib/python3.10/site-packages:/home/asv/asv_autonomy/uwb_imu_localization/build/ekf_fusion:/home/asv/asv_autonomy/uwb_imu_localization/install/ekf_fusion/lib/python3.10/site-packages:/home/asv/asv_autonomy/uwb_imu_localization/build/uwb_tracking_ros2:/home/asv/asv_autonomy/uwb_imu_localization/install/uwb_tracking_ros2/lib/python3.10/site-packages:/home/asv/asv_autonomy/uwb_imu_localization/install/citrack_ros_msgs/lib/python3.10/site-packages:/opt/ros/humble/lib/python3.10/site-packages:/opt/ros/humble/local/lib/python3.10/dist-packages /usr/bin/cmake --install /home/asv/asv_autonomy/uwb_imu_localization/build/vectornav
