[0.050s] Invoking command in '/home/asv/asv_autonomy/uwb_imu_localization/build/vectornav_msgs': CMAKE_PREFIX_PATH=${CMAKE_PREFIX_PATH}:/home/asv/asv_autonomy/uwb_imu_localization/install/ekf_fusion:/home/asv/asv_autonomy/uwb_imu_localization/install/uwb_tracking_ros2:/opt/ros/humble CONDA_PROMPT_MODIFIER=(asv_localization) /usr/bin/cmake /home/asv/asv_autonomy/uwb_imu_localization/src/vectornav/vectornav_msgs -DAMENT_CMAKE_SYMLINK_INSTALL=1 -DCMAKE_INSTALL_PREFIX=/home/asv/asv_autonomy/uwb_imu_localization/install/vectornav_msgs
[0.572s] -- The C compiler identification is GNU 11.4.0
[0.574s] -- The CXX compiler identification is GNU 11.4.0
[0.575s] -- Detecting C compiler ABI info
[0.576s] -- Detecting C compiler ABI info - done
[0.577s] -- Check for working C compiler: /usr/bin/cc - skipped
[0.578s] -- Detecting C compile features
[0.578s] -- Detecting C compile features - done
[0.578s] -- Detecting CXX compiler ABI info
[0.649s] -- Detecting CXX compiler ABI info - done
[0.661s] -- Check for working CXX compiler: /usr/bin/c++ - skipped
[0.661s] -- Detecting CXX compile features
[0.662s] -- Detecting CXX compile features - done
[0.666s] -- Found ament_cmake: 1.3.11 (/opt/ros/humble/share/ament_cmake/cmake)
[1.579s] -- Found Python3: /home/asv/miniconda3/envs/asv_localization/bin/python3 (found version "3.10.16") found components: Interpreter 
[1.763s] -- Override CMake install command with custom implementation using symlinks instead of copying resources
[1.810s] -- Found geometry_msgs: 4.2.4 (/opt/ros/humble/share/geometry_msgs/cmake)
[1.871s] -- Found rosidl_generator_c: 3.1.6 (/opt/ros/humble/share/rosidl_generator_c/cmake)
[1.880s] -- Found rosidl_adapter: 3.1.6 (/opt/ros/humble/share/rosidl_adapter/cmake)
[1.894s] -- Found rosidl_generator_cpp: 3.1.6 (/opt/ros/humble/share/rosidl_generator_cpp/cmake)
[1.915s] -- Using all available rosidl_typesupport_c: rosidl_typesupport_fastrtps_c;rosidl_typesupport_introspection_c
[1.942s] -- Using all available rosidl_typesupport_cpp: rosidl_typesupport_fastrtps_cpp;rosidl_typesupport_introspection_cpp
[2.008s] -- Found rosidl_default_generators: 1.2.0 (/opt/ros/humble/share/rosidl_default_generators/cmake)
[2.022s] [0mGrabbing messages action/MagCal.action[0m
[2.992s] -- Found ament_cmake_ros: 0.10.0 (/opt/ros/humble/share/ament_cmake_ros/cmake)
[3.933s] -- Using all available rosidl_typesupport_c: rosidl_typesupport_fastrtps_c;rosidl_typesupport_introspection_c
[4.303s] -- Using all available rosidl_typesupport_cpp: rosidl_typesupport_fastrtps_cpp;rosidl_typesupport_introspection_cpp
[4.351s] -- Found PythonInterp: /home/asv/miniconda3/envs/asv_localization/bin/python3 (found suitable version "3.10.16", minimum required is "3.6") 
[4.355s] -- Found python_cmake_module: 0.10.0 (/opt/ros/humble/share/python_cmake_module/cmake)
[4.398s] -- Found PythonLibs: /home/asv/miniconda3/envs/asv_localization/lib/libpython3.10.so (found suitable version "3.10.16", minimum required is "3.5") 
[4.399s] -- Using PYTHON_EXECUTABLE: /home/asv/miniconda3/envs/asv_localization/bin/python3
[4.399s] -- Using PYTHON_INCLUDE_DIRS: /home/asv/miniconda3/envs/asv_localization/include/python3.10
[4.399s] -- Using PYTHON_LIBRARIES: /home/asv/miniconda3/envs/asv_localization/lib/libpython3.10.so
[4.436s] -- Found PythonExtra: .so  
[4.809s] -- Using numpy include directory: /home/asv/miniconda3/envs/asv_localization/lib/python3.10/site-packages/numpy/_core/include
[4.857s] -- Configuring done
[4.935s] [33mCMake Warning at /opt/ros/humble/share/rosidl_generator_py/cmake/rosidl_generator_py_generate_interfaces.cmake:166 (add_library):
[4.936s]   Cannot generate a safe runtime search path for target
[4.936s]   vectornav_msgs__rosidl_generator_py because files in some directories may
[4.936s]   conflict with libraries in implicit directories:
[4.937s] 
[4.937s]     runtime library [libpython3.10.so.1.0] in /usr/lib/aarch64-linux-gnu may be hidden by files in:
[4.937s]       /home/asv/miniconda3/envs/asv_localization/lib
[4.937s] 
[4.937s]   Some of these libraries may not be found correctly.
[4.938s] Call Stack (most recent call first):
[4.938s]   /opt/ros/humble/share/ament_cmake_core/cmake/core/ament_execute_extensions.cmake:48 (include)
[4.938s]   /opt/ros/humble/share/rosidl_cmake/cmake/rosidl_generate_interfaces.cmake:286 (ament_execute_extensions)
[4.938s]   CMakeLists.txt:30 (rosidl_generate_interfaces)
[4.939s] 
[4.939s] [0m
[4.942s] [33mCMake Warning at /opt/ros/humble/share/rosidl_generator_py/cmake/rosidl_generator_py_generate_interfaces.cmake:226 (add_library):
[4.943s]   Cannot generate a safe runtime search path for target
[4.943s]   vectornav_msgs__rosidl_typesupport_fastrtps_c__pyext because files in some
[4.943s]   directories may conflict with libraries in implicit directories:
[4.943s] 
[4.943s]     runtime library [libpython3.10.so.1.0] in /usr/lib/aarch64-linux-gnu may be hidden by files in:
[4.944s]       /home/asv/miniconda3/envs/asv_localization/lib
[4.944s] 
[4.944s]   Some of these libraries may not be found correctly.
[4.944s] Call Stack (most recent call first):
[4.945s]   /opt/ros/humble/share/ament_cmake_core/cmake/core/ament_execute_extensions.cmake:48 (include)
[4.945s]   /opt/ros/humble/share/rosidl_cmake/cmake/rosidl_generate_interfaces.cmake:286 (ament_execute_extensions)
[4.945s]   CMakeLists.txt:30 (rosidl_generate_interfaces)
[4.945s] 
[4.946s] [0m
[4.948s] [33mCMake Warning at /opt/ros/humble/share/rosidl_generator_py/cmake/rosidl_generator_py_generate_interfaces.cmake:226 (add_library):
[4.948s]   Cannot generate a safe runtime search path for target
[4.949s]   vectornav_msgs__rosidl_typesupport_introspection_c__pyext because files in
[4.949s]   some directories may conflict with libraries in implicit directories:
[4.949s] 
[4.949s]     runtime library [libpython3.10.so.1.0] in /usr/lib/aarch64-linux-gnu may be hidden by files in:
[4.950s]       /home/asv/miniconda3/envs/asv_localization/lib
[4.950s] 
[4.950s]   Some of these libraries may not be found correctly.
[4.950s] Call Stack (most recent call first):
[4.950s]   /opt/ros/humble/share/ament_cmake_core/cmake/core/ament_execute_extensions.cmake:48 (include)
[4.951s]   /opt/ros/humble/share/rosidl_cmake/cmake/rosidl_generate_interfaces.cmake:286 (ament_execute_extensions)
[4.951s]   CMakeLists.txt:30 (rosidl_generate_interfaces)
[4.951s] 
[4.951s] [0m
[4.954s] [33mCMake Warning at /opt/ros/humble/share/rosidl_generator_py/cmake/rosidl_generator_py_generate_interfaces.cmake:226 (add_library):
[4.954s]   Cannot generate a safe runtime search path for target
[4.955s]   vectornav_msgs__rosidl_typesupport_c__pyext because files in some
[4.955s]   directories may conflict with libraries in implicit directories:
[4.955s] 
[4.955s]     runtime library [libpython3.10.so.1.0] in /usr/lib/aarch64-linux-gnu may be hidden by files in:
[4.955s]       /home/asv/miniconda3/envs/asv_localization/lib
[4.956s] 
[4.956s]   Some of these libraries may not be found correctly.
[4.956s] Call Stack (most recent call first):
[4.956s]   /opt/ros/humble/share/ament_cmake_core/cmake/core/ament_execute_extensions.cmake:48 (include)
[4.956s]   /opt/ros/humble/share/rosidl_cmake/cmake/rosidl_generate_interfaces.cmake:286 (ament_execute_extensions)
[4.956s]   CMakeLists.txt:30 (rosidl_generate_interfaces)
[4.957s] 
[4.957s] [0m
[4.967s] -- Generating done
[4.992s] -- Build files have been written to: /home/asv/asv_autonomy/uwb_imu_localization/build/vectornav_msgs
[5.022s] Invoked command in '/home/asv/asv_autonomy/uwb_imu_localization/build/vectornav_msgs' returned '0': CMAKE_PREFIX_PATH=${CMAKE_PREFIX_PATH}:/home/asv/asv_autonomy/uwb_imu_localization/install/ekf_fusion:/home/asv/asv_autonomy/uwb_imu_localization/install/uwb_tracking_ros2:/opt/ros/humble CONDA_PROMPT_MODIFIER=(asv_localization) /usr/bin/cmake /home/asv/asv_autonomy/uwb_imu_localization/src/vectornav/vectornav_msgs -DAMENT_CMAKE_SYMLINK_INSTALL=1 -DCMAKE_INSTALL_PREFIX=/home/asv/asv_autonomy/uwb_imu_localization/install/vectornav_msgs
[5.029s] Invoking command in '/home/asv/asv_autonomy/uwb_imu_localization/build/vectornav_msgs': CMAKE_PREFIX_PATH=${CMAKE_PREFIX_PATH}:/home/asv/asv_autonomy/uwb_imu_localization/install/ekf_fusion:/home/asv/asv_autonomy/uwb_imu_localization/install/uwb_tracking_ros2:/opt/ros/humble CONDA_PROMPT_MODIFIER=(asv_localization) /usr/bin/cmake --build /home/asv/asv_autonomy/uwb_imu_localization/build/vectornav_msgs -- -j8 -l8
[5.120s] [  1%] [34m[1mGenerating C code for ROS interfaces[0m
[5.143s] [  1%] [34m[1mGenerating C++ code for ROS interfaces[0m
[5.159s] [  1%] Built target ament_cmake_python_symlink_vectornav_msgs
[5.635s] running egg_info
[5.660s] creating vectornav_msgs.egg-info
[5.661s] writing vectornav_msgs.egg-info/PKG-INFO
[5.662s] writing dependency_links to vectornav_msgs.egg-info/dependency_links.txt
[5.662s] writing top-level names to vectornav_msgs.egg-info/top_level.txt
[5.663s] writing manifest file 'vectornav_msgs.egg-info/SOURCES.txt'
[5.733s] reading manifest file 'vectornav_msgs.egg-info/SOURCES.txt'
[5.735s] writing manifest file 'vectornav_msgs.egg-info/SOURCES.txt'
[5.829s] [  1%] Built target ament_cmake_python_build_vectornav_msgs_egg
[9.974s] [  2%] [32mBuilding C object CMakeFiles/vectornav_msgs__rosidl_generator_c.dir/rosidl_generator_c/vectornav_msgs/msg/detail/attitude_group__functions.c.o[0m
[10.000s] [  3%] [32mBuilding C object CMakeFiles/vectornav_msgs__rosidl_generator_c.dir/rosidl_generator_c/vectornav_msgs/msg/detail/common_group__functions.c.o[0m
[10.010s] [  4%] [32mBuilding C object CMakeFiles/vectornav_msgs__rosidl_generator_c.dir/rosidl_generator_c/vectornav_msgs/msg/detail/dop__functions.c.o[0m
[10.032s] [  4%] [32mBuilding C object CMakeFiles/vectornav_msgs__rosidl_generator_c.dir/rosidl_generator_c/vectornav_msgs/msg/detail/gps_group__functions.c.o[0m
[10.062s] [  5%] [32mBuilding C object CMakeFiles/vectornav_msgs__rosidl_generator_c.dir/rosidl_generator_c/vectornav_msgs/msg/detail/imu_group__functions.c.o[0m
[10.118s] [  6%] [32mBuilding C object CMakeFiles/vectornav_msgs__rosidl_generator_c.dir/rosidl_generator_c/vectornav_msgs/msg/detail/ins_group__functions.c.o[0m
[10.265s] [  7%] [32mBuilding C object CMakeFiles/vectornav_msgs__rosidl_generator_c.dir/rosidl_generator_c/vectornav_msgs/msg/detail/ins_status__functions.c.o[0m
[10.325s] [  8%] [32mBuilding C object CMakeFiles/vectornav_msgs__rosidl_generator_c.dir/rosidl_generator_c/vectornav_msgs/msg/detail/time_group__functions.c.o[0m
[10.381s] [  9%] [32mBuilding C object CMakeFiles/vectornav_msgs__rosidl_generator_c.dir/rosidl_generator_c/vectornav_msgs/msg/detail/time_status__functions.c.o[0m
[10.407s] [  9%] [32mBuilding C object CMakeFiles/vectornav_msgs__rosidl_generator_c.dir/rosidl_generator_c/vectornav_msgs/msg/detail/time_utc__functions.c.o[0m
[10.409s] [ 10%] [32mBuilding C object CMakeFiles/vectornav_msgs__rosidl_generator_c.dir/rosidl_generator_c/vectornav_msgs/msg/detail/vpe_status__functions.c.o[0m
[10.453s] [ 11%] [32mBuilding C object CMakeFiles/vectornav_msgs__rosidl_generator_c.dir/rosidl_generator_c/vectornav_msgs/action/detail/mag_cal__functions.c.o[0m
[10.486s] [ 11%] Built target vectornav_msgs__cpp
[10.560s] [ 12%] [34m[1mGenerating C++ type support dispatch for ROS interfaces[0m
[10.624s] [ 12%] [34m[1mGenerating C++ type support for eProsima Fast-RTPS[0m
[10.654s] [ 13%] [34m[1mGenerating C++ introspection for ROS interfaces[0m
[11.211s] [ 14%] [32m[1mLinking C shared library libvectornav_msgs__rosidl_generator_c.so[0m
[11.546s] [ 14%] Built target vectornav_msgs__rosidl_generator_c
[11.628s] [ 15%] [34m[1mGenerating C type support for eProsima Fast-RTPS[0m
[11.632s] [ 16%] [34m[1mGenerating C introspection for ROS interfaces[0m
[11.684s] [ 17%] [34m[1mGenerating C type support dispatch for ROS interfaces[0m
[17.144s] [ 18%] [32mBuilding CXX object CMakeFiles/vectornav_msgs__rosidl_typesupport_c.dir/rosidl_typesupport_c/vectornav_msgs/msg/attitude_group__type_support.cpp.o[0m
[17.176s] [ 18%] [32mBuilding CXX object CMakeFiles/vectornav_msgs__rosidl_typesupport_c.dir/rosidl_typesupport_c/vectornav_msgs/msg/common_group__type_support.cpp.o[0m
[17.177s] [ 19%] [32mBuilding CXX object CMakeFiles/vectornav_msgs__rosidl_typesupport_c.dir/rosidl_typesupport_c/vectornav_msgs/msg/dop__type_support.cpp.o[0m
[17.350s] [ 20%] [32mBuilding CXX object CMakeFiles/vectornav_msgs__rosidl_typesupport_c.dir/rosidl_typesupport_c/vectornav_msgs/msg/gps_group__type_support.cpp.o[0m
[17.412s] [ 21%] [32mBuilding CXX object CMakeFiles/vectornav_msgs__rosidl_typesupport_c.dir/rosidl_typesupport_c/vectornav_msgs/msg/imu_group__type_support.cpp.o[0m
[17.527s] [ 22%] [32mBuilding CXX object CMakeFiles/vectornav_msgs__rosidl_typesupport_c.dir/rosidl_typesupport_c/vectornav_msgs/msg/ins_group__type_support.cpp.o[0m
[17.648s] [ 22%] [32mBuilding CXX object CMakeFiles/vectornav_msgs__rosidl_typesupport_c.dir/rosidl_typesupport_c/vectornav_msgs/msg/time_group__type_support.cpp.o[0m
[17.650s] [ 23%] [32mBuilding CXX object CMakeFiles/vectornav_msgs__rosidl_typesupport_c.dir/rosidl_typesupport_c/vectornav_msgs/msg/ins_status__type_support.cpp.o[0m
[17.736s] [ 24%] [32mBuilding CXX object CMakeFiles/vectornav_msgs__rosidl_typesupport_c.dir/rosidl_typesupport_c/vectornav_msgs/msg/time_status__type_support.cpp.o[0m
[17.859s] [ 25%] [32mBuilding CXX object CMakeFiles/vectornav_msgs__rosidl_typesupport_c.dir/rosidl_typesupport_c/vectornav_msgs/msg/time_utc__type_support.cpp.o[0m
[17.968s] [ 26%] [32mBuilding CXX object CMakeFiles/vectornav_msgs__rosidl_typesupport_c.dir/rosidl_typesupport_c/vectornav_msgs/msg/vpe_status__type_support.cpp.o[0m
[18.037s] [ 27%] [32mBuilding CXX object CMakeFiles/vectornav_msgs__rosidl_typesupport_c.dir/rosidl_typesupport_c/vectornav_msgs/action/mag_cal__type_support.cpp.o[0m
[18.180s] [ 28%] [32mBuilding CXX object CMakeFiles/vectornav_msgs__rosidl_typesupport_cpp.dir/rosidl_typesupport_cpp/vectornav_msgs/msg/attitude_group__type_support.cpp.o[0m
[18.185s] [ 29%] [32mBuilding CXX object CMakeFiles/vectornav_msgs__rosidl_typesupport_cpp.dir/rosidl_typesupport_cpp/vectornav_msgs/msg/common_group__type_support.cpp.o[0m
[18.320s] [ 30%] [32mBuilding CXX object CMakeFiles/vectornav_msgs__rosidl_typesupport_cpp.dir/rosidl_typesupport_cpp/vectornav_msgs/msg/dop__type_support.cpp.o[0m
[18.379s] [ 31%] [32m[1mLinking CXX shared library libvectornav_msgs__rosidl_typesupport_c.so[0m
[18.771s] [ 31%] Built target vectornav_msgs__rosidl_typesupport_c
[18.871s] [ 32%] [32mBuilding CXX object CMakeFiles/vectornav_msgs__rosidl_typesupport_cpp.dir/rosidl_typesupport_cpp/vectornav_msgs/msg/gps_group__type_support.cpp.o[0m
[19.292s] [ 32%] [32mBuilding CXX object CMakeFiles/vectornav_msgs__rosidl_typesupport_cpp.dir/rosidl_typesupport_cpp/vectornav_msgs/msg/imu_group__type_support.cpp.o[0m
[19.606s] [ 32%] [32mBuilding CXX object CMakeFiles/vectornav_msgs__rosidl_typesupport_introspection_cpp.dir/rosidl_typesupport_introspection_cpp/vectornav_msgs/msg/detail/attitude_group__type_support.cpp.o[0m
[19.907s] [ 33%] [32mBuilding CXX object CMakeFiles/vectornav_msgs__rosidl_typesupport_cpp.dir/rosidl_typesupport_cpp/vectornav_msgs/msg/ins_group__type_support.cpp.o[0m
[20.021s] [ 34%] [32mBuilding CXX object CMakeFiles/vectornav_msgs__rosidl_typesupport_cpp.dir/rosidl_typesupport_cpp/vectornav_msgs/msg/ins_status__type_support.cpp.o[0m
[20.920s] [ 35%] [32mBuilding CXX object CMakeFiles/vectornav_msgs__rosidl_typesupport_cpp.dir/rosidl_typesupport_cpp/vectornav_msgs/msg/time_group__type_support.cpp.o[0m
[21.014s] [ 36%] [32mBuilding CXX object CMakeFiles/vectornav_msgs__rosidl_typesupport_introspection_cpp.dir/rosidl_typesupport_introspection_cpp/vectornav_msgs/msg/detail/common_group__type_support.cpp.o[0m
[21.346s] [ 37%] [32mBuilding C object CMakeFiles/vectornav_msgs__rosidl_typesupport_introspection_c.dir/rosidl_typesupport_introspection_c/vectornav_msgs/msg/detail/attitude_group__type_support.c.o[0m
[21.402s] [ 38%] [32mBuilding C object CMakeFiles/vectornav_msgs__rosidl_typesupport_introspection_c.dir/rosidl_typesupport_introspection_c/vectornav_msgs/msg/detail/common_group__type_support.c.o[0m
[21.604s] [ 39%] [32mBuilding C object CMakeFiles/vectornav_msgs__rosidl_typesupport_introspection_c.dir/rosidl_typesupport_introspection_c/vectornav_msgs/msg/detail/dop__type_support.c.o[0m
[21.625s] [ 40%] [32mBuilding CXX object CMakeFiles/vectornav_msgs__rosidl_typesupport_cpp.dir/rosidl_typesupport_cpp/vectornav_msgs/msg/time_status__type_support.cpp.o[0m
[21.746s] [ 41%] [32mBuilding CXX object CMakeFiles/vectornav_msgs__rosidl_typesupport_cpp.dir/rosidl_typesupport_cpp/vectornav_msgs/msg/time_utc__type_support.cpp.o[0m
[21.845s] [ 41%] [32mBuilding C object CMakeFiles/vectornav_msgs__rosidl_typesupport_introspection_c.dir/rosidl_typesupport_introspection_c/vectornav_msgs/msg/detail/gps_group__type_support.c.o[0m
[21.963s] [ 42%] [32mBuilding CXX object CMakeFiles/vectornav_msgs__rosidl_typesupport_fastrtps_c.dir/rosidl_typesupport_fastrtps_c/vectornav_msgs/msg/detail/attitude_group__type_support_c.cpp.o[0m
[21.984s] [ 42%] [32mBuilding CXX object CMakeFiles/vectornav_msgs__rosidl_typesupport_cpp.dir/rosidl_typesupport_cpp/vectornav_msgs/msg/vpe_status__type_support.cpp.o[0m
[22.201s] [ 43%] [32mBuilding C object CMakeFiles/vectornav_msgs__rosidl_typesupport_introspection_c.dir/rosidl_typesupport_introspection_c/vectornav_msgs/msg/detail/imu_group__type_support.c.o[0m
[22.419s] [ 44%] [32mBuilding C object CMakeFiles/vectornav_msgs__rosidl_typesupport_introspection_c.dir/rosidl_typesupport_introspection_c/vectornav_msgs/msg/detail/ins_group__type_support.c.o[0m
[22.549s] [ 45%] [32mBuilding CXX object CMakeFiles/vectornav_msgs__rosidl_typesupport_fastrtps_c.dir/rosidl_typesupport_fastrtps_c/vectornav_msgs/msg/detail/common_group__type_support_c.cpp.o[0m
[22.633s] [ 46%] [32mBuilding C object CMakeFiles/vectornav_msgs__rosidl_typesupport_introspection_c.dir/rosidl_typesupport_introspection_c/vectornav_msgs/msg/detail/ins_status__type_support.c.o[0m
[22.705s] [ 47%] [32mBuilding CXX object CMakeFiles/vectornav_msgs__rosidl_typesupport_introspection_cpp.dir/rosidl_typesupport_introspection_cpp/vectornav_msgs/msg/detail/dop__type_support.cpp.o[0m
[22.855s] [ 48%] [32mBuilding C object CMakeFiles/vectornav_msgs__rosidl_typesupport_introspection_c.dir/rosidl_typesupport_introspection_c/vectornav_msgs/msg/detail/time_group__type_support.c.o[0m
[22.960s] [ 49%] [32mBuilding CXX object CMakeFiles/vectornav_msgs__rosidl_typesupport_fastrtps_cpp.dir/rosidl_typesupport_fastrtps_cpp/vectornav_msgs/msg/detail/dds_fastrtps/attitude_group__type_support.cpp.o[0m
[23.034s] [ 50%] [32mBuilding CXX object CMakeFiles/vectornav_msgs__rosidl_typesupport_fastrtps_cpp.dir/rosidl_typesupport_fastrtps_cpp/vectornav_msgs/msg/detail/dds_fastrtps/common_group__type_support.cpp.o[0m
[23.065s] [ 51%] [32mBuilding C object CMakeFiles/vectornav_msgs__rosidl_typesupport_introspection_c.dir/rosidl_typesupport_introspection_c/vectornav_msgs/msg/detail/time_status__type_support.c.o[0m
[23.097s] [ 52%] [32mBuilding CXX object CMakeFiles/vectornav_msgs__rosidl_typesupport_fastrtps_cpp.dir/rosidl_typesupport_fastrtps_cpp/vectornav_msgs/msg/detail/dds_fastrtps/dop__type_support.cpp.o[0m
[23.288s] [ 53%] [32mBuilding C object CMakeFiles/vectornav_msgs__rosidl_typesupport_introspection_c.dir/rosidl_typesupport_introspection_c/vectornav_msgs/msg/detail/time_utc__type_support.c.o[0m
[23.472s] [ 53%] [32mBuilding CXX object CMakeFiles/vectornav_msgs__rosidl_typesupport_fastrtps_c.dir/rosidl_typesupport_fastrtps_c/vectornav_msgs/msg/detail/dop__type_support_c.cpp.o[0m
[23.522s] [ 54%] [32mBuilding CXX object CMakeFiles/vectornav_msgs__rosidl_typesupport_cpp.dir/rosidl_typesupport_cpp/vectornav_msgs/action/mag_cal__type_support.cpp.o[0m
[23.551s] [ 54%] [32mBuilding C object CMakeFiles/vectornav_msgs__rosidl_typesupport_introspection_c.dir/rosidl_typesupport_introspection_c/vectornav_msgs/msg/detail/vpe_status__type_support.c.o[0m
[23.720s] [ 55%] [32mBuilding C object CMakeFiles/vectornav_msgs__rosidl_typesupport_introspection_c.dir/rosidl_typesupport_introspection_c/vectornav_msgs/action/detail/mag_cal__type_support.c.o[0m
[23.805s] [ 56%] [32mBuilding CXX object CMakeFiles/vectornav_msgs__rosidl_typesupport_introspection_cpp.dir/rosidl_typesupport_introspection_cpp/vectornav_msgs/msg/detail/gps_group__type_support.cpp.o[0m
[23.868s] [ 57%] [32mBuilding CXX object CMakeFiles/vectornav_msgs__rosidl_typesupport_fastrtps_c.dir/rosidl_typesupport_fastrtps_c/vectornav_msgs/msg/detail/gps_group__type_support_c.cpp.o[0m
[24.018s] [ 58%] [32m[1mLinking C shared library libvectornav_msgs__rosidl_typesupport_introspection_c.so[0m
[24.186s] [ 59%] [32mBuilding CXX object CMakeFiles/vectornav_msgs__rosidl_typesupport_fastrtps_cpp.dir/rosidl_typesupport_fastrtps_cpp/vectornav_msgs/msg/detail/dds_fastrtps/gps_group__type_support.cpp.o[0m
[24.231s] [ 59%] Built target vectornav_msgs__rosidl_typesupport_introspection_c
[24.292s] [ 60%] [32mBuilding CXX object CMakeFiles/vectornav_msgs__rosidl_typesupport_introspection_cpp.dir/rosidl_typesupport_introspection_cpp/vectornav_msgs/msg/detail/imu_group__type_support.cpp.o[0m
[24.352s] [ 61%] [32mBuilding CXX object CMakeFiles/vectornav_msgs__rosidl_typesupport_fastrtps_cpp.dir/rosidl_typesupport_fastrtps_cpp/vectornav_msgs/msg/detail/dds_fastrtps/imu_group__type_support.cpp.o[0m
[24.402s] [ 62%] [32mBuilding CXX object CMakeFiles/vectornav_msgs__rosidl_typesupport_fastrtps_c.dir/rosidl_typesupport_fastrtps_c/vectornav_msgs/msg/detail/imu_group__type_support_c.cpp.o[0m
[24.787s] [ 62%] [32mBuilding CXX object CMakeFiles/vectornav_msgs__rosidl_typesupport_fastrtps_cpp.dir/rosidl_typesupport_fastrtps_cpp/vectornav_msgs/msg/detail/dds_fastrtps/ins_group__type_support.cpp.o[0m
[24.908s] [ 63%] [32mBuilding CXX object CMakeFiles/vectornav_msgs__rosidl_typesupport_introspection_cpp.dir/rosidl_typesupport_introspection_cpp/vectornav_msgs/msg/detail/ins_group__type_support.cpp.o[0m
[24.936s] [ 64%] [32mBuilding CXX object CMakeFiles/vectornav_msgs__rosidl_typesupport_fastrtps_c.dir/rosidl_typesupport_fastrtps_c/vectornav_msgs/msg/detail/ins_group__type_support_c.cpp.o[0m
[25.279s] [ 65%] [32m[1mLinking CXX shared library libvectornav_msgs__rosidl_typesupport_cpp.so[0m
[25.342s] [ 65%] [32mBuilding CXX object CMakeFiles/vectornav_msgs__rosidl_typesupport_introspection_cpp.dir/rosidl_typesupport_introspection_cpp/vectornav_msgs/msg/detail/ins_status__type_support.cpp.o[0m
[25.376s] [ 66%] [32mBuilding CXX object CMakeFiles/vectornav_msgs__rosidl_typesupport_fastrtps_cpp.dir/rosidl_typesupport_fastrtps_cpp/vectornav_msgs/msg/detail/dds_fastrtps/ins_status__type_support.cpp.o[0m
[25.419s] [ 67%] [32mBuilding CXX object CMakeFiles/vectornav_msgs__rosidl_typesupport_fastrtps_c.dir/rosidl_typesupport_fastrtps_c/vectornav_msgs/msg/detail/ins_status__type_support_c.cpp.o[0m
[25.494s] [ 67%] Built target vectornav_msgs__rosidl_typesupport_cpp
[25.569s] [ 68%] [32mBuilding CXX object CMakeFiles/vectornav_msgs__rosidl_typesupport_fastrtps_cpp.dir/rosidl_typesupport_fastrtps_cpp/vectornav_msgs/msg/detail/dds_fastrtps/time_group__type_support.cpp.o[0m
[25.804s] [ 69%] [32mBuilding CXX object CMakeFiles/vectornav_msgs__rosidl_typesupport_fastrtps_c.dir/rosidl_typesupport_fastrtps_c/vectornav_msgs/msg/detail/time_group__type_support_c.cpp.o[0m
[25.844s] [ 70%] [32mBuilding CXX object CMakeFiles/vectornav_msgs__rosidl_typesupport_fastrtps_cpp.dir/rosidl_typesupport_fastrtps_cpp/vectornav_msgs/msg/detail/dds_fastrtps/time_status__type_support.cpp.o[0m
[26.043s] [ 71%] [32mBuilding CXX object CMakeFiles/vectornav_msgs__rosidl_typesupport_fastrtps_cpp.dir/rosidl_typesupport_fastrtps_cpp/vectornav_msgs/msg/detail/dds_fastrtps/time_utc__type_support.cpp.o[0m
[26.068s] [ 71%] [32mBuilding CXX object CMakeFiles/vectornav_msgs__rosidl_typesupport_fastrtps_c.dir/rosidl_typesupport_fastrtps_c/vectornav_msgs/msg/detail/time_status__type_support_c.cpp.o[0m
[26.328s] [ 72%] [32mBuilding CXX object CMakeFiles/vectornav_msgs__rosidl_typesupport_introspection_cpp.dir/rosidl_typesupport_introspection_cpp/vectornav_msgs/msg/detail/time_group__type_support.cpp.o[0m
[26.431s] [ 73%] [32mBuilding CXX object CMakeFiles/vectornav_msgs__rosidl_typesupport_fastrtps_cpp.dir/rosidl_typesupport_fastrtps_cpp/vectornav_msgs/msg/detail/dds_fastrtps/vpe_status__type_support.cpp.o[0m
[26.534s] [ 73%] [32mBuilding CXX object CMakeFiles/vectornav_msgs__rosidl_typesupport_fastrtps_cpp.dir/rosidl_typesupport_fastrtps_cpp/vectornav_msgs/action/detail/dds_fastrtps/mag_cal__type_support.cpp.o[0m
[26.785s] [ 74%] [32mBuilding CXX object CMakeFiles/vectornav_msgs__rosidl_typesupport_introspection_cpp.dir/rosidl_typesupport_introspection_cpp/vectornav_msgs/msg/detail/time_status__type_support.cpp.o[0m
[27.046s] [ 75%] [32mBuilding CXX object CMakeFiles/vectornav_msgs__rosidl_typesupport_fastrtps_c.dir/rosidl_typesupport_fastrtps_c/vectornav_msgs/msg/detail/vpe_status__type_support_c.cpp.o[0m
[27.104s] [ 76%] [32mBuilding CXX object CMakeFiles/vectornav_msgs__rosidl_typesupport_fastrtps_c.dir/rosidl_typesupport_fastrtps_c/vectornav_msgs/msg/detail/time_utc__type_support_c.cpp.o[0m
[27.273s] [ 77%] [32mBuilding CXX object CMakeFiles/vectornav_msgs__rosidl_typesupport_fastrtps_c.dir/rosidl_typesupport_fastrtps_c/vectornav_msgs/action/detail/mag_cal__type_support_c.cpp.o[0m
[27.311s] [ 78%] [32mBuilding CXX object CMakeFiles/vectornav_msgs__rosidl_typesupport_introspection_cpp.dir/rosidl_typesupport_introspection_cpp/vectornav_msgs/msg/detail/time_utc__type_support.cpp.o[0m
[27.388s] [ 79%] [32mBuilding CXX object CMakeFiles/vectornav_msgs__rosidl_typesupport_introspection_cpp.dir/rosidl_typesupport_introspection_cpp/vectornav_msgs/msg/detail/vpe_status__type_support.cpp.o[0m
[27.484s] [ 80%] [32mBuilding CXX object CMakeFiles/vectornav_msgs__rosidl_typesupport_introspection_cpp.dir/rosidl_typesupport_introspection_cpp/vectornav_msgs/action/detail/mag_cal__type_support.cpp.o[0m
[28.372s] [ 81%] [32m[1mLinking CXX shared library libvectornav_msgs__rosidl_typesupport_fastrtps_cpp.so[0m
[28.536s] [ 82%] [32m[1mLinking CXX shared library libvectornav_msgs__rosidl_typesupport_fastrtps_c.so[0m
[28.554s] [ 82%] Built target vectornav_msgs__rosidl_typesupport_fastrtps_cpp
[28.712s] [ 82%] Built target vectornav_msgs__rosidl_typesupport_fastrtps_c
[28.914s] [ 83%] [32m[1mLinking CXX shared library libvectornav_msgs__rosidl_typesupport_introspection_cpp.so[0m
[29.067s] [ 83%] Built target vectornav_msgs__rosidl_typesupport_introspection_cpp
[29.115s] [ 83%] Built target vectornav_msgs
[29.166s] [ 84%] [34m[1mGenerating Python code for ROS interfaces[0m
[37.056s] [ 84%] Built target vectornav_msgs__py
[37.105s] [ 87%] [32mBuilding C object CMakeFiles/vectornav_msgs__rosidl_generator_py.dir/rosidl_generator_py/vectornav_msgs/msg/_attitude_group_s.c.o[0m
[37.106s] [ 87%] [32mBuilding C object CMakeFiles/vectornav_msgs__rosidl_generator_py.dir/rosidl_generator_py/vectornav_msgs/msg/_ins_group_s.c.o[0m
[37.106s] [ 87%] [32mBuilding C object CMakeFiles/vectornav_msgs__rosidl_generator_py.dir/rosidl_generator_py/vectornav_msgs/msg/_ins_status_s.c.o[0m
[37.107s] [ 89%] [32mBuilding C object CMakeFiles/vectornav_msgs__rosidl_generator_py.dir/rosidl_generator_py/vectornav_msgs/msg/_gps_group_s.c.o[0m
[37.107s] [ 89%] [32mBuilding C object CMakeFiles/vectornav_msgs__rosidl_generator_py.dir/rosidl_generator_py/vectornav_msgs/msg/_imu_group_s.c.o[0m
[37.111s] [ 90%] [32mBuilding C object CMakeFiles/vectornav_msgs__rosidl_generator_py.dir/rosidl_generator_py/vectornav_msgs/msg/_common_group_s.c.o[0m
[37.122s] [ 90%] [32mBuilding C object CMakeFiles/vectornav_msgs__rosidl_generator_py.dir/rosidl_generator_py/vectornav_msgs/msg/_dop_s.c.o[0m
[37.124s] [ 91%] [32mBuilding C object CMakeFiles/vectornav_msgs__rosidl_generator_py.dir/rosidl_generator_py/vectornav_msgs/msg/_time_group_s.c.o[0m
[37.350s] [ 92%] [32mBuilding C object CMakeFiles/vectornav_msgs__rosidl_generator_py.dir/rosidl_generator_py/vectornav_msgs/msg/_time_status_s.c.o[0m
[37.387s] [ 93%] [32mBuilding C object CMakeFiles/vectornav_msgs__rosidl_generator_py.dir/rosidl_generator_py/vectornav_msgs/msg/_time_utc_s.c.o[0m
[37.388s] [ 93%] [32mBuilding C object CMakeFiles/vectornav_msgs__rosidl_generator_py.dir/rosidl_generator_py/vectornav_msgs/msg/_vpe_status_s.c.o[0m
[37.418s] [ 94%] [32mBuilding C object CMakeFiles/vectornav_msgs__rosidl_generator_py.dir/rosidl_generator_py/vectornav_msgs/action/_mag_cal_s.c.o[0m
[37.743s] [ 95%] [32m[1mLinking C shared library rosidl_generator_py/vectornav_msgs/libvectornav_msgs__rosidl_generator_py.so[0m
[37.849s] [ 95%] Built target vectornav_msgs__rosidl_generator_py
[37.904s] [ 96%] [32mBuilding C object CMakeFiles/vectornav_msgs__rosidl_typesupport_c__pyext.dir/rosidl_generator_py/vectornav_msgs/_vectornav_msgs_s.ep.rosidl_typesupport_c.c.o[0m
[37.904s] [ 97%] [32mBuilding C object CMakeFiles/vectornav_msgs__rosidl_typesupport_fastrtps_c__pyext.dir/rosidl_generator_py/vectornav_msgs/_vectornav_msgs_s.ep.rosidl_typesupport_fastrtps_c.c.o[0m
[37.904s] [ 97%] [32mBuilding C object CMakeFiles/vectornav_msgs__rosidl_typesupport_introspection_c__pyext.dir/rosidl_generator_py/vectornav_msgs/_vectornav_msgs_s.ep.rosidl_typesupport_introspection_c.c.o[0m
[38.221s] [ 99%] [32m[1mLinking C shared library rosidl_generator_py/vectornav_msgs/vectornav_msgs_s__rosidl_typesupport_fastrtps_c.cpython-310-aarch64-linux-gnu.so[0m
[38.222s] [ 99%] [32m[1mLinking C shared library rosidl_generator_py/vectornav_msgs/vectornav_msgs_s__rosidl_typesupport_c.cpython-310-aarch64-linux-gnu.so[0m
[38.225s] [100%] [32m[1mLinking C shared library rosidl_generator_py/vectornav_msgs/vectornav_msgs_s__rosidl_typesupport_introspection_c.cpython-310-aarch64-linux-gnu.so[0m
[38.315s] [100%] Built target vectornav_msgs__rosidl_typesupport_c__pyext
[38.315s] [100%] Built target vectornav_msgs__rosidl_typesupport_fastrtps_c__pyext
[38.328s] [100%] Built target vectornav_msgs__rosidl_typesupport_introspection_c__pyext
[38.364s] Invoked command in '/home/asv/asv_autonomy/uwb_imu_localization/build/vectornav_msgs' returned '0': CMAKE_PREFIX_PATH=${CMAKE_PREFIX_PATH}:/home/asv/asv_autonomy/uwb_imu_localization/install/ekf_fusion:/home/asv/asv_autonomy/uwb_imu_localization/install/uwb_tracking_ros2:/opt/ros/humble CONDA_PROMPT_MODIFIER=(asv_localization) /usr/bin/cmake --build /home/asv/asv_autonomy/uwb_imu_localization/build/vectornav_msgs -- -j8 -l8
[38.369s] Invoking command in '/home/asv/asv_autonomy/uwb_imu_localization/build/vectornav_msgs': CMAKE_PREFIX_PATH=${CMAKE_PREFIX_PATH}:/home/asv/asv_autonomy/uwb_imu_localization/install/ekf_fusion:/home/asv/asv_autonomy/uwb_imu_localization/install/uwb_tracking_ros2:/opt/ros/humble CONDA_PROMPT_MODIFIER=(asv_localization) /usr/bin/cmake --install /home/asv/asv_autonomy/uwb_imu_localization/build/vectornav_msgs
[38.393s] -- Install configuration: ""
[38.394s] -- Execute custom install script
[38.394s] -- Symlinking: /home/asv/asv_autonomy/uwb_imu_localization/install/vectornav_msgs/share/ament_index/resource_index/rosidl_interfaces/vectornav_msgs
[38.414s] -- Symlinking: /home/asv/asv_autonomy/uwb_imu_localization/install/vectornav_msgs/include/vectornav_msgs/vectornav_msgs/action/detail/mag_cal__functions.h
[38.432s] -- Symlinking: /home/asv/asv_autonomy/uwb_imu_localization/install/vectornav_msgs/include/vectornav_msgs/vectornav_msgs/action/detail/mag_cal__struct.h
[38.450s] -- Symlinking: /home/asv/asv_autonomy/uwb_imu_localization/install/vectornav_msgs/include/vectornav_msgs/vectornav_msgs/action/detail/mag_cal__type_support.h
[38.471s] -- Symlinking: /home/asv/asv_autonomy/uwb_imu_localization/install/vectornav_msgs/include/vectornav_msgs/vectornav_msgs/action/mag_cal.h
[38.496s] -- Symlinking: /home/asv/asv_autonomy/uwb_imu_localization/install/vectornav_msgs/include/vectornav_msgs/vectornav_msgs/msg/attitude_group.h
[38.523s] -- Symlinking: /home/asv/asv_autonomy/uwb_imu_localization/install/vectornav_msgs/include/vectornav_msgs/vectornav_msgs/msg/common_group.h
[38.546s] -- Symlinking: /home/asv/asv_autonomy/uwb_imu_localization/install/vectornav_msgs/include/vectornav_msgs/vectornav_msgs/msg/detail/attitude_group__functions.h
[38.569s] -- Symlinking: /home/asv/asv_autonomy/uwb_imu_localization/install/vectornav_msgs/include/vectornav_msgs/vectornav_msgs/msg/detail/attitude_group__struct.h
[38.590s] -- Symlinking: /home/asv/asv_autonomy/uwb_imu_localization/install/vectornav_msgs/include/vectornav_msgs/vectornav_msgs/msg/detail/attitude_group__type_support.h
[38.610s] -- Symlinking: /home/asv/asv_autonomy/uwb_imu_localization/install/vectornav_msgs/include/vectornav_msgs/vectornav_msgs/msg/detail/common_group__functions.h
[38.633s] -- Symlinking: /home/asv/asv_autonomy/uwb_imu_localization/install/vectornav_msgs/include/vectornav_msgs/vectornav_msgs/msg/detail/common_group__struct.h
[38.656s] -- Symlinking: /home/asv/asv_autonomy/uwb_imu_localization/install/vectornav_msgs/include/vectornav_msgs/vectornav_msgs/msg/detail/common_group__type_support.h
[38.673s] -- Symlinking: /home/asv/asv_autonomy/uwb_imu_localization/install/vectornav_msgs/include/vectornav_msgs/vectornav_msgs/msg/detail/dop__functions.h
[38.689s] -- Symlinking: /home/asv/asv_autonomy/uwb_imu_localization/install/vectornav_msgs/include/vectornav_msgs/vectornav_msgs/msg/detail/dop__struct.h
[38.713s] -- Symlinking: /home/asv/asv_autonomy/uwb_imu_localization/install/vectornav_msgs/include/vectornav_msgs/vectornav_msgs/msg/detail/dop__type_support.h
[38.732s] -- Symlinking: /home/asv/asv_autonomy/uwb_imu_localization/install/vectornav_msgs/include/vectornav_msgs/vectornav_msgs/msg/detail/gps_group__functions.h
[38.753s] -- Symlinking: /home/asv/asv_autonomy/uwb_imu_localization/install/vectornav_msgs/include/vectornav_msgs/vectornav_msgs/msg/detail/gps_group__struct.h
[38.771s] -- Symlinking: /home/asv/asv_autonomy/uwb_imu_localization/install/vectornav_msgs/include/vectornav_msgs/vectornav_msgs/msg/detail/gps_group__type_support.h
[38.791s] -- Symlinking: /home/asv/asv_autonomy/uwb_imu_localization/install/vectornav_msgs/include/vectornav_msgs/vectornav_msgs/msg/detail/imu_group__functions.h
[38.812s] -- Symlinking: /home/asv/asv_autonomy/uwb_imu_localization/install/vectornav_msgs/include/vectornav_msgs/vectornav_msgs/msg/detail/imu_group__struct.h
[38.833s] -- Symlinking: /home/asv/asv_autonomy/uwb_imu_localization/install/vectornav_msgs/include/vectornav_msgs/vectornav_msgs/msg/detail/imu_group__type_support.h
[38.860s] -- Symlinking: /home/asv/asv_autonomy/uwb_imu_localization/install/vectornav_msgs/include/vectornav_msgs/vectornav_msgs/msg/detail/ins_group__functions.h
[38.881s] -- Symlinking: /home/asv/asv_autonomy/uwb_imu_localization/install/vectornav_msgs/include/vectornav_msgs/vectornav_msgs/msg/detail/ins_group__struct.h
[38.898s] -- Symlinking: /home/asv/asv_autonomy/uwb_imu_localization/install/vectornav_msgs/include/vectornav_msgs/vectornav_msgs/msg/detail/ins_group__type_support.h
[38.922s] -- Symlinking: /home/asv/asv_autonomy/uwb_imu_localization/install/vectornav_msgs/include/vectornav_msgs/vectornav_msgs/msg/detail/ins_status__functions.h
[38.943s] -- Symlinking: /home/asv/asv_autonomy/uwb_imu_localization/install/vectornav_msgs/include/vectornav_msgs/vectornav_msgs/msg/detail/ins_status__struct.h
[38.960s] -- Symlinking: /home/asv/asv_autonomy/uwb_imu_localization/install/vectornav_msgs/include/vectornav_msgs/vectornav_msgs/msg/detail/ins_status__type_support.h
[38.982s] -- Symlinking: /home/asv/asv_autonomy/uwb_imu_localization/install/vectornav_msgs/include/vectornav_msgs/vectornav_msgs/msg/detail/time_group__functions.h
[39.001s] -- Symlinking: /home/asv/asv_autonomy/uwb_imu_localization/install/vectornav_msgs/include/vectornav_msgs/vectornav_msgs/msg/detail/time_group__struct.h
[39.018s] -- Symlinking: /home/asv/asv_autonomy/uwb_imu_localization/install/vectornav_msgs/include/vectornav_msgs/vectornav_msgs/msg/detail/time_group__type_support.h
[39.036s] -- Symlinking: /home/asv/asv_autonomy/uwb_imu_localization/install/vectornav_msgs/include/vectornav_msgs/vectornav_msgs/msg/detail/time_status__functions.h
[39.056s] -- Symlinking: /home/asv/asv_autonomy/uwb_imu_localization/install/vectornav_msgs/include/vectornav_msgs/vectornav_msgs/msg/detail/time_status__struct.h
[39.076s] -- Symlinking: /home/asv/asv_autonomy/uwb_imu_localization/install/vectornav_msgs/include/vectornav_msgs/vectornav_msgs/msg/detail/time_status__type_support.h
[39.096s] -- Symlinking: /home/asv/asv_autonomy/uwb_imu_localization/install/vectornav_msgs/include/vectornav_msgs/vectornav_msgs/msg/detail/time_utc__functions.h
[39.117s] -- Symlinking: /home/asv/asv_autonomy/uwb_imu_localization/install/vectornav_msgs/include/vectornav_msgs/vectornav_msgs/msg/detail/time_utc__struct.h
[39.134s] -- Symlinking: /home/asv/asv_autonomy/uwb_imu_localization/install/vectornav_msgs/include/vectornav_msgs/vectornav_msgs/msg/detail/time_utc__type_support.h
[39.152s] -- Symlinking: /home/asv/asv_autonomy/uwb_imu_localization/install/vectornav_msgs/include/vectornav_msgs/vectornav_msgs/msg/detail/vpe_status__functions.h
[39.172s] -- Symlinking: /home/asv/asv_autonomy/uwb_imu_localization/install/vectornav_msgs/include/vectornav_msgs/vectornav_msgs/msg/detail/vpe_status__struct.h
[39.193s] -- Symlinking: /home/asv/asv_autonomy/uwb_imu_localization/install/vectornav_msgs/include/vectornav_msgs/vectornav_msgs/msg/detail/vpe_status__type_support.h
[39.210s] -- Symlinking: /home/asv/asv_autonomy/uwb_imu_localization/install/vectornav_msgs/include/vectornav_msgs/vectornav_msgs/msg/dop.h
[39.230s] -- Symlinking: /home/asv/asv_autonomy/uwb_imu_localization/install/vectornav_msgs/include/vectornav_msgs/vectornav_msgs/msg/gps_group.h
[39.251s] -- Symlinking: /home/asv/asv_autonomy/uwb_imu_localization/install/vectornav_msgs/include/vectornav_msgs/vectornav_msgs/msg/imu_group.h
[39.277s] -- Symlinking: /home/asv/asv_autonomy/uwb_imu_localization/install/vectornav_msgs/include/vectornav_msgs/vectornav_msgs/msg/ins_group.h
[39.298s] -- Symlinking: /home/asv/asv_autonomy/uwb_imu_localization/install/vectornav_msgs/include/vectornav_msgs/vectornav_msgs/msg/ins_status.h
[39.317s] -- Symlinking: /home/asv/asv_autonomy/uwb_imu_localization/install/vectornav_msgs/include/vectornav_msgs/vectornav_msgs/msg/rosidl_generator_c__visibility_control.h
[39.338s] -- Symlinking: /home/asv/asv_autonomy/uwb_imu_localization/install/vectornav_msgs/include/vectornav_msgs/vectornav_msgs/msg/time_group.h
[39.358s] -- Symlinking: /home/asv/asv_autonomy/uwb_imu_localization/install/vectornav_msgs/include/vectornav_msgs/vectornav_msgs/msg/time_status.h
[39.379s] -- Symlinking: /home/asv/asv_autonomy/uwb_imu_localization/install/vectornav_msgs/include/vectornav_msgs/vectornav_msgs/msg/time_utc.h
[39.396s] -- Symlinking: /home/asv/asv_autonomy/uwb_imu_localization/install/vectornav_msgs/include/vectornav_msgs/vectornav_msgs/msg/vpe_status.h
[39.414s] -- Symlinking: /home/asv/asv_autonomy/uwb_imu_localization/install/vectornav_msgs/share/vectornav_msgs/environment/library_path.sh
[39.438s] -- Symlinking: /home/asv/asv_autonomy/uwb_imu_localization/install/vectornav_msgs/share/vectornav_msgs/environment/library_path.dsv
[39.458s] -- Symlinking: /home/asv/asv_autonomy/uwb_imu_localization/install/vectornav_msgs/include/vectornav_msgs/vectornav_msgs/action/detail/mag_cal__rosidl_typesupport_fastrtps_c.h
[39.479s] -- Symlinking: /home/asv/asv_autonomy/uwb_imu_localization/install/vectornav_msgs/include/vectornav_msgs/vectornav_msgs/msg/detail/attitude_group__rosidl_typesupport_fastrtps_c.h
[39.497s] -- Symlinking: /home/asv/asv_autonomy/uwb_imu_localization/install/vectornav_msgs/include/vectornav_msgs/vectornav_msgs/msg/detail/common_group__rosidl_typesupport_fastrtps_c.h
[39.519s] -- Symlinking: /home/asv/asv_autonomy/uwb_imu_localization/install/vectornav_msgs/include/vectornav_msgs/vectornav_msgs/msg/detail/dop__rosidl_typesupport_fastrtps_c.h
[39.539s] -- Symlinking: /home/asv/asv_autonomy/uwb_imu_localization/install/vectornav_msgs/include/vectornav_msgs/vectornav_msgs/msg/detail/gps_group__rosidl_typesupport_fastrtps_c.h
[39.557s] -- Symlinking: /home/asv/asv_autonomy/uwb_imu_localization/install/vectornav_msgs/include/vectornav_msgs/vectornav_msgs/msg/detail/imu_group__rosidl_typesupport_fastrtps_c.h
[39.577s] -- Symlinking: /home/asv/asv_autonomy/uwb_imu_localization/install/vectornav_msgs/include/vectornav_msgs/vectornav_msgs/msg/detail/ins_group__rosidl_typesupport_fastrtps_c.h
[39.597s] -- Symlinking: /home/asv/asv_autonomy/uwb_imu_localization/install/vectornav_msgs/include/vectornav_msgs/vectornav_msgs/msg/detail/ins_status__rosidl_typesupport_fastrtps_c.h
[39.616s] -- Symlinking: /home/asv/asv_autonomy/uwb_imu_localization/install/vectornav_msgs/include/vectornav_msgs/vectornav_msgs/msg/detail/time_group__rosidl_typesupport_fastrtps_c.h
[39.634s] -- Symlinking: /home/asv/asv_autonomy/uwb_imu_localization/install/vectornav_msgs/include/vectornav_msgs/vectornav_msgs/msg/detail/time_status__rosidl_typesupport_fastrtps_c.h
[39.653s] -- Symlinking: /home/asv/asv_autonomy/uwb_imu_localization/install/vectornav_msgs/include/vectornav_msgs/vectornav_msgs/msg/detail/time_utc__rosidl_typesupport_fastrtps_c.h
[39.671s] -- Symlinking: /home/asv/asv_autonomy/uwb_imu_localization/install/vectornav_msgs/include/vectornav_msgs/vectornav_msgs/msg/detail/vpe_status__rosidl_typesupport_fastrtps_c.h
[39.692s] -- Symlinking: /home/asv/asv_autonomy/uwb_imu_localization/install/vectornav_msgs/include/vectornav_msgs/vectornav_msgs/msg/rosidl_typesupport_fastrtps_c__visibility_control.h
[39.718s] -- Symlinking: /home/asv/asv_autonomy/uwb_imu_localization/install/vectornav_msgs/include/vectornav_msgs/vectornav_msgs/action/detail/mag_cal__builder.hpp
[39.738s] -- Symlinking: /home/asv/asv_autonomy/uwb_imu_localization/install/vectornav_msgs/include/vectornav_msgs/vectornav_msgs/action/detail/mag_cal__struct.hpp
[39.757s] -- Symlinking: /home/asv/asv_autonomy/uwb_imu_localization/install/vectornav_msgs/include/vectornav_msgs/vectornav_msgs/action/detail/mag_cal__traits.hpp
[39.776s] -- Symlinking: /home/asv/asv_autonomy/uwb_imu_localization/install/vectornav_msgs/include/vectornav_msgs/vectornav_msgs/action/detail/mag_cal__type_support.hpp
[39.794s] -- Symlinking: /home/asv/asv_autonomy/uwb_imu_localization/install/vectornav_msgs/include/vectornav_msgs/vectornav_msgs/action/mag_cal.hpp
[39.817s] -- Symlinking: /home/asv/asv_autonomy/uwb_imu_localization/install/vectornav_msgs/include/vectornav_msgs/vectornav_msgs/msg/attitude_group.hpp
[39.834s] -- Symlinking: /home/asv/asv_autonomy/uwb_imu_localization/install/vectornav_msgs/include/vectornav_msgs/vectornav_msgs/msg/common_group.hpp
[39.853s] -- Symlinking: /home/asv/asv_autonomy/uwb_imu_localization/install/vectornav_msgs/include/vectornav_msgs/vectornav_msgs/msg/detail/attitude_group__builder.hpp
[39.870s] -- Symlinking: /home/asv/asv_autonomy/uwb_imu_localization/install/vectornav_msgs/include/vectornav_msgs/vectornav_msgs/msg/detail/attitude_group__struct.hpp
[39.888s] -- Symlinking: /home/asv/asv_autonomy/uwb_imu_localization/install/vectornav_msgs/include/vectornav_msgs/vectornav_msgs/msg/detail/attitude_group__traits.hpp
[39.911s] -- Symlinking: /home/asv/asv_autonomy/uwb_imu_localization/install/vectornav_msgs/include/vectornav_msgs/vectornav_msgs/msg/detail/attitude_group__type_support.hpp
[39.931s] -- Symlinking: /home/asv/asv_autonomy/uwb_imu_localization/install/vectornav_msgs/include/vectornav_msgs/vectornav_msgs/msg/detail/common_group__builder.hpp
[39.951s] -- Symlinking: /home/asv/asv_autonomy/uwb_imu_localization/install/vectornav_msgs/include/vectornav_msgs/vectornav_msgs/msg/detail/common_group__struct.hpp
[39.977s] -- Symlinking: /home/asv/asv_autonomy/uwb_imu_localization/install/vectornav_msgs/include/vectornav_msgs/vectornav_msgs/msg/detail/common_group__traits.hpp
[39.998s] -- Symlinking: /home/asv/asv_autonomy/uwb_imu_localization/install/vectornav_msgs/include/vectornav_msgs/vectornav_msgs/msg/detail/common_group__type_support.hpp
[40.019s] -- Symlinking: /home/asv/asv_autonomy/uwb_imu_localization/install/vectornav_msgs/include/vectornav_msgs/vectornav_msgs/msg/detail/dop__builder.hpp
[40.038s] -- Symlinking: /home/asv/asv_autonomy/uwb_imu_localization/install/vectornav_msgs/include/vectornav_msgs/vectornav_msgs/msg/detail/dop__struct.hpp
[40.056s] -- Symlinking: /home/asv/asv_autonomy/uwb_imu_localization/install/vectornav_msgs/include/vectornav_msgs/vectornav_msgs/msg/detail/dop__traits.hpp
[40.076s] -- Symlinking: /home/asv/asv_autonomy/uwb_imu_localization/install/vectornav_msgs/include/vectornav_msgs/vectornav_msgs/msg/detail/dop__type_support.hpp
[40.093s] -- Symlinking: /home/asv/asv_autonomy/uwb_imu_localization/install/vectornav_msgs/include/vectornav_msgs/vectornav_msgs/msg/detail/gps_group__builder.hpp
[40.113s] -- Symlinking: /home/asv/asv_autonomy/uwb_imu_localization/install/vectornav_msgs/include/vectornav_msgs/vectornav_msgs/msg/detail/gps_group__struct.hpp
[40.135s] -- Symlinking: /home/asv/asv_autonomy/uwb_imu_localization/install/vectornav_msgs/include/vectornav_msgs/vectornav_msgs/msg/detail/gps_group__traits.hpp
[40.155s] -- Symlinking: /home/asv/asv_autonomy/uwb_imu_localization/install/vectornav_msgs/include/vectornav_msgs/vectornav_msgs/msg/detail/gps_group__type_support.hpp
[40.173s] -- Symlinking: /home/asv/asv_autonomy/uwb_imu_localization/install/vectornav_msgs/include/vectornav_msgs/vectornav_msgs/msg/detail/imu_group__builder.hpp
[40.196s] -- Symlinking: /home/asv/asv_autonomy/uwb_imu_localization/install/vectornav_msgs/include/vectornav_msgs/vectornav_msgs/msg/detail/imu_group__struct.hpp
[40.220s] -- Symlinking: /home/asv/asv_autonomy/uwb_imu_localization/install/vectornav_msgs/include/vectornav_msgs/vectornav_msgs/msg/detail/imu_group__traits.hpp
[40.240s] -- Symlinking: /home/asv/asv_autonomy/uwb_imu_localization/install/vectornav_msgs/include/vectornav_msgs/vectornav_msgs/msg/detail/imu_group__type_support.hpp
[40.260s] -- Symlinking: /home/asv/asv_autonomy/uwb_imu_localization/install/vectornav_msgs/include/vectornav_msgs/vectornav_msgs/msg/detail/ins_group__builder.hpp
[40.281s] -- Symlinking: /home/asv/asv_autonomy/uwb_imu_localization/install/vectornav_msgs/include/vectornav_msgs/vectornav_msgs/msg/detail/ins_group__struct.hpp
[40.302s] -- Symlinking: /home/asv/asv_autonomy/uwb_imu_localization/install/vectornav_msgs/include/vectornav_msgs/vectornav_msgs/msg/detail/ins_group__traits.hpp
[40.320s] -- Symlinking: /home/asv/asv_autonomy/uwb_imu_localization/install/vectornav_msgs/include/vectornav_msgs/vectornav_msgs/msg/detail/ins_group__type_support.hpp
[40.341s] -- Symlinking: /home/asv/asv_autonomy/uwb_imu_localization/install/vectornav_msgs/include/vectornav_msgs/vectornav_msgs/msg/detail/ins_status__builder.hpp
[40.357s] -- Symlinking: /home/asv/asv_autonomy/uwb_imu_localization/install/vectornav_msgs/include/vectornav_msgs/vectornav_msgs/msg/detail/ins_status__struct.hpp
[40.375s] -- Symlinking: /home/asv/asv_autonomy/uwb_imu_localization/install/vectornav_msgs/include/vectornav_msgs/vectornav_msgs/msg/detail/ins_status__traits.hpp
[40.399s] -- Symlinking: /home/asv/asv_autonomy/uwb_imu_localization/install/vectornav_msgs/include/vectornav_msgs/vectornav_msgs/msg/detail/ins_status__type_support.hpp
[40.420s] -- Symlinking: /home/asv/asv_autonomy/uwb_imu_localization/install/vectornav_msgs/include/vectornav_msgs/vectornav_msgs/msg/detail/time_group__builder.hpp
[40.438s] -- Symlinking: /home/asv/asv_autonomy/uwb_imu_localization/install/vectornav_msgs/include/vectornav_msgs/vectornav_msgs/msg/detail/time_group__struct.hpp
[40.455s] -- Symlinking: /home/asv/asv_autonomy/uwb_imu_localization/install/vectornav_msgs/include/vectornav_msgs/vectornav_msgs/msg/detail/time_group__traits.hpp
[40.475s] -- Symlinking: /home/asv/asv_autonomy/uwb_imu_localization/install/vectornav_msgs/include/vectornav_msgs/vectornav_msgs/msg/detail/time_group__type_support.hpp
[40.492s] -- Symlinking: /home/asv/asv_autonomy/uwb_imu_localization/install/vectornav_msgs/include/vectornav_msgs/vectornav_msgs/msg/detail/time_status__builder.hpp
[40.511s] -- Symlinking: /home/asv/asv_autonomy/uwb_imu_localization/install/vectornav_msgs/include/vectornav_msgs/vectornav_msgs/msg/detail/time_status__struct.hpp
[40.528s] -- Symlinking: /home/asv/asv_autonomy/uwb_imu_localization/install/vectornav_msgs/include/vectornav_msgs/vectornav_msgs/msg/detail/time_status__traits.hpp
[40.548s] -- Symlinking: /home/asv/asv_autonomy/uwb_imu_localization/install/vectornav_msgs/include/vectornav_msgs/vectornav_msgs/msg/detail/time_status__type_support.hpp
[40.572s] -- Symlinking: /home/asv/asv_autonomy/uwb_imu_localization/install/vectornav_msgs/include/vectornav_msgs/vectornav_msgs/msg/detail/time_utc__builder.hpp
[40.593s] -- Symlinking: /home/asv/asv_autonomy/uwb_imu_localization/install/vectornav_msgs/include/vectornav_msgs/vectornav_msgs/msg/detail/time_utc__struct.hpp
[40.616s] -- Symlinking: /home/asv/asv_autonomy/uwb_imu_localization/install/vectornav_msgs/include/vectornav_msgs/vectornav_msgs/msg/detail/time_utc__traits.hpp
[40.635s] -- Symlinking: /home/asv/asv_autonomy/uwb_imu_localization/install/vectornav_msgs/include/vectornav_msgs/vectornav_msgs/msg/detail/time_utc__type_support.hpp
[40.653s] -- Symlinking: /home/asv/asv_autonomy/uwb_imu_localization/install/vectornav_msgs/include/vectornav_msgs/vectornav_msgs/msg/detail/vpe_status__builder.hpp
[40.674s] -- Symlinking: /home/asv/asv_autonomy/uwb_imu_localization/install/vectornav_msgs/include/vectornav_msgs/vectornav_msgs/msg/detail/vpe_status__struct.hpp
[40.696s] -- Symlinking: /home/asv/asv_autonomy/uwb_imu_localization/install/vectornav_msgs/include/vectornav_msgs/vectornav_msgs/msg/detail/vpe_status__traits.hpp
[40.714s] -- Symlinking: /home/asv/asv_autonomy/uwb_imu_localization/install/vectornav_msgs/include/vectornav_msgs/vectornav_msgs/msg/detail/vpe_status__type_support.hpp
[40.741s] -- Symlinking: /home/asv/asv_autonomy/uwb_imu_localization/install/vectornav_msgs/include/vectornav_msgs/vectornav_msgs/msg/dop.hpp
[40.758s] -- Symlinking: /home/asv/asv_autonomy/uwb_imu_localization/install/vectornav_msgs/include/vectornav_msgs/vectornav_msgs/msg/gps_group.hpp
[40.777s] -- Symlinking: /home/asv/asv_autonomy/uwb_imu_localization/install/vectornav_msgs/include/vectornav_msgs/vectornav_msgs/msg/imu_group.hpp
[40.797s] -- Symlinking: /home/asv/asv_autonomy/uwb_imu_localization/install/vectornav_msgs/include/vectornav_msgs/vectornav_msgs/msg/ins_group.hpp
[40.816s] -- Symlinking: /home/asv/asv_autonomy/uwb_imu_localization/install/vectornav_msgs/include/vectornav_msgs/vectornav_msgs/msg/ins_status.hpp
[40.836s] -- Symlinking: /home/asv/asv_autonomy/uwb_imu_localization/install/vectornav_msgs/include/vectornav_msgs/vectornav_msgs/msg/rosidl_generator_cpp__visibility_control.hpp
[40.856s] -- Symlinking: /home/asv/asv_autonomy/uwb_imu_localization/install/vectornav_msgs/include/vectornav_msgs/vectornav_msgs/msg/time_group.hpp
[40.876s] -- Symlinking: /home/asv/asv_autonomy/uwb_imu_localization/install/vectornav_msgs/include/vectornav_msgs/vectornav_msgs/msg/time_status.hpp
[40.896s] -- Symlinking: /home/asv/asv_autonomy/uwb_imu_localization/install/vectornav_msgs/include/vectornav_msgs/vectornav_msgs/msg/time_utc.hpp
[40.915s] -- Symlinking: /home/asv/asv_autonomy/uwb_imu_localization/install/vectornav_msgs/include/vectornav_msgs/vectornav_msgs/msg/vpe_status.hpp
[40.936s] -- Symlinking: /home/asv/asv_autonomy/uwb_imu_localization/install/vectornav_msgs/include/vectornav_msgs/vectornav_msgs/action/detail/mag_cal__rosidl_typesupport_fastrtps_cpp.hpp
[40.957s] -- Symlinking: /home/asv/asv_autonomy/uwb_imu_localization/install/vectornav_msgs/include/vectornav_msgs/vectornav_msgs/msg/detail/attitude_group__rosidl_typesupport_fastrtps_cpp.hpp
[40.978s] -- Symlinking: /home/asv/asv_autonomy/uwb_imu_localization/install/vectornav_msgs/include/vectornav_msgs/vectornav_msgs/msg/detail/common_group__rosidl_typesupport_fastrtps_cpp.hpp
[40.997s] -- Symlinking: /home/asv/asv_autonomy/uwb_imu_localization/install/vectornav_msgs/include/vectornav_msgs/vectornav_msgs/msg/detail/dop__rosidl_typesupport_fastrtps_cpp.hpp
[41.022s] -- Symlinking: /home/asv/asv_autonomy/uwb_imu_localization/install/vectornav_msgs/include/vectornav_msgs/vectornav_msgs/msg/detail/gps_group__rosidl_typesupport_fastrtps_cpp.hpp
[41.049s] -- Symlinking: /home/asv/asv_autonomy/uwb_imu_localization/install/vectornav_msgs/include/vectornav_msgs/vectornav_msgs/msg/detail/imu_group__rosidl_typesupport_fastrtps_cpp.hpp
[41.069s] -- Symlinking: /home/asv/asv_autonomy/uwb_imu_localization/install/vectornav_msgs/include/vectornav_msgs/vectornav_msgs/msg/detail/ins_group__rosidl_typesupport_fastrtps_cpp.hpp
[41.089s] -- Symlinking: /home/asv/asv_autonomy/uwb_imu_localization/install/vectornav_msgs/include/vectornav_msgs/vectornav_msgs/msg/detail/ins_status__rosidl_typesupport_fastrtps_cpp.hpp
[41.110s] -- Symlinking: /home/asv/asv_autonomy/uwb_imu_localization/install/vectornav_msgs/include/vectornav_msgs/vectornav_msgs/msg/detail/time_group__rosidl_typesupport_fastrtps_cpp.hpp
[41.128s] -- Symlinking: /home/asv/asv_autonomy/uwb_imu_localization/install/vectornav_msgs/include/vectornav_msgs/vectornav_msgs/msg/detail/time_status__rosidl_typesupport_fastrtps_cpp.hpp
[41.149s] -- Symlinking: /home/asv/asv_autonomy/uwb_imu_localization/install/vectornav_msgs/include/vectornav_msgs/vectornav_msgs/msg/detail/time_utc__rosidl_typesupport_fastrtps_cpp.hpp
[41.172s] -- Symlinking: /home/asv/asv_autonomy/uwb_imu_localization/install/vectornav_msgs/include/vectornav_msgs/vectornav_msgs/msg/detail/vpe_status__rosidl_typesupport_fastrtps_cpp.hpp
[41.192s] -- Symlinking: /home/asv/asv_autonomy/uwb_imu_localization/install/vectornav_msgs/include/vectornav_msgs/vectornav_msgs/msg/rosidl_typesupport_fastrtps_cpp__visibility_control.h
[41.215s] -- Symlinking: /home/asv/asv_autonomy/uwb_imu_localization/install/vectornav_msgs/include/vectornav_msgs/vectornav_msgs/action/detail/mag_cal__rosidl_typesupport_introspection_c.h
[41.236s] -- Symlinking: /home/asv/asv_autonomy/uwb_imu_localization/install/vectornav_msgs/include/vectornav_msgs/vectornav_msgs/msg/detail/attitude_group__rosidl_typesupport_introspection_c.h
[41.255s] -- Symlinking: /home/asv/asv_autonomy/uwb_imu_localization/install/vectornav_msgs/include/vectornav_msgs/vectornav_msgs/msg/detail/common_group__rosidl_typesupport_introspection_c.h
[41.277s] -- Symlinking: /home/asv/asv_autonomy/uwb_imu_localization/install/vectornav_msgs/include/vectornav_msgs/vectornav_msgs/msg/detail/dop__rosidl_typesupport_introspection_c.h
[41.294s] -- Symlinking: /home/asv/asv_autonomy/uwb_imu_localization/install/vectornav_msgs/include/vectornav_msgs/vectornav_msgs/msg/detail/gps_group__rosidl_typesupport_introspection_c.h
[41.315s] -- Symlinking: /home/asv/asv_autonomy/uwb_imu_localization/install/vectornav_msgs/include/vectornav_msgs/vectornav_msgs/msg/detail/imu_group__rosidl_typesupport_introspection_c.h
[41.336s] -- Symlinking: /home/asv/asv_autonomy/uwb_imu_localization/install/vectornav_msgs/include/vectornav_msgs/vectornav_msgs/msg/detail/ins_group__rosidl_typesupport_introspection_c.h
[41.356s] -- Symlinking: /home/asv/asv_autonomy/uwb_imu_localization/install/vectornav_msgs/include/vectornav_msgs/vectornav_msgs/msg/detail/ins_status__rosidl_typesupport_introspection_c.h
[41.376s] -- Symlinking: /home/asv/asv_autonomy/uwb_imu_localization/install/vectornav_msgs/include/vectornav_msgs/vectornav_msgs/msg/detail/time_group__rosidl_typesupport_introspection_c.h
[41.394s] -- Symlinking: /home/asv/asv_autonomy/uwb_imu_localization/install/vectornav_msgs/include/vectornav_msgs/vectornav_msgs/msg/detail/time_status__rosidl_typesupport_introspection_c.h
[41.416s] -- Symlinking: /home/asv/asv_autonomy/uwb_imu_localization/install/vectornav_msgs/include/vectornav_msgs/vectornav_msgs/msg/detail/time_utc__rosidl_typesupport_introspection_c.h
[41.433s] -- Symlinking: /home/asv/asv_autonomy/uwb_imu_localization/install/vectornav_msgs/include/vectornav_msgs/vectornav_msgs/msg/detail/vpe_status__rosidl_typesupport_introspection_c.h
[41.452s] -- Symlinking: /home/asv/asv_autonomy/uwb_imu_localization/install/vectornav_msgs/include/vectornav_msgs/vectornav_msgs/msg/rosidl_typesupport_introspection_c__visibility_control.h
[41.474s] -- Symlinking: /home/asv/asv_autonomy/uwb_imu_localization/install/vectornav_msgs/include/vectornav_msgs/vectornav_msgs/action/detail/mag_cal__rosidl_typesupport_introspection_cpp.hpp
[41.492s] -- Symlinking: /home/asv/asv_autonomy/uwb_imu_localization/install/vectornav_msgs/include/vectornav_msgs/vectornav_msgs/msg/detail/attitude_group__rosidl_typesupport_introspection_cpp.hpp
[41.509s] -- Symlinking: /home/asv/asv_autonomy/uwb_imu_localization/install/vectornav_msgs/include/vectornav_msgs/vectornav_msgs/msg/detail/common_group__rosidl_typesupport_introspection_cpp.hpp
[41.531s] -- Symlinking: /home/asv/asv_autonomy/uwb_imu_localization/install/vectornav_msgs/include/vectornav_msgs/vectornav_msgs/msg/detail/dop__rosidl_typesupport_introspection_cpp.hpp
[41.556s] -- Symlinking: /home/asv/asv_autonomy/uwb_imu_localization/install/vectornav_msgs/include/vectornav_msgs/vectornav_msgs/msg/detail/gps_group__rosidl_typesupport_introspection_cpp.hpp
[41.577s] -- Symlinking: /home/asv/asv_autonomy/uwb_imu_localization/install/vectornav_msgs/include/vectornav_msgs/vectornav_msgs/msg/detail/imu_group__rosidl_typesupport_introspection_cpp.hpp
[41.602s] -- Symlinking: /home/asv/asv_autonomy/uwb_imu_localization/install/vectornav_msgs/include/vectornav_msgs/vectornav_msgs/msg/detail/ins_group__rosidl_typesupport_introspection_cpp.hpp
[41.623s] -- Symlinking: /home/asv/asv_autonomy/uwb_imu_localization/install/vectornav_msgs/include/vectornav_msgs/vectornav_msgs/msg/detail/ins_status__rosidl_typesupport_introspection_cpp.hpp
[41.641s] -- Symlinking: /home/asv/asv_autonomy/uwb_imu_localization/install/vectornav_msgs/include/vectornav_msgs/vectornav_msgs/msg/detail/time_group__rosidl_typesupport_introspection_cpp.hpp
[41.667s] -- Symlinking: /home/asv/asv_autonomy/uwb_imu_localization/install/vectornav_msgs/include/vectornav_msgs/vectornav_msgs/msg/detail/time_status__rosidl_typesupport_introspection_cpp.hpp
[41.691s] -- Symlinking: /home/asv/asv_autonomy/uwb_imu_localization/install/vectornav_msgs/include/vectornav_msgs/vectornav_msgs/msg/detail/time_utc__rosidl_typesupport_introspection_cpp.hpp
[41.710s] -- Symlinking: /home/asv/asv_autonomy/uwb_imu_localization/install/vectornav_msgs/include/vectornav_msgs/vectornav_msgs/msg/detail/vpe_status__rosidl_typesupport_introspection_cpp.hpp
[41.728s] -- Symlinking: /home/asv/asv_autonomy/uwb_imu_localization/install/vectornav_msgs/share/vectornav_msgs/environment/pythonpath.sh
[41.749s] -- Symlinking: /home/asv/asv_autonomy/uwb_imu_localization/install/vectornav_msgs/share/vectornav_msgs/environment/pythonpath.dsv
[41.768s] -- Symlinking: /home/asv/asv_autonomy/uwb_imu_localization/install/vectornav_msgs/lib/python3.10/site-packages/vectornav_msgs-3.0.0-py3.10.egg-info/PKG-INFO
[41.791s] -- Symlinking: /home/asv/asv_autonomy/uwb_imu_localization/install/vectornav_msgs/lib/python3.10/site-packages/vectornav_msgs-3.0.0-py3.10.egg-info/SOURCES.txt
[41.814s] -- Symlinking: /home/asv/asv_autonomy/uwb_imu_localization/install/vectornav_msgs/lib/python3.10/site-packages/vectornav_msgs-3.0.0-py3.10.egg-info/dependency_links.txt
[41.833s] -- Symlinking: /home/asv/asv_autonomy/uwb_imu_localization/install/vectornav_msgs/lib/python3.10/site-packages/vectornav_msgs-3.0.0-py3.10.egg-info/top_level.txt
[41.855s] -- Symlinking: /home/asv/asv_autonomy/uwb_imu_localization/install/vectornav_msgs/lib/python3.10/site-packages/vectornav_msgs/__init__.py
[41.875s] -- Symlinking: /home/asv/asv_autonomy/uwb_imu_localization/install/vectornav_msgs/lib/python3.10/site-packages/vectornav_msgs/_vectornav_msgs_s.ep.rosidl_typesupport_c.c
[41.895s] -- Symlinking: /home/asv/asv_autonomy/uwb_imu_localization/install/vectornav_msgs/lib/python3.10/site-packages/vectornav_msgs/_vectornav_msgs_s.ep.rosidl_typesupport_fastrtps_c.c
[41.913s] -- Symlinking: /home/asv/asv_autonomy/uwb_imu_localization/install/vectornav_msgs/lib/python3.10/site-packages/vectornav_msgs/_vectornav_msgs_s.ep.rosidl_typesupport_introspection_c.c
[41.936s] -- Symlinking: /home/asv/asv_autonomy/uwb_imu_localization/install/vectornav_msgs/lib/python3.10/site-packages/vectornav_msgs/action/__init__.py
[41.956s] -- Symlinking: /home/asv/asv_autonomy/uwb_imu_localization/install/vectornav_msgs/lib/python3.10/site-packages/vectornav_msgs/action/_mag_cal.py
[41.978s] -- Symlinking: /home/asv/asv_autonomy/uwb_imu_localization/install/vectornav_msgs/lib/python3.10/site-packages/vectornav_msgs/action/_mag_cal_s.c
[41.996s] -- Symlinking: /home/asv/asv_autonomy/uwb_imu_localization/install/vectornav_msgs/lib/python3.10/site-packages/vectornav_msgs/libvectornav_msgs__rosidl_generator_py.so
[42.019s] -- Symlinking: /home/asv/asv_autonomy/uwb_imu_localization/install/vectornav_msgs/lib/python3.10/site-packages/vectornav_msgs/msg/__init__.py
[42.040s] -- Symlinking: /home/asv/asv_autonomy/uwb_imu_localization/install/vectornav_msgs/lib/python3.10/site-packages/vectornav_msgs/msg/_attitude_group.py
[42.056s] -- Symlinking: /home/asv/asv_autonomy/uwb_imu_localization/install/vectornav_msgs/lib/python3.10/site-packages/vectornav_msgs/msg/_attitude_group_s.c
[42.073s] -- Symlinking: /home/asv/asv_autonomy/uwb_imu_localization/install/vectornav_msgs/lib/python3.10/site-packages/vectornav_msgs/msg/_common_group.py
[42.093s] -- Symlinking: /home/asv/asv_autonomy/uwb_imu_localization/install/vectornav_msgs/lib/python3.10/site-packages/vectornav_msgs/msg/_common_group_s.c
[42.115s] -- Symlinking: /home/asv/asv_autonomy/uwb_imu_localization/install/vectornav_msgs/lib/python3.10/site-packages/vectornav_msgs/msg/_dop.py
[42.132s] -- Symlinking: /home/asv/asv_autonomy/uwb_imu_localization/install/vectornav_msgs/lib/python3.10/site-packages/vectornav_msgs/msg/_dop_s.c
[42.149s] -- Symlinking: /home/asv/asv_autonomy/uwb_imu_localization/install/vectornav_msgs/lib/python3.10/site-packages/vectornav_msgs/msg/_gps_group.py
[42.166s] -- Symlinking: /home/asv/asv_autonomy/uwb_imu_localization/install/vectornav_msgs/lib/python3.10/site-packages/vectornav_msgs/msg/_gps_group_s.c
[42.188s] -- Symlinking: /home/asv/asv_autonomy/uwb_imu_localization/install/vectornav_msgs/lib/python3.10/site-packages/vectornav_msgs/msg/_imu_group.py
[42.208s] -- Symlinking: /home/asv/asv_autonomy/uwb_imu_localization/install/vectornav_msgs/lib/python3.10/site-packages/vectornav_msgs/msg/_imu_group_s.c
[42.230s] -- Symlinking: /home/asv/asv_autonomy/uwb_imu_localization/install/vectornav_msgs/lib/python3.10/site-packages/vectornav_msgs/msg/_ins_group.py
[42.247s] -- Symlinking: /home/asv/asv_autonomy/uwb_imu_localization/install/vectornav_msgs/lib/python3.10/site-packages/vectornav_msgs/msg/_ins_group_s.c
[42.271s] -- Symlinking: /home/asv/asv_autonomy/uwb_imu_localization/install/vectornav_msgs/lib/python3.10/site-packages/vectornav_msgs/msg/_ins_status.py
[42.296s] -- Symlinking: /home/asv/asv_autonomy/uwb_imu_localization/install/vectornav_msgs/lib/python3.10/site-packages/vectornav_msgs/msg/_ins_status_s.c
[42.316s] -- Symlinking: /home/asv/asv_autonomy/uwb_imu_localization/install/vectornav_msgs/lib/python3.10/site-packages/vectornav_msgs/msg/_time_group.py
[42.337s] -- Symlinking: /home/asv/asv_autonomy/uwb_imu_localization/install/vectornav_msgs/lib/python3.10/site-packages/vectornav_msgs/msg/_time_group_s.c
[42.355s] -- Symlinking: /home/asv/asv_autonomy/uwb_imu_localization/install/vectornav_msgs/lib/python3.10/site-packages/vectornav_msgs/msg/_time_status.py
[42.372s] -- Symlinking: /home/asv/asv_autonomy/uwb_imu_localization/install/vectornav_msgs/lib/python3.10/site-packages/vectornav_msgs/msg/_time_status_s.c
[42.390s] -- Symlinking: /home/asv/asv_autonomy/uwb_imu_localization/install/vectornav_msgs/lib/python3.10/site-packages/vectornav_msgs/msg/_time_utc.py
[42.407s] -- Symlinking: /home/asv/asv_autonomy/uwb_imu_localization/install/vectornav_msgs/lib/python3.10/site-packages/vectornav_msgs/msg/_time_utc_s.c
[42.425s] -- Symlinking: /home/asv/asv_autonomy/uwb_imu_localization/install/vectornav_msgs/lib/python3.10/site-packages/vectornav_msgs/msg/_vpe_status.py
[42.447s] -- Symlinking: /home/asv/asv_autonomy/uwb_imu_localization/install/vectornav_msgs/lib/python3.10/site-packages/vectornav_msgs/msg/_vpe_status_s.c
[42.467s] -- Symlinking: /home/asv/asv_autonomy/uwb_imu_localization/install/vectornav_msgs/lib/python3.10/site-packages/vectornav_msgs/vectornav_msgs_s__rosidl_typesupport_c.cpython-310-aarch64-linux-gnu.so
[42.486s] -- Symlinking: /home/asv/asv_autonomy/uwb_imu_localization/install/vectornav_msgs/lib/python3.10/site-packages/vectornav_msgs/vectornav_msgs_s__rosidl_typesupport_fastrtps_c.cpython-310-aarch64-linux-gnu.so
[42.505s] -- Symlinking: /home/asv/asv_autonomy/uwb_imu_localization/install/vectornav_msgs/lib/python3.10/site-packages/vectornav_msgs/vectornav_msgs_s__rosidl_typesupport_introspection_c.cpython-310-aarch64-linux-gnu.so
[42.528s] -- Up-to-date symlink: /home/asv/asv_autonomy/uwb_imu_localization/install/vectornav_msgs/lib/python3.10/site-packages/vectornav_msgs/vectornav_msgs_s__rosidl_typesupport_fastrtps_c.cpython-310-aarch64-linux-gnu.so
[42.529s] -- Up-to-date symlink: /home/asv/asv_autonomy/uwb_imu_localization/install/vectornav_msgs/lib/python3.10/site-packages/vectornav_msgs/vectornav_msgs_s__rosidl_typesupport_introspection_c.cpython-310-aarch64-linux-gnu.so
[42.530s] -- Up-to-date symlink: /home/asv/asv_autonomy/uwb_imu_localization/install/vectornav_msgs/lib/python3.10/site-packages/vectornav_msgs/vectornav_msgs_s__rosidl_typesupport_c.cpython-310-aarch64-linux-gnu.so
[42.531s] -- Symlinking: /home/asv/asv_autonomy/uwb_imu_localization/install/vectornav_msgs/share/vectornav_msgs/msg/AttitudeGroup.idl
[42.552s] -- Symlinking: /home/asv/asv_autonomy/uwb_imu_localization/install/vectornav_msgs/share/vectornav_msgs/msg/CommonGroup.idl
[42.573s] -- Symlinking: /home/asv/asv_autonomy/uwb_imu_localization/install/vectornav_msgs/share/vectornav_msgs/msg/DOP.idl
[42.594s] -- Symlinking: /home/asv/asv_autonomy/uwb_imu_localization/install/vectornav_msgs/share/vectornav_msgs/msg/GpsGroup.idl
[42.615s] -- Symlinking: /home/asv/asv_autonomy/uwb_imu_localization/install/vectornav_msgs/share/vectornav_msgs/msg/ImuGroup.idl
[42.634s] -- Symlinking: /home/asv/asv_autonomy/uwb_imu_localization/install/vectornav_msgs/share/vectornav_msgs/msg/InsGroup.idl
[42.652s] -- Symlinking: /home/asv/asv_autonomy/uwb_imu_localization/install/vectornav_msgs/share/vectornav_msgs/msg/InsStatus.idl
[42.673s] -- Symlinking: /home/asv/asv_autonomy/uwb_imu_localization/install/vectornav_msgs/share/vectornav_msgs/msg/TimeGroup.idl
[42.694s] -- Symlinking: /home/asv/asv_autonomy/uwb_imu_localization/install/vectornav_msgs/share/vectornav_msgs/msg/TimeStatus.idl
[42.715s] -- Symlinking: /home/asv/asv_autonomy/uwb_imu_localization/install/vectornav_msgs/share/vectornav_msgs/msg/TimeUTC.idl
[42.735s] -- Symlinking: /home/asv/asv_autonomy/uwb_imu_localization/install/vectornav_msgs/share/vectornav_msgs/msg/VpeStatus.idl
[42.755s] -- Symlinking: /home/asv/asv_autonomy/uwb_imu_localization/install/vectornav_msgs/share/vectornav_msgs/action/MagCal.idl
[42.776s] -- Symlinking: /home/asv/asv_autonomy/uwb_imu_localization/install/vectornav_msgs/share/vectornav_msgs/msg/AttitudeGroup.msg
[42.799s] -- Symlinking: /home/asv/asv_autonomy/uwb_imu_localization/install/vectornav_msgs/share/vectornav_msgs/msg/CommonGroup.msg
[42.821s] -- Symlinking: /home/asv/asv_autonomy/uwb_imu_localization/install/vectornav_msgs/share/vectornav_msgs/msg/DOP.msg
[42.843s] -- Symlinking: /home/asv/asv_autonomy/uwb_imu_localization/install/vectornav_msgs/share/vectornav_msgs/msg/GpsGroup.msg
[42.861s] -- Symlinking: /home/asv/asv_autonomy/uwb_imu_localization/install/vectornav_msgs/share/vectornav_msgs/msg/ImuGroup.msg
[42.881s] -- Symlinking: /home/asv/asv_autonomy/uwb_imu_localization/install/vectornav_msgs/share/vectornav_msgs/msg/InsGroup.msg
[42.898s] -- Symlinking: /home/asv/asv_autonomy/uwb_imu_localization/install/vectornav_msgs/share/vectornav_msgs/msg/InsStatus.msg
[42.916s] -- Symlinking: /home/asv/asv_autonomy/uwb_imu_localization/install/vectornav_msgs/share/vectornav_msgs/msg/TimeGroup.msg
[42.945s] -- Symlinking: /home/asv/asv_autonomy/uwb_imu_localization/install/vectornav_msgs/share/vectornav_msgs/msg/TimeStatus.msg
[42.966s] -- Symlinking: /home/asv/asv_autonomy/uwb_imu_localization/install/vectornav_msgs/share/vectornav_msgs/msg/TimeUTC.msg
[42.991s] -- Symlinking: /home/asv/asv_autonomy/uwb_imu_localization/install/vectornav_msgs/share/vectornav_msgs/msg/VpeStatus.msg
[43.012s] -- Symlinking: /home/asv/asv_autonomy/uwb_imu_localization/install/vectornav_msgs/share/vectornav_msgs/action/MagCal.action
[43.031s] -- Symlinking: /home/asv/asv_autonomy/uwb_imu_localization/install/vectornav_msgs/share/ament_index/resource_index/package_run_dependencies/vectornav_msgs
[43.057s] -- Symlinking: /home/asv/asv_autonomy/uwb_imu_localization/install/vectornav_msgs/share/ament_index/resource_index/parent_prefix_path/vectornav_msgs
[43.076s] -- Symlinking: /home/asv/asv_autonomy/uwb_imu_localization/install/vectornav_msgs/share/vectornav_msgs/environment/ament_prefix_path.sh
[43.098s] -- Symlinking: /home/asv/asv_autonomy/uwb_imu_localization/install/vectornav_msgs/share/vectornav_msgs/environment/ament_prefix_path.dsv
[43.119s] -- Symlinking: /home/asv/asv_autonomy/uwb_imu_localization/install/vectornav_msgs/share/vectornav_msgs/environment/path.sh
[43.141s] -- Symlinking: /home/asv/asv_autonomy/uwb_imu_localization/install/vectornav_msgs/share/vectornav_msgs/environment/path.dsv
[43.168s] -- Symlinking: /home/asv/asv_autonomy/uwb_imu_localization/install/vectornav_msgs/share/vectornav_msgs/local_setup.bash
[43.189s] -- Symlinking: /home/asv/asv_autonomy/uwb_imu_localization/install/vectornav_msgs/share/vectornav_msgs/local_setup.sh
[43.211s] -- Symlinking: /home/asv/asv_autonomy/uwb_imu_localization/install/vectornav_msgs/share/vectornav_msgs/local_setup.zsh
[43.233s] -- Symlinking: /home/asv/asv_autonomy/uwb_imu_localization/install/vectornav_msgs/share/vectornav_msgs/local_setup.dsv
[43.255s] -- Symlinking: /home/asv/asv_autonomy/uwb_imu_localization/install/vectornav_msgs/share/vectornav_msgs/package.dsv
[43.274s] -- Symlinking: /home/asv/asv_autonomy/uwb_imu_localization/install/vectornav_msgs/share/ament_index/resource_index/packages/vectornav_msgs
[43.299s] -- Symlinking: /home/asv/asv_autonomy/uwb_imu_localization/install/vectornav_msgs/share/vectornav_msgs/cmake/rosidl_cmake-extras.cmake
[43.320s] -- Symlinking: /home/asv/asv_autonomy/uwb_imu_localization/install/vectornav_msgs/share/vectornav_msgs/cmake/ament_cmake_export_dependencies-extras.cmake
[43.346s] -- Symlinking: /home/asv/asv_autonomy/uwb_imu_localization/install/vectornav_msgs/share/vectornav_msgs/cmake/ament_cmake_export_include_directories-extras.cmake
[43.367s] -- Symlinking: /home/asv/asv_autonomy/uwb_imu_localization/install/vectornav_msgs/share/vectornav_msgs/cmake/ament_cmake_export_libraries-extras.cmake
[43.388s] -- Symlinking: /home/asv/asv_autonomy/uwb_imu_localization/install/vectornav_msgs/share/vectornav_msgs/cmake/ament_cmake_export_targets-extras.cmake
[43.410s] -- Symlinking: /home/asv/asv_autonomy/uwb_imu_localization/install/vectornav_msgs/share/vectornav_msgs/cmake/rosidl_cmake_export_typesupport_targets-extras.cmake
[43.432s] -- Symlinking: /home/asv/asv_autonomy/uwb_imu_localization/install/vectornav_msgs/share/vectornav_msgs/cmake/rosidl_cmake_export_typesupport_libraries-extras.cmake
[43.453s] -- Symlinking: /home/asv/asv_autonomy/uwb_imu_localization/install/vectornav_msgs/share/vectornav_msgs/cmake/vectornav_msgsConfig.cmake
[43.471s] -- Symlinking: /home/asv/asv_autonomy/uwb_imu_localization/install/vectornav_msgs/share/vectornav_msgs/cmake/vectornav_msgsConfig-version.cmake
[43.488s] -- Symlinking: /home/asv/asv_autonomy/uwb_imu_localization/install/vectornav_msgs/share/vectornav_msgs/package.xml
[43.508s] -- Installing: /home/asv/asv_autonomy/uwb_imu_localization/install/vectornav_msgs/lib/libvectornav_msgs__rosidl_generator_c.so
[43.510s] -- Set runtime path of "/home/asv/asv_autonomy/uwb_imu_localization/install/vectornav_msgs/lib/libvectornav_msgs__rosidl_generator_c.so" to ""
[43.510s] -- Installing: /home/asv/asv_autonomy/uwb_imu_localization/install/vectornav_msgs/lib/libvectornav_msgs__rosidl_typesupport_fastrtps_c.so
[43.512s] -- Set runtime path of "/home/asv/asv_autonomy/uwb_imu_localization/install/vectornav_msgs/lib/libvectornav_msgs__rosidl_typesupport_fastrtps_c.so" to ""
[43.512s] -- Installing: /home/asv/asv_autonomy/uwb_imu_localization/install/vectornav_msgs/lib/libvectornav_msgs__rosidl_typesupport_fastrtps_cpp.so
[43.514s] -- Set runtime path of "/home/asv/asv_autonomy/uwb_imu_localization/install/vectornav_msgs/lib/libvectornav_msgs__rosidl_typesupport_fastrtps_cpp.so" to ""
[43.515s] -- Installing: /home/asv/asv_autonomy/uwb_imu_localization/install/vectornav_msgs/lib/libvectornav_msgs__rosidl_typesupport_introspection_c.so
[43.516s] -- Set runtime path of "/home/asv/asv_autonomy/uwb_imu_localization/install/vectornav_msgs/lib/libvectornav_msgs__rosidl_typesupport_introspection_c.so" to ""
[43.516s] -- Installing: /home/asv/asv_autonomy/uwb_imu_localization/install/vectornav_msgs/lib/libvectornav_msgs__rosidl_typesupport_c.so
[43.517s] -- Set runtime path of "/home/asv/asv_autonomy/uwb_imu_localization/install/vectornav_msgs/lib/libvectornav_msgs__rosidl_typesupport_c.so" to ""
[43.517s] -- Installing: /home/asv/asv_autonomy/uwb_imu_localization/install/vectornav_msgs/lib/libvectornav_msgs__rosidl_typesupport_introspection_cpp.so
[43.519s] -- Set runtime path of "/home/asv/asv_autonomy/uwb_imu_localization/install/vectornav_msgs/lib/libvectornav_msgs__rosidl_typesupport_introspection_cpp.so" to ""
[43.519s] -- Installing: /home/asv/asv_autonomy/uwb_imu_localization/install/vectornav_msgs/lib/libvectornav_msgs__rosidl_typesupport_cpp.so
[43.520s] -- Set runtime path of "/home/asv/asv_autonomy/uwb_imu_localization/install/vectornav_msgs/lib/libvectornav_msgs__rosidl_typesupport_cpp.so" to ""
[43.671s] Listing '/home/asv/asv_autonomy/uwb_imu_localization/install/vectornav_msgs/lib/python3.10/site-packages/vectornav_msgs'...
[43.671s] Compiling '/home/asv/asv_autonomy/uwb_imu_localization/install/vectornav_msgs/lib/python3.10/site-packages/vectornav_msgs/__init__.py'...
[43.672s] Listing '/home/asv/asv_autonomy/uwb_imu_localization/install/vectornav_msgs/lib/python3.10/site-packages/vectornav_msgs/action'...
[43.672s] Compiling '/home/asv/asv_autonomy/uwb_imu_localization/install/vectornav_msgs/lib/python3.10/site-packages/vectornav_msgs/action/__init__.py'...
[43.672s] Compiling '/home/asv/asv_autonomy/uwb_imu_localization/install/vectornav_msgs/lib/python3.10/site-packages/vectornav_msgs/action/_mag_cal.py'...
[43.672s] Listing '/home/asv/asv_autonomy/uwb_imu_localization/install/vectornav_msgs/lib/python3.10/site-packages/vectornav_msgs/msg'...
[43.672s] Compiling '/home/asv/asv_autonomy/uwb_imu_localization/install/vectornav_msgs/lib/python3.10/site-packages/vectornav_msgs/msg/__init__.py'...
[43.672s] Compiling '/home/asv/asv_autonomy/uwb_imu_localization/install/vectornav_msgs/lib/python3.10/site-packages/vectornav_msgs/msg/_attitude_group.py'...
[43.672s] Compiling '/home/asv/asv_autonomy/uwb_imu_localization/install/vectornav_msgs/lib/python3.10/site-packages/vectornav_msgs/msg/_common_group.py'...
[43.672s] Compiling '/home/asv/asv_autonomy/uwb_imu_localization/install/vectornav_msgs/lib/python3.10/site-packages/vectornav_msgs/msg/_dop.py'...
[43.672s] Compiling '/home/asv/asv_autonomy/uwb_imu_localization/install/vectornav_msgs/lib/python3.10/site-packages/vectornav_msgs/msg/_gps_group.py'...
[43.673s] Compiling '/home/asv/asv_autonomy/uwb_imu_localization/install/vectornav_msgs/lib/python3.10/site-packages/vectornav_msgs/msg/_imu_group.py'...
[43.673s] Compiling '/home/asv/asv_autonomy/uwb_imu_localization/install/vectornav_msgs/lib/python3.10/site-packages/vectornav_msgs/msg/_ins_group.py'...
[43.673s] Compiling '/home/asv/asv_autonomy/uwb_imu_localization/install/vectornav_msgs/lib/python3.10/site-packages/vectornav_msgs/msg/_ins_status.py'...
[43.673s] Compiling '/home/asv/asv_autonomy/uwb_imu_localization/install/vectornav_msgs/lib/python3.10/site-packages/vectornav_msgs/msg/_time_group.py'...
[43.673s] Compiling '/home/asv/asv_autonomy/uwb_imu_localization/install/vectornav_msgs/lib/python3.10/site-packages/vectornav_msgs/msg/_time_status.py'...
[43.673s] Compiling '/home/asv/asv_autonomy/uwb_imu_localization/install/vectornav_msgs/lib/python3.10/site-packages/vectornav_msgs/msg/_time_utc.py'...
[43.673s] Compiling '/home/asv/asv_autonomy/uwb_imu_localization/install/vectornav_msgs/lib/python3.10/site-packages/vectornav_msgs/msg/_vpe_status.py'...
[43.685s] -- Installing: /home/asv/asv_autonomy/uwb_imu_localization/install/vectornav_msgs/lib/libvectornav_msgs__rosidl_generator_py.so
[43.686s] -- Set runtime path of "/home/asv/asv_autonomy/uwb_imu_localization/install/vectornav_msgs/lib/libvectornav_msgs__rosidl_generator_py.so" to ""
[43.687s] -- Installing: /home/asv/asv_autonomy/uwb_imu_localization/install/vectornav_msgs/share/vectornav_msgs/cmake/export_vectornav_msgs__rosidl_generator_cExport.cmake
[43.687s] -- Installing: /home/asv/asv_autonomy/uwb_imu_localization/install/vectornav_msgs/share/vectornav_msgs/cmake/export_vectornav_msgs__rosidl_generator_cExport-noconfig.cmake
[43.688s] -- Installing: /home/asv/asv_autonomy/uwb_imu_localization/install/vectornav_msgs/share/vectornav_msgs/cmake/export_vectornav_msgs__rosidl_typesupport_fastrtps_cExport.cmake
[43.688s] -- Installing: /home/asv/asv_autonomy/uwb_imu_localization/install/vectornav_msgs/share/vectornav_msgs/cmake/export_vectornav_msgs__rosidl_typesupport_fastrtps_cExport-noconfig.cmake
[43.689s] -- Installing: /home/asv/asv_autonomy/uwb_imu_localization/install/vectornav_msgs/share/vectornav_msgs/cmake/export_vectornav_msgs__rosidl_generator_cppExport.cmake
[43.689s] -- Installing: /home/asv/asv_autonomy/uwb_imu_localization/install/vectornav_msgs/share/vectornav_msgs/cmake/export_vectornav_msgs__rosidl_typesupport_fastrtps_cppExport.cmake
[43.690s] -- Installing: /home/asv/asv_autonomy/uwb_imu_localization/install/vectornav_msgs/share/vectornav_msgs/cmake/export_vectornav_msgs__rosidl_typesupport_fastrtps_cppExport-noconfig.cmake
[43.690s] -- Installing: /home/asv/asv_autonomy/uwb_imu_localization/install/vectornav_msgs/share/vectornav_msgs/cmake/vectornav_msgs__rosidl_typesupport_introspection_cExport.cmake
[43.691s] -- Installing: /home/asv/asv_autonomy/uwb_imu_localization/install/vectornav_msgs/share/vectornav_msgs/cmake/vectornav_msgs__rosidl_typesupport_introspection_cExport-noconfig.cmake
[43.691s] -- Installing: /home/asv/asv_autonomy/uwb_imu_localization/install/vectornav_msgs/share/vectornav_msgs/cmake/vectornav_msgs__rosidl_typesupport_cExport.cmake
[43.692s] -- Installing: /home/asv/asv_autonomy/uwb_imu_localization/install/vectornav_msgs/share/vectornav_msgs/cmake/vectornav_msgs__rosidl_typesupport_cExport-noconfig.cmake
[43.693s] -- Installing: /home/asv/asv_autonomy/uwb_imu_localization/install/vectornav_msgs/share/vectornav_msgs/cmake/vectornav_msgs__rosidl_typesupport_introspection_cppExport.cmake
[43.693s] -- Installing: /home/asv/asv_autonomy/uwb_imu_localization/install/vectornav_msgs/share/vectornav_msgs/cmake/vectornav_msgs__rosidl_typesupport_introspection_cppExport-noconfig.cmake
[43.694s] -- Installing: /home/asv/asv_autonomy/uwb_imu_localization/install/vectornav_msgs/share/vectornav_msgs/cmake/vectornav_msgs__rosidl_typesupport_cppExport.cmake
[43.694s] -- Installing: /home/asv/asv_autonomy/uwb_imu_localization/install/vectornav_msgs/share/vectornav_msgs/cmake/vectornav_msgs__rosidl_typesupport_cppExport-noconfig.cmake
[43.695s] -- Installing: /home/asv/asv_autonomy/uwb_imu_localization/install/vectornav_msgs/share/vectornav_msgs/cmake/export_vectornav_msgs__rosidl_generator_pyExport.cmake
[43.695s] -- Installing: /home/asv/asv_autonomy/uwb_imu_localization/install/vectornav_msgs/share/vectornav_msgs/cmake/export_vectornav_msgs__rosidl_generator_pyExport-noconfig.cmake
[43.706s] Invoked command in '/home/asv/asv_autonomy/uwb_imu_localization/build/vectornav_msgs' returned '0': CMAKE_PREFIX_PATH=${CMAKE_PREFIX_PATH}:/home/asv/asv_autonomy/uwb_imu_localization/install/ekf_fusion:/home/asv/asv_autonomy/uwb_imu_localization/install/uwb_tracking_ros2:/opt/ros/humble CONDA_PROMPT_MODIFIER=(asv_localization) /usr/bin/cmake --install /home/asv/asv_autonomy/uwb_imu_localization/build/vectornav_msgs
