[0.192s] DEBUG:colcon:Command line arguments: ['/usr/bin/colcon', 'build', '--symlink-install']
[0.192s] DEBUG:colcon:Parsed command line arguments: Namespace(log_base=None, log_level=None, verb_name='build', build_base='build', install_base='install', merge_install=False, symlink_install=True, test_result_base=None, continue_on_error=False, executor='parallel', parallel_workers=8, event_handlers=None, ignore_user_meta=False, metas=['./colcon.meta'], base_paths=['.'], packages_ignore=None, packages_ignore_regex=None, paths=None, packages_up_to=None, packages_up_to_regex=None, packages_above=None, packages_above_and_dependencies=None, packages_above_depth=None, packages_select_by_dep=None, packages_skip_by_dep=None, packages_skip_up_to=None, packages_select_build_failed=False, packages_skip_build_finished=False, packages_select_test_failures=False, packages_skip_test_passed=False, packages_select=None, packages_skip=None, packages_select_regex=None, packages_skip_regex=None, packages_start=None, packages_end=None, allow_overriding=[], cmake_args=None, cmake_target=None, cmake_target_skip_unavailable=False, cmake_clean_cache=False, cmake_clean_first=False, cmake_force_configure=False, ament_cmake_args=None, catkin_cmake_args=None, catkin_skip_building_tests=False, verb_parser=<colcon_defaults.argument_parser.defaults.DefaultArgumentsDecorator object at 0xffff833298d0>, verb_extension=<colcon_core.verb.build.BuildVerb object at 0xffff834dec50>, main=<bound method BuildVerb.main of <colcon_core.verb.build.BuildVerb object at 0xffff834dec50>>)
[0.488s] Level 1:colcon.colcon_core.package_discovery:discover_packages(colcon_meta) check parameters
[0.491s] INFO:colcon.colcon_metadata.package_discovery.colcon_meta:Using configuration from '/home/asv/asv_autonomy/uwb_imu_localization/colcon.meta'
[0.491s] Level 1:colcon.colcon_core.package_discovery:discover_packages(recursive) check parameters
[0.492s] Level 1:colcon.colcon_core.package_discovery:discover_packages(ignore) check parameters
[0.492s] Level 1:colcon.colcon_core.package_discovery:discover_packages(path) check parameters
[0.492s] Level 1:colcon.colcon_core.package_discovery:discover_packages(colcon_meta) discover
[0.492s] Level 1:colcon.colcon_core.package_discovery:discover_packages(recursive) discover
[0.492s] INFO:colcon.colcon_core.package_discovery:Crawling recursively for packages in '/home/asv/asv_autonomy/uwb_imu_localization'
[0.492s] Level 1:colcon.colcon_core.package_identification:_identify(.) by extensions ['ignore', 'ignore_ament_install']
[0.492s] Level 1:colcon.colcon_core.package_identification:_identify(.) by extension 'ignore'
[0.492s] Level 1:colcon.colcon_core.package_identification:_identify(.) by extension 'ignore_ament_install'
[0.493s] Level 1:colcon.colcon_core.package_identification:_identify(.) by extensions ['colcon_pkg']
[0.493s] Level 1:colcon.colcon_core.package_identification:_identify(.) by extension 'colcon_pkg'
[0.493s] Level 1:colcon.colcon_core.package_identification:_identify(.) by extensions ['colcon_meta']
[0.493s] Level 1:colcon.colcon_core.package_identification:_identify(.) by extension 'colcon_meta'
[0.493s] Level 1:colcon.colcon_core.package_identification:_identify(.) by extensions ['ros']
[0.493s] Level 1:colcon.colcon_core.package_identification:_identify(.) by extension 'ros'
[0.515s] Level 1:colcon.colcon_core.package_identification:_identify(.) by extensions ['cmake', 'python']
[0.515s] Level 1:colcon.colcon_core.package_identification:_identify(.) by extension 'cmake'
[0.515s] Level 1:colcon.colcon_core.package_identification:_identify(.) by extension 'python'
[0.515s] Level 1:colcon.colcon_core.package_identification:_identify(.) by extensions ['python_setup_py']
[0.516s] Level 1:colcon.colcon_core.package_identification:_identify(.) by extension 'python_setup_py'
[0.516s] Level 1:colcon.colcon_core.package_identification:_identify(build) by extensions ['ignore', 'ignore_ament_install']
[0.516s] Level 1:colcon.colcon_core.package_identification:_identify(build) by extension 'ignore'
[0.516s] Level 1:colcon.colcon_core.package_identification:_identify(build) ignored
[0.516s] Level 1:colcon.colcon_core.package_identification:_identify(install) by extensions ['ignore', 'ignore_ament_install']
[0.517s] Level 1:colcon.colcon_core.package_identification:_identify(install) by extension 'ignore'
[0.517s] Level 1:colcon.colcon_core.package_identification:_identify(install) ignored
[0.517s] Level 1:colcon.colcon_core.package_identification:_identify(log) by extensions ['ignore', 'ignore_ament_install']
[0.517s] Level 1:colcon.colcon_core.package_identification:_identify(log) by extension 'ignore'
[0.517s] Level 1:colcon.colcon_core.package_identification:_identify(log) ignored
[0.517s] Level 1:colcon.colcon_core.package_identification:_identify(src) by extensions ['ignore', 'ignore_ament_install']
[0.517s] Level 1:colcon.colcon_core.package_identification:_identify(src) by extension 'ignore'
[0.517s] Level 1:colcon.colcon_core.package_identification:_identify(src) by extension 'ignore_ament_install'
[0.518s] Level 1:colcon.colcon_core.package_identification:_identify(src) by extensions ['colcon_pkg']
[0.518s] Level 1:colcon.colcon_core.package_identification:_identify(src) by extension 'colcon_pkg'
[0.518s] Level 1:colcon.colcon_core.package_identification:_identify(src) by extensions ['colcon_meta']
[0.518s] Level 1:colcon.colcon_core.package_identification:_identify(src) by extension 'colcon_meta'
[0.518s] Level 1:colcon.colcon_core.package_identification:_identify(src) by extensions ['ros']
[0.518s] Level 1:colcon.colcon_core.package_identification:_identify(src) by extension 'ros'
[0.518s] Level 1:colcon.colcon_core.package_identification:_identify(src) by extensions ['cmake', 'python']
[0.518s] Level 1:colcon.colcon_core.package_identification:_identify(src) by extension 'cmake'
[0.518s] Level 1:colcon.colcon_core.package_identification:_identify(src) by extension 'python'
[0.518s] Level 1:colcon.colcon_core.package_identification:_identify(src) by extensions ['python_setup_py']
[0.518s] Level 1:colcon.colcon_core.package_identification:_identify(src) by extension 'python_setup_py'
[0.519s] Level 1:colcon.colcon_core.package_identification:_identify(src/ekf_fusion) by extensions ['ignore', 'ignore_ament_install']
[0.519s] Level 1:colcon.colcon_core.package_identification:_identify(src/ekf_fusion) by extension 'ignore'
[0.519s] Level 1:colcon.colcon_core.package_identification:_identify(src/ekf_fusion) by extension 'ignore_ament_install'
[0.519s] Level 1:colcon.colcon_core.package_identification:_identify(src/ekf_fusion) by extensions ['colcon_pkg']
[0.519s] Level 1:colcon.colcon_core.package_identification:_identify(src/ekf_fusion) by extension 'colcon_pkg'
[0.519s] Level 1:colcon.colcon_core.package_identification:_identify(src/ekf_fusion) by extensions ['colcon_meta']
[0.519s] Level 1:colcon.colcon_core.package_identification:_identify(src/ekf_fusion) by extension 'colcon_meta'
[0.519s] Level 1:colcon.colcon_core.package_identification:_identify(src/ekf_fusion) by extensions ['ros']
[0.519s] Level 1:colcon.colcon_core.package_identification:_identify(src/ekf_fusion) by extension 'ros'
[0.524s] DEBUG:colcon.colcon_core.package_identification:Package 'src/ekf_fusion' with type 'ros.ament_python' and name 'ekf_fusion'
[0.524s] Level 1:colcon.colcon_core.package_identification:_identify(src/uwb) by extensions ['ignore', 'ignore_ament_install']
[0.525s] Level 1:colcon.colcon_core.package_identification:_identify(src/uwb) by extension 'ignore'
[0.525s] Level 1:colcon.colcon_core.package_identification:_identify(src/uwb) by extension 'ignore_ament_install'
[0.525s] Level 1:colcon.colcon_core.package_identification:_identify(src/uwb) by extensions ['colcon_pkg']
[0.525s] Level 1:colcon.colcon_core.package_identification:_identify(src/uwb) by extension 'colcon_pkg'
[0.525s] Level 1:colcon.colcon_core.package_identification:_identify(src/uwb) by extensions ['colcon_meta']
[0.525s] Level 1:colcon.colcon_core.package_identification:_identify(src/uwb) by extension 'colcon_meta'
[0.525s] Level 1:colcon.colcon_core.package_identification:_identify(src/uwb) by extensions ['ros']
[0.525s] Level 1:colcon.colcon_core.package_identification:_identify(src/uwb) by extension 'ros'
[0.525s] Level 1:colcon.colcon_core.package_identification:_identify(src/uwb) by extensions ['cmake', 'python']
[0.526s] Level 1:colcon.colcon_core.package_identification:_identify(src/uwb) by extension 'cmake'
[0.526s] Level 1:colcon.colcon_core.package_identification:_identify(src/uwb) by extension 'python'
[0.526s] Level 1:colcon.colcon_core.package_identification:_identify(src/uwb) by extensions ['python_setup_py']
[0.526s] Level 1:colcon.colcon_core.package_identification:_identify(src/uwb) by extension 'python_setup_py'
[0.526s] Level 1:colcon.colcon_core.package_identification:_identify(src/uwb/citrack_ros_msgs) by extensions ['ignore', 'ignore_ament_install']
[0.526s] Level 1:colcon.colcon_core.package_identification:_identify(src/uwb/citrack_ros_msgs) by extension 'ignore'
[0.526s] Level 1:colcon.colcon_core.package_identification:_identify(src/uwb/citrack_ros_msgs) by extension 'ignore_ament_install'
[0.526s] Level 1:colcon.colcon_core.package_identification:_identify(src/uwb/citrack_ros_msgs) by extensions ['colcon_pkg']
[0.526s] Level 1:colcon.colcon_core.package_identification:_identify(src/uwb/citrack_ros_msgs) by extension 'colcon_pkg'
[0.526s] Level 1:colcon.colcon_core.package_identification:_identify(src/uwb/citrack_ros_msgs) by extensions ['colcon_meta']
[0.527s] Level 1:colcon.colcon_core.package_identification:_identify(src/uwb/citrack_ros_msgs) by extension 'colcon_meta'
[0.527s] Level 1:colcon.colcon_core.package_identification:_identify(src/uwb/citrack_ros_msgs) by extensions ['ros']
[0.527s] Level 1:colcon.colcon_core.package_identification:_identify(src/uwb/citrack_ros_msgs) by extension 'ros'
[0.529s] DEBUG:colcon.colcon_core.package_identification:Package 'src/uwb/citrack_ros_msgs' with type 'ros.ament_cmake' and name 'citrack_ros_msgs'
[0.529s] Level 1:colcon.colcon_core.package_identification:_identify(src/uwb/uwb_tracking_ros2) by extensions ['ignore', 'ignore_ament_install']
[0.529s] Level 1:colcon.colcon_core.package_identification:_identify(src/uwb/uwb_tracking_ros2) by extension 'ignore'
[0.529s] Level 1:colcon.colcon_core.package_identification:_identify(src/uwb/uwb_tracking_ros2) by extension 'ignore_ament_install'
[0.530s] Level 1:colcon.colcon_core.package_identification:_identify(src/uwb/uwb_tracking_ros2) by extensions ['colcon_pkg']
[0.530s] Level 1:colcon.colcon_core.package_identification:_identify(src/uwb/uwb_tracking_ros2) by extension 'colcon_pkg'
[0.530s] Level 1:colcon.colcon_core.package_identification:_identify(src/uwb/uwb_tracking_ros2) by extensions ['colcon_meta']
[0.530s] Level 1:colcon.colcon_core.package_identification:_identify(src/uwb/uwb_tracking_ros2) by extension 'colcon_meta'
[0.530s] Level 1:colcon.colcon_core.package_identification:_identify(src/uwb/uwb_tracking_ros2) by extensions ['ros']
[0.530s] Level 1:colcon.colcon_core.package_identification:_identify(src/uwb/uwb_tracking_ros2) by extension 'ros'
[0.532s] DEBUG:colcon.colcon_core.package_identification:Package 'src/uwb/uwb_tracking_ros2' with type 'ros.ament_python' and name 'uwb_tracking_ros2'
[0.532s] Level 1:colcon.colcon_core.package_identification:_identify(src/vectornav) by extensions ['ignore', 'ignore_ament_install']
[0.532s] Level 1:colcon.colcon_core.package_identification:_identify(src/vectornav) by extension 'ignore'
[0.532s] Level 1:colcon.colcon_core.package_identification:_identify(src/vectornav) by extension 'ignore_ament_install'
[0.532s] Level 1:colcon.colcon_core.package_identification:_identify(src/vectornav) by extensions ['colcon_pkg']
[0.532s] Level 1:colcon.colcon_core.package_identification:_identify(src/vectornav) by extension 'colcon_pkg'
[0.532s] Level 1:colcon.colcon_core.package_identification:_identify(src/vectornav) by extensions ['colcon_meta']
[0.532s] Level 1:colcon.colcon_core.package_identification:_identify(src/vectornav) by extension 'colcon_meta'
[0.533s] Level 1:colcon.colcon_core.package_identification:_identify(src/vectornav) by extensions ['ros']
[0.533s] Level 1:colcon.colcon_core.package_identification:_identify(src/vectornav) by extension 'ros'
[0.533s] Level 1:colcon.colcon_core.package_identification:_identify(src/vectornav) by extensions ['cmake', 'python']
[0.533s] Level 1:colcon.colcon_core.package_identification:_identify(src/vectornav) by extension 'cmake'
[0.533s] Level 1:colcon.colcon_core.package_identification:_identify(src/vectornav) by extension 'python'
[0.533s] Level 1:colcon.colcon_core.package_identification:_identify(src/vectornav) by extensions ['python_setup_py']
[0.533s] Level 1:colcon.colcon_core.package_identification:_identify(src/vectornav) by extension 'python_setup_py'
[0.533s] Level 1:colcon.colcon_core.package_identification:_identify(src/vectornav/vectornav) by extensions ['ignore', 'ignore_ament_install']
[0.533s] Level 1:colcon.colcon_core.package_identification:_identify(src/vectornav/vectornav) by extension 'ignore'
[0.534s] Level 1:colcon.colcon_core.package_identification:_identify(src/vectornav/vectornav) by extension 'ignore_ament_install'
[0.534s] Level 1:colcon.colcon_core.package_identification:_identify(src/vectornav/vectornav) by extensions ['colcon_pkg']
[0.534s] Level 1:colcon.colcon_core.package_identification:_identify(src/vectornav/vectornav) by extension 'colcon_pkg'
[0.534s] Level 1:colcon.colcon_core.package_identification:_identify(src/vectornav/vectornav) by extensions ['colcon_meta']
[0.534s] Level 1:colcon.colcon_core.package_identification:_identify(src/vectornav/vectornav) by extension 'colcon_meta'
[0.534s] Level 1:colcon.colcon_core.package_identification:_identify(src/vectornav/vectornav) by extensions ['ros']
[0.534s] Level 1:colcon.colcon_core.package_identification:_identify(src/vectornav/vectornav) by extension 'ros'
[0.536s] DEBUG:colcon.colcon_core.package_identification:Package 'src/vectornav/vectornav' with type 'ros.ament_cmake' and name 'vectornav'
[0.536s] Level 1:colcon.colcon_core.package_identification:_identify(src/vectornav/vectornav_msgs) by extensions ['ignore', 'ignore_ament_install']
[0.536s] Level 1:colcon.colcon_core.package_identification:_identify(src/vectornav/vectornav_msgs) by extension 'ignore'
[0.536s] Level 1:colcon.colcon_core.package_identification:_identify(src/vectornav/vectornav_msgs) by extension 'ignore_ament_install'
[0.536s] Level 1:colcon.colcon_core.package_identification:_identify(src/vectornav/vectornav_msgs) by extensions ['colcon_pkg']
[0.536s] Level 1:colcon.colcon_core.package_identification:_identify(src/vectornav/vectornav_msgs) by extension 'colcon_pkg'
[0.537s] Level 1:colcon.colcon_core.package_identification:_identify(src/vectornav/vectornav_msgs) by extensions ['colcon_meta']
[0.537s] Level 1:colcon.colcon_core.package_identification:_identify(src/vectornav/vectornav_msgs) by extension 'colcon_meta'
[0.537s] Level 1:colcon.colcon_core.package_identification:_identify(src/vectornav/vectornav_msgs) by extensions ['ros']
[0.537s] Level 1:colcon.colcon_core.package_identification:_identify(src/vectornav/vectornav_msgs) by extension 'ros'
[0.538s] DEBUG:colcon.colcon_core.package_identification:Package 'src/vectornav/vectornav_msgs' with type 'ros.ament_cmake' and name 'vectornav_msgs'
[0.538s] Level 1:colcon.colcon_core.package_discovery:discover_packages(recursive) using defaults
[0.538s] Level 1:colcon.colcon_core.package_discovery:discover_packages(ignore) discover
[0.538s] Level 1:colcon.colcon_core.package_discovery:discover_packages(ignore) using defaults
[0.538s] Level 1:colcon.colcon_core.package_discovery:discover_packages(path) discover
[0.538s] Level 1:colcon.colcon_core.package_discovery:discover_packages(path) using defaults
[0.578s] Level 1:colcon.colcon_core.package_discovery:discover_packages(prefix_path) check parameters
[0.578s] Level 1:colcon.colcon_core.package_discovery:discover_packages(prefix_path) discover
[0.580s] WARNING:colcon.colcon_ros.prefix_path.ament:The path '/home/asv/asv_autonomy/uwb_imu_localization/install/ekf_fusion' in the environment variable AMENT_PREFIX_PATH doesn't exist
[0.580s] WARNING:colcon.colcon_ros.prefix_path.ament:The path '/home/asv/asv_autonomy/uwb_imu_localization/install/vectornav' in the environment variable AMENT_PREFIX_PATH doesn't exist
[0.580s] WARNING:colcon.colcon_ros.prefix_path.ament:The path '/home/asv/asv_autonomy/uwb_imu_localization/install/vectornav_msgs' in the environment variable AMENT_PREFIX_PATH doesn't exist
[0.580s] WARNING:colcon.colcon_ros.prefix_path.ament:The path '/home/asv/asv_autonomy/uwb_imu_localization/install/uwb_tracking_ros2' in the environment variable AMENT_PREFIX_PATH doesn't exist
[0.580s] WARNING:colcon.colcon_ros.prefix_path.ament:The path '/home/asv/asv_autonomy/uwb_imu_localization/install/citrack_ros_msgs' in the environment variable AMENT_PREFIX_PATH doesn't exist
[0.580s] WARNING:colcon.colcon_ros.prefix_path.catkin:The path '/home/asv/asv_autonomy/uwb_imu_localization/install/vectornav' in the environment variable CMAKE_PREFIX_PATH doesn't exist
[0.580s] WARNING:colcon.colcon_ros.prefix_path.catkin:The path '/home/asv/asv_autonomy/uwb_imu_localization/install/vectornav_msgs' in the environment variable CMAKE_PREFIX_PATH doesn't exist
[0.581s] WARNING:colcon.colcon_ros.prefix_path.catkin:The path '/home/asv/asv_autonomy/uwb_imu_localization/install/citrack_ros_msgs' in the environment variable CMAKE_PREFIX_PATH doesn't exist
[0.582s] DEBUG:colcon.colcon_installed_package_information.package_discovery:Found 0 installed packages in /home/asv/asv_autonomy/uwb_imu_localization/install
[0.584s] DEBUG:colcon.colcon_installed_package_information.package_discovery:Found 276 installed packages in /opt/ros/humble
[0.614s] Level 1:colcon.colcon_core.package_discovery:discover_packages(prefix_path) using defaults
[0.683s] Level 5:colcon.colcon_core.verb:set package 'citrack_ros_msgs' build argument 'cmake_args' from command line to 'None'
[0.683s] Level 5:colcon.colcon_core.verb:set package 'citrack_ros_msgs' build argument 'cmake_target' from command line to 'None'
[0.683s] Level 5:colcon.colcon_core.verb:set package 'citrack_ros_msgs' build argument 'cmake_target_skip_unavailable' from command line to 'False'
[0.683s] Level 5:colcon.colcon_core.verb:set package 'citrack_ros_msgs' build argument 'cmake_clean_cache' from command line to 'False'
[0.683s] Level 5:colcon.colcon_core.verb:set package 'citrack_ros_msgs' build argument 'cmake_clean_first' from command line to 'False'
[0.683s] Level 5:colcon.colcon_core.verb:set package 'citrack_ros_msgs' build argument 'cmake_force_configure' from command line to 'False'
[0.683s] Level 5:colcon.colcon_core.verb:set package 'citrack_ros_msgs' build argument 'ament_cmake_args' from command line to 'None'
[0.683s] Level 5:colcon.colcon_core.verb:set package 'citrack_ros_msgs' build argument 'catkin_cmake_args' from command line to 'None'
[0.683s] Level 5:colcon.colcon_core.verb:set package 'citrack_ros_msgs' build argument 'catkin_skip_building_tests' from command line to 'False'
[0.683s] DEBUG:colcon.colcon_core.verb:Building package 'citrack_ros_msgs' with the following arguments: {'ament_cmake_args': None, 'build_base': '/home/asv/asv_autonomy/uwb_imu_localization/build/citrack_ros_msgs', 'catkin_cmake_args': None, 'catkin_skip_building_tests': False, 'cmake_args': None, 'cmake_clean_cache': False, 'cmake_clean_first': False, 'cmake_force_configure': False, 'cmake_target': None, 'cmake_target_skip_unavailable': False, 'install_base': '/home/asv/asv_autonomy/uwb_imu_localization/install/citrack_ros_msgs', 'merge_install': False, 'path': '/home/asv/asv_autonomy/uwb_imu_localization/src/uwb/citrack_ros_msgs', 'symlink_install': True, 'test_result_base': None}
[0.684s] Level 5:colcon.colcon_core.verb:set package 'ekf_fusion' build argument 'cmake_args' from command line to 'None'
[0.684s] Level 5:colcon.colcon_core.verb:set package 'ekf_fusion' build argument 'cmake_target' from command line to 'None'
[0.684s] Level 5:colcon.colcon_core.verb:set package 'ekf_fusion' build argument 'cmake_target_skip_unavailable' from command line to 'False'
[0.684s] Level 5:colcon.colcon_core.verb:set package 'ekf_fusion' build argument 'cmake_clean_cache' from command line to 'False'
[0.684s] Level 5:colcon.colcon_core.verb:set package 'ekf_fusion' build argument 'cmake_clean_first' from command line to 'False'
[0.684s] Level 5:colcon.colcon_core.verb:set package 'ekf_fusion' build argument 'cmake_force_configure' from command line to 'False'
[0.684s] Level 5:colcon.colcon_core.verb:set package 'ekf_fusion' build argument 'ament_cmake_args' from command line to 'None'
[0.684s] Level 5:colcon.colcon_core.verb:set package 'ekf_fusion' build argument 'catkin_cmake_args' from command line to 'None'
[0.684s] Level 5:colcon.colcon_core.verb:set package 'ekf_fusion' build argument 'catkin_skip_building_tests' from command line to 'False'
[0.685s] DEBUG:colcon.colcon_core.verb:Building package 'ekf_fusion' with the following arguments: {'ament_cmake_args': None, 'build_base': '/home/asv/asv_autonomy/uwb_imu_localization/build/ekf_fusion', 'catkin_cmake_args': None, 'catkin_skip_building_tests': False, 'cmake_args': None, 'cmake_clean_cache': False, 'cmake_clean_first': False, 'cmake_force_configure': False, 'cmake_target': None, 'cmake_target_skip_unavailable': False, 'install_base': '/home/asv/asv_autonomy/uwb_imu_localization/install/ekf_fusion', 'merge_install': False, 'path': '/home/asv/asv_autonomy/uwb_imu_localization/src/ekf_fusion', 'symlink_install': True, 'test_result_base': None}
[0.685s] Level 5:colcon.colcon_core.verb:set package 'uwb_tracking_ros2' build argument 'cmake_args' from command line to 'None'
[0.685s] Level 5:colcon.colcon_core.verb:set package 'uwb_tracking_ros2' build argument 'cmake_target' from command line to 'None'
[0.685s] Level 5:colcon.colcon_core.verb:set package 'uwb_tracking_ros2' build argument 'cmake_target_skip_unavailable' from command line to 'False'
[0.685s] Level 5:colcon.colcon_core.verb:set package 'uwb_tracking_ros2' build argument 'cmake_clean_cache' from command line to 'False'
[0.685s] Level 5:colcon.colcon_core.verb:set package 'uwb_tracking_ros2' build argument 'cmake_clean_first' from command line to 'False'
[0.685s] Level 5:colcon.colcon_core.verb:set package 'uwb_tracking_ros2' build argument 'cmake_force_configure' from command line to 'False'
[0.685s] Level 5:colcon.colcon_core.verb:set package 'uwb_tracking_ros2' build argument 'ament_cmake_args' from command line to 'None'
[0.685s] Level 5:colcon.colcon_core.verb:set package 'uwb_tracking_ros2' build argument 'catkin_cmake_args' from command line to 'None'
[0.685s] Level 5:colcon.colcon_core.verb:set package 'uwb_tracking_ros2' build argument 'catkin_skip_building_tests' from command line to 'False'
[0.685s] DEBUG:colcon.colcon_core.verb:Building package 'uwb_tracking_ros2' with the following arguments: {'ament_cmake_args': None, 'build_base': '/home/asv/asv_autonomy/uwb_imu_localization/build/uwb_tracking_ros2', 'catkin_cmake_args': None, 'catkin_skip_building_tests': False, 'cmake_args': None, 'cmake_clean_cache': False, 'cmake_clean_first': False, 'cmake_force_configure': False, 'cmake_target': None, 'cmake_target_skip_unavailable': False, 'install_base': '/home/asv/asv_autonomy/uwb_imu_localization/install/uwb_tracking_ros2', 'merge_install': False, 'path': '/home/asv/asv_autonomy/uwb_imu_localization/src/uwb/uwb_tracking_ros2', 'symlink_install': True, 'test_result_base': None}
[0.686s] Level 5:colcon.colcon_core.verb:set package 'vectornav_msgs' build argument 'cmake_args' from command line to 'None'
[0.686s] Level 5:colcon.colcon_core.verb:set package 'vectornav_msgs' build argument 'cmake_target' from command line to 'None'
[0.686s] Level 5:colcon.colcon_core.verb:set package 'vectornav_msgs' build argument 'cmake_target_skip_unavailable' from command line to 'False'
[0.686s] Level 5:colcon.colcon_core.verb:set package 'vectornav_msgs' build argument 'cmake_clean_cache' from command line to 'False'
[0.686s] Level 5:colcon.colcon_core.verb:set package 'vectornav_msgs' build argument 'cmake_clean_first' from command line to 'False'
[0.686s] Level 5:colcon.colcon_core.verb:set package 'vectornav_msgs' build argument 'cmake_force_configure' from command line to 'False'
[0.686s] Level 5:colcon.colcon_core.verb:set package 'vectornav_msgs' build argument 'ament_cmake_args' from command line to 'None'
[0.686s] Level 5:colcon.colcon_core.verb:set package 'vectornav_msgs' build argument 'catkin_cmake_args' from command line to 'None'
[0.686s] Level 5:colcon.colcon_core.verb:set package 'vectornav_msgs' build argument 'catkin_skip_building_tests' from command line to 'False'
[0.686s] DEBUG:colcon.colcon_core.verb:Building package 'vectornav_msgs' with the following arguments: {'ament_cmake_args': None, 'build_base': '/home/asv/asv_autonomy/uwb_imu_localization/build/vectornav_msgs', 'catkin_cmake_args': None, 'catkin_skip_building_tests': False, 'cmake_args': None, 'cmake_clean_cache': False, 'cmake_clean_first': False, 'cmake_force_configure': False, 'cmake_target': None, 'cmake_target_skip_unavailable': False, 'install_base': '/home/asv/asv_autonomy/uwb_imu_localization/install/vectornav_msgs', 'merge_install': False, 'path': '/home/asv/asv_autonomy/uwb_imu_localization/src/vectornav/vectornav_msgs', 'symlink_install': True, 'test_result_base': None}
[0.687s] Level 5:colcon.colcon_core.verb:set package 'vectornav' build argument 'cmake_args' from command line to 'None'
[0.687s] Level 5:colcon.colcon_core.verb:set package 'vectornav' build argument 'cmake_target' from command line to 'None'
[0.687s] Level 5:colcon.colcon_core.verb:set package 'vectornav' build argument 'cmake_target_skip_unavailable' from command line to 'False'
[0.687s] Level 5:colcon.colcon_core.verb:set package 'vectornav' build argument 'cmake_clean_cache' from command line to 'False'
[0.687s] Level 5:colcon.colcon_core.verb:set package 'vectornav' build argument 'cmake_clean_first' from command line to 'False'
[0.687s] Level 5:colcon.colcon_core.verb:set package 'vectornav' build argument 'cmake_force_configure' from command line to 'False'
[0.687s] Level 5:colcon.colcon_core.verb:set package 'vectornav' build argument 'ament_cmake_args' from command line to 'None'
[0.687s] Level 5:colcon.colcon_core.verb:set package 'vectornav' build argument 'catkin_cmake_args' from command line to 'None'
[0.687s] Level 5:colcon.colcon_core.verb:set package 'vectornav' build argument 'catkin_skip_building_tests' from command line to 'False'
[0.687s] DEBUG:colcon.colcon_core.verb:Building package 'vectornav' with the following arguments: {'ament_cmake_args': None, 'build_base': '/home/asv/asv_autonomy/uwb_imu_localization/build/vectornav', 'catkin_cmake_args': None, 'catkin_skip_building_tests': False, 'cmake_args': None, 'cmake_clean_cache': False, 'cmake_clean_first': False, 'cmake_force_configure': False, 'cmake_target': None, 'cmake_target_skip_unavailable': False, 'install_base': '/home/asv/asv_autonomy/uwb_imu_localization/install/vectornav', 'merge_install': False, 'path': '/home/asv/asv_autonomy/uwb_imu_localization/src/vectornav/vectornav', 'symlink_install': True, 'test_result_base': None}
[0.688s] INFO:colcon.colcon_core.executor:Executing jobs using 'parallel' executor
[0.690s] DEBUG:colcon.colcon_parallel_executor.executor.parallel:run_until_complete
[0.691s] INFO:colcon.colcon_ros.task.ament_cmake.build:Building ROS package in '/home/asv/asv_autonomy/uwb_imu_localization/src/vectornav/vectornav_msgs' with build type 'ament_cmake'
[0.691s] INFO:colcon.colcon_cmake.task.cmake.build:Building CMake package in '/home/asv/asv_autonomy/uwb_imu_localization/src/vectornav/vectornav_msgs'
[0.695s] INFO:colcon.colcon_core.plugin_system:Skipping extension 'colcon_core.shell.bat': Not used on non-Windows systems
[0.696s] INFO:colcon.colcon_core.shell:Skip shell extension 'powershell' for command environment: Not usable outside of PowerShell
[0.696s] DEBUG:colcon.colcon_core.shell:Skip shell extension 'dsv' for command environment
[0.702s] INFO:colcon.colcon_ros.task.ament_cmake.build:Building ROS package in '/home/asv/asv_autonomy/uwb_imu_localization/src/uwb/citrack_ros_msgs' with build type 'ament_cmake'
[0.702s] INFO:colcon.colcon_cmake.task.cmake.build:Building CMake package in '/home/asv/asv_autonomy/uwb_imu_localization/src/uwb/citrack_ros_msgs'
[0.703s] INFO:colcon.colcon_core.shell:Skip shell extension 'powershell' for command environment: Not usable outside of PowerShell
[0.703s] DEBUG:colcon.colcon_core.shell:Skip shell extension 'dsv' for command environment
[0.708s] INFO:colcon.colcon_ros.task.ament_python.build:Building ROS package in '/home/asv/asv_autonomy/uwb_imu_localization/src/ekf_fusion' with build type 'ament_python'
[0.708s] Level 1:colcon.colcon_core.shell:create_environment_hook('ekf_fusion', 'ament_prefix_path')
[0.709s] INFO:colcon.colcon_core.shell:Creating environment hook '/home/asv/asv_autonomy/uwb_imu_localization/install/ekf_fusion/share/ekf_fusion/hook/ament_prefix_path.ps1'
[0.711s] INFO:colcon.colcon_core.shell:Creating environment descriptor '/home/asv/asv_autonomy/uwb_imu_localization/install/ekf_fusion/share/ekf_fusion/hook/ament_prefix_path.dsv'
[0.711s] INFO:colcon.colcon_core.shell:Creating environment hook '/home/asv/asv_autonomy/uwb_imu_localization/install/ekf_fusion/share/ekf_fusion/hook/ament_prefix_path.sh'
[0.713s] INFO:colcon.colcon_core.shell:Skip shell extension 'powershell' for command environment: Not usable outside of PowerShell
[0.713s] DEBUG:colcon.colcon_core.shell:Skip shell extension 'dsv' for command environment
[0.719s] INFO:colcon.colcon_ros.task.ament_python.build:Building ROS package in '/home/asv/asv_autonomy/uwb_imu_localization/src/uwb/uwb_tracking_ros2' with build type 'ament_python'
[0.719s] Level 1:colcon.colcon_core.shell:create_environment_hook('uwb_tracking_ros2', 'ament_prefix_path')
[0.719s] INFO:colcon.colcon_core.shell:Creating environment hook '/home/asv/asv_autonomy/uwb_imu_localization/install/uwb_tracking_ros2/share/uwb_tracking_ros2/hook/ament_prefix_path.ps1'
[0.721s] INFO:colcon.colcon_core.shell:Creating environment descriptor '/home/asv/asv_autonomy/uwb_imu_localization/install/uwb_tracking_ros2/share/uwb_tracking_ros2/hook/ament_prefix_path.dsv'
[0.722s] INFO:colcon.colcon_core.shell:Creating environment hook '/home/asv/asv_autonomy/uwb_imu_localization/install/uwb_tracking_ros2/share/uwb_tracking_ros2/hook/ament_prefix_path.sh'
[0.723s] INFO:colcon.colcon_core.shell:Skip shell extension 'powershell' for command environment: Not usable outside of PowerShell
[0.723s] DEBUG:colcon.colcon_core.shell:Skip shell extension 'dsv' for command environment
[0.743s] DEBUG:colcon.colcon_core.event_handler.log_command:Invoking command in '/home/asv/asv_autonomy/uwb_imu_localization/build/vectornav_msgs': CMAKE_PREFIX_PATH=${CMAKE_PREFIX_PATH}:/home/asv/asv_autonomy/uwb_imu_localization/install/ekf_fusion:/home/asv/asv_autonomy/uwb_imu_localization/install/uwb_tracking_ros2:/opt/ros/humble CONDA_PROMPT_MODIFIER=(asv_localization) /usr/bin/cmake /home/asv/asv_autonomy/uwb_imu_localization/src/vectornav/vectornav_msgs -DAMENT_CMAKE_SYMLINK_INSTALL=1 -DCMAKE_INSTALL_PREFIX=/home/asv/asv_autonomy/uwb_imu_localization/install/vectornav_msgs
[0.749s] DEBUG:colcon.colcon_core.event_handler.log_command:Invoking command in '/home/asv/asv_autonomy/uwb_imu_localization/build/citrack_ros_msgs': CMAKE_PREFIX_PATH=${CMAKE_PREFIX_PATH}:/home/asv/asv_autonomy/uwb_imu_localization/install/ekf_fusion:/home/asv/asv_autonomy/uwb_imu_localization/install/uwb_tracking_ros2:/opt/ros/humble CONDA_PROMPT_MODIFIER=(asv_localization) /usr/bin/cmake /home/asv/asv_autonomy/uwb_imu_localization/src/uwb/citrack_ros_msgs -DAMENT_CMAKE_SYMLINK_INSTALL=1 -DCMAKE_INSTALL_PREFIX=/home/asv/asv_autonomy/uwb_imu_localization/install/citrack_ros_msgs
[1.253s] INFO:colcon.colcon_core.task.python.build:Building Python package in '/home/asv/asv_autonomy/uwb_imu_localization/src/ekf_fusion'
[1.253s] INFO:colcon.colcon_core.shell:Skip shell extension 'powershell' for command environment: Not usable outside of PowerShell
[1.254s] DEBUG:colcon.colcon_core.shell:Skip shell extension 'dsv' for command environment
[1.764s] INFO:colcon.colcon_core.task.python.build:Building Python package in '/home/asv/asv_autonomy/uwb_imu_localization/src/uwb/uwb_tracking_ros2'
[1.765s] INFO:colcon.colcon_core.shell:Skip shell extension 'powershell' for command environment: Not usable outside of PowerShell
[1.766s] DEBUG:colcon.colcon_core.shell:Skip shell extension 'dsv' for command environment
[2.480s] DEBUG:colcon.colcon_core.event_handler.log_command:Invoking command in '/home/asv/asv_autonomy/uwb_imu_localization/build/ekf_fusion': CONDA_PROMPT_MODIFIER=(asv_localization) PYTHONPATH=/home/asv/asv_autonomy/uwb_imu_localization/build/ekf_fusion/prefix_override:/usr/lib/python3/dist-packages/colcon_core/task/python/colcon_distutils_commands:/home/asv/asv_autonomy/uwb_imu_localization/install/ekf_fusion/lib/python3.10/site-packages:${PYTHONPATH} /usr/bin/python3 -W ignore:setup.py install is deprecated -W ignore:easy_install command is deprecated setup.py develop --editable --build-directory /home/asv/asv_autonomy/uwb_imu_localization/build/ekf_fusion/build --no-deps symlink_data
[2.491s] DEBUG:colcon.colcon_core.event_handler.log_command:Invoking command in '/home/asv/asv_autonomy/uwb_imu_localization/build/uwb_tracking_ros2': CONDA_PROMPT_MODIFIER=(asv_localization) PYTHONPATH=/home/asv/asv_autonomy/uwb_imu_localization/build/uwb_tracking_ros2/prefix_override:/usr/lib/python3/dist-packages/colcon_core/task/python/colcon_distutils_commands:/home/asv/asv_autonomy/uwb_imu_localization/install/uwb_tracking_ros2/lib/python3.10/site-packages:${PYTHONPATH} /usr/bin/python3 -W ignore:setup.py install is deprecated -W ignore:easy_install command is deprecated setup.py develop --editable --build-directory /home/asv/asv_autonomy/uwb_imu_localization/build/uwb_tracking_ros2/build --no-deps symlink_data
[3.387s] Level 1:colcon.colcon_core.shell:create_environment_hook('uwb_tracking_ros2', 'pythonpath_develop')
[3.388s] INFO:colcon.colcon_core.shell:Creating environment hook '/home/asv/asv_autonomy/uwb_imu_localization/build/uwb_tracking_ros2/share/uwb_tracking_ros2/hook/pythonpath_develop.ps1'
[3.389s] DEBUG:colcon.colcon_core.event_handler.log_command:Invoked command in '/home/asv/asv_autonomy/uwb_imu_localization/build/uwb_tracking_ros2' returned '0': CONDA_PROMPT_MODIFIER=(asv_localization) PYTHONPATH=/home/asv/asv_autonomy/uwb_imu_localization/build/uwb_tracking_ros2/prefix_override:/usr/lib/python3/dist-packages/colcon_core/task/python/colcon_distutils_commands:/home/asv/asv_autonomy/uwb_imu_localization/install/uwb_tracking_ros2/lib/python3.10/site-packages:${PYTHONPATH} /usr/bin/python3 -W ignore:setup.py install is deprecated -W ignore:easy_install command is deprecated setup.py develop --editable --build-directory /home/asv/asv_autonomy/uwb_imu_localization/build/uwb_tracking_ros2/build --no-deps symlink_data
[3.390s] INFO:colcon.colcon_core.shell:Creating environment descriptor '/home/asv/asv_autonomy/uwb_imu_localization/build/uwb_tracking_ros2/share/uwb_tracking_ros2/hook/pythonpath_develop.dsv'
[3.391s] INFO:colcon.colcon_core.shell:Creating environment hook '/home/asv/asv_autonomy/uwb_imu_localization/build/uwb_tracking_ros2/share/uwb_tracking_ros2/hook/pythonpath_develop.sh'
[3.398s] Level 1:colcon.colcon_core.environment:checking '/home/asv/asv_autonomy/uwb_imu_localization/install/uwb_tracking_ros2' for CMake module files
[3.399s] Level 1:colcon.colcon_core.environment:checking '/home/asv/asv_autonomy/uwb_imu_localization/install/uwb_tracking_ros2' for CMake config files
[3.401s] Level 1:colcon.colcon_core.environment:checking '/home/asv/asv_autonomy/uwb_imu_localization/install/uwb_tracking_ros2/lib'
[3.402s] Level 1:colcon.colcon_core.environment:checking '/home/asv/asv_autonomy/uwb_imu_localization/install/uwb_tracking_ros2/bin'
[3.402s] Level 1:colcon.colcon_core.environment:checking '/home/asv/asv_autonomy/uwb_imu_localization/install/uwb_tracking_ros2/lib/pkgconfig/uwb_tracking_ros2.pc'
[3.403s] Level 1:colcon.colcon_core.environment:checking '/home/asv/asv_autonomy/uwb_imu_localization/install/uwb_tracking_ros2/lib/python3.10/site-packages'
[3.403s] Level 1:colcon.colcon_core.shell:create_environment_hook('uwb_tracking_ros2', 'pythonpath')
[3.403s] INFO:colcon.colcon_core.shell:Creating environment hook '/home/asv/asv_autonomy/uwb_imu_localization/install/uwb_tracking_ros2/share/uwb_tracking_ros2/hook/pythonpath.ps1'
[3.404s] INFO:colcon.colcon_core.shell:Creating environment descriptor '/home/asv/asv_autonomy/uwb_imu_localization/install/uwb_tracking_ros2/share/uwb_tracking_ros2/hook/pythonpath.dsv'
[3.405s] INFO:colcon.colcon_core.shell:Creating environment hook '/home/asv/asv_autonomy/uwb_imu_localization/install/uwb_tracking_ros2/share/uwb_tracking_ros2/hook/pythonpath.sh'
[3.406s] Level 1:colcon.colcon_core.environment:checking '/home/asv/asv_autonomy/uwb_imu_localization/install/uwb_tracking_ros2/bin'
[3.406s] Level 1:colcon.colcon_core.environment:create_environment_scripts_only(uwb_tracking_ros2)
[3.407s] INFO:colcon.colcon_core.shell:Creating package script '/home/asv/asv_autonomy/uwb_imu_localization/install/uwb_tracking_ros2/share/uwb_tracking_ros2/package.ps1'
[3.409s] INFO:colcon.colcon_core.shell:Creating package descriptor '/home/asv/asv_autonomy/uwb_imu_localization/install/uwb_tracking_ros2/share/uwb_tracking_ros2/package.dsv'
[3.410s] INFO:colcon.colcon_core.shell:Creating package script '/home/asv/asv_autonomy/uwb_imu_localization/install/uwb_tracking_ros2/share/uwb_tracking_ros2/package.sh'
[3.411s] INFO:colcon.colcon_core.shell:Creating package script '/home/asv/asv_autonomy/uwb_imu_localization/install/uwb_tracking_ros2/share/uwb_tracking_ros2/package.bash'
[3.412s] INFO:colcon.colcon_core.shell:Creating package script '/home/asv/asv_autonomy/uwb_imu_localization/install/uwb_tracking_ros2/share/uwb_tracking_ros2/package.zsh'
[3.414s] Level 1:colcon.colcon_core.environment:create_file_with_runtime_dependencies(/home/asv/asv_autonomy/uwb_imu_localization/install/uwb_tracking_ros2/share/colcon-core/packages/uwb_tracking_ros2)
[3.484s] Level 1:colcon.colcon_core.shell:create_environment_hook('ekf_fusion', 'pythonpath_develop')
[3.485s] INFO:colcon.colcon_core.shell:Creating environment hook '/home/asv/asv_autonomy/uwb_imu_localization/build/ekf_fusion/share/ekf_fusion/hook/pythonpath_develop.ps1'
[3.487s] DEBUG:colcon.colcon_core.event_handler.log_command:Invoked command in '/home/asv/asv_autonomy/uwb_imu_localization/build/ekf_fusion' returned '0': CONDA_PROMPT_MODIFIER=(asv_localization) PYTHONPATH=/home/asv/asv_autonomy/uwb_imu_localization/build/ekf_fusion/prefix_override:/usr/lib/python3/dist-packages/colcon_core/task/python/colcon_distutils_commands:/home/asv/asv_autonomy/uwb_imu_localization/install/ekf_fusion/lib/python3.10/site-packages:${PYTHONPATH} /usr/bin/python3 -W ignore:setup.py install is deprecated -W ignore:easy_install command is deprecated setup.py develop --editable --build-directory /home/asv/asv_autonomy/uwb_imu_localization/build/ekf_fusion/build --no-deps symlink_data
[3.489s] INFO:colcon.colcon_core.shell:Creating environment descriptor '/home/asv/asv_autonomy/uwb_imu_localization/build/ekf_fusion/share/ekf_fusion/hook/pythonpath_develop.dsv'
[3.490s] INFO:colcon.colcon_core.shell:Creating environment hook '/home/asv/asv_autonomy/uwb_imu_localization/build/ekf_fusion/share/ekf_fusion/hook/pythonpath_develop.sh'
[3.491s] Level 1:colcon.colcon_core.environment:checking '/home/asv/asv_autonomy/uwb_imu_localization/install/ekf_fusion' for CMake module files
[3.492s] Level 1:colcon.colcon_core.environment:checking '/home/asv/asv_autonomy/uwb_imu_localization/install/ekf_fusion' for CMake config files
[3.494s] Level 1:colcon.colcon_core.environment:checking '/home/asv/asv_autonomy/uwb_imu_localization/install/ekf_fusion/lib'
[3.494s] Level 1:colcon.colcon_core.environment:checking '/home/asv/asv_autonomy/uwb_imu_localization/install/ekf_fusion/bin'
[3.495s] Level 1:colcon.colcon_core.environment:checking '/home/asv/asv_autonomy/uwb_imu_localization/install/ekf_fusion/lib/pkgconfig/ekf_fusion.pc'
[3.496s] Level 1:colcon.colcon_core.environment:checking '/home/asv/asv_autonomy/uwb_imu_localization/install/ekf_fusion/lib/python3.10/site-packages'
[3.496s] Level 1:colcon.colcon_core.shell:create_environment_hook('ekf_fusion', 'pythonpath')
[3.497s] INFO:colcon.colcon_core.shell:Creating environment hook '/home/asv/asv_autonomy/uwb_imu_localization/install/ekf_fusion/share/ekf_fusion/hook/pythonpath.ps1'
[3.498s] INFO:colcon.colcon_core.shell:Creating environment descriptor '/home/asv/asv_autonomy/uwb_imu_localization/install/ekf_fusion/share/ekf_fusion/hook/pythonpath.dsv'
[3.499s] INFO:colcon.colcon_core.shell:Creating environment hook '/home/asv/asv_autonomy/uwb_imu_localization/install/ekf_fusion/share/ekf_fusion/hook/pythonpath.sh'
[3.502s] Level 1:colcon.colcon_core.environment:checking '/home/asv/asv_autonomy/uwb_imu_localization/install/ekf_fusion/bin'
[3.502s] Level 1:colcon.colcon_core.environment:create_environment_scripts_only(ekf_fusion)
[3.503s] INFO:colcon.colcon_core.shell:Creating package script '/home/asv/asv_autonomy/uwb_imu_localization/install/ekf_fusion/share/ekf_fusion/package.ps1'
[3.504s] INFO:colcon.colcon_core.shell:Creating package descriptor '/home/asv/asv_autonomy/uwb_imu_localization/install/ekf_fusion/share/ekf_fusion/package.dsv'
[3.505s] INFO:colcon.colcon_core.shell:Creating package script '/home/asv/asv_autonomy/uwb_imu_localization/install/ekf_fusion/share/ekf_fusion/package.sh'
[3.506s] INFO:colcon.colcon_core.shell:Creating package script '/home/asv/asv_autonomy/uwb_imu_localization/install/ekf_fusion/share/ekf_fusion/package.bash'
[3.507s] INFO:colcon.colcon_core.shell:Creating package script '/home/asv/asv_autonomy/uwb_imu_localization/install/ekf_fusion/share/ekf_fusion/package.zsh'
[3.508s] Level 1:colcon.colcon_core.environment:create_file_with_runtime_dependencies(/home/asv/asv_autonomy/uwb_imu_localization/install/ekf_fusion/share/colcon-core/packages/ekf_fusion)
[5.715s] DEBUG:colcon.colcon_core.event_handler.log_command:Invoked command in '/home/asv/asv_autonomy/uwb_imu_localization/build/vectornav_msgs' returned '0': CMAKE_PREFIX_PATH=${CMAKE_PREFIX_PATH}:/home/asv/asv_autonomy/uwb_imu_localization/install/ekf_fusion:/home/asv/asv_autonomy/uwb_imu_localization/install/uwb_tracking_ros2:/opt/ros/humble CONDA_PROMPT_MODIFIER=(asv_localization) /usr/bin/cmake /home/asv/asv_autonomy/uwb_imu_localization/src/vectornav/vectornav_msgs -DAMENT_CMAKE_SYMLINK_INSTALL=1 -DCMAKE_INSTALL_PREFIX=/home/asv/asv_autonomy/uwb_imu_localization/install/vectornav_msgs
[5.722s] DEBUG:colcon.colcon_core.event_handler.log_command:Invoking command in '/home/asv/asv_autonomy/uwb_imu_localization/build/vectornav_msgs': CMAKE_PREFIX_PATH=${CMAKE_PREFIX_PATH}:/home/asv/asv_autonomy/uwb_imu_localization/install/ekf_fusion:/home/asv/asv_autonomy/uwb_imu_localization/install/uwb_tracking_ros2:/opt/ros/humble CONDA_PROMPT_MODIFIER=(asv_localization) /usr/bin/cmake --build /home/asv/asv_autonomy/uwb_imu_localization/build/vectornav_msgs -- -j8 -l8
[5.904s] DEBUG:colcon.colcon_core.event_handler.log_command:Invoked command in '/home/asv/asv_autonomy/uwb_imu_localization/build/citrack_ros_msgs' returned '0': CMAKE_PREFIX_PATH=${CMAKE_PREFIX_PATH}:/home/asv/asv_autonomy/uwb_imu_localization/install/ekf_fusion:/home/asv/asv_autonomy/uwb_imu_localization/install/uwb_tracking_ros2:/opt/ros/humble CONDA_PROMPT_MODIFIER=(asv_localization) /usr/bin/cmake /home/asv/asv_autonomy/uwb_imu_localization/src/uwb/citrack_ros_msgs -DAMENT_CMAKE_SYMLINK_INSTALL=1 -DCMAKE_INSTALL_PREFIX=/home/asv/asv_autonomy/uwb_imu_localization/install/citrack_ros_msgs
[5.907s] DEBUG:colcon.colcon_core.event_handler.log_command:Invoking command in '/home/asv/asv_autonomy/uwb_imu_localization/build/citrack_ros_msgs': CMAKE_PREFIX_PATH=${CMAKE_PREFIX_PATH}:/home/asv/asv_autonomy/uwb_imu_localization/install/ekf_fusion:/home/asv/asv_autonomy/uwb_imu_localization/install/uwb_tracking_ros2:/opt/ros/humble CONDA_PROMPT_MODIFIER=(asv_localization) /usr/bin/cmake --build /home/asv/asv_autonomy/uwb_imu_localization/build/citrack_ros_msgs -- -j8 -l8
[32.308s] DEBUG:colcon.colcon_core.event_handler.log_command:Invoked command in '/home/asv/asv_autonomy/uwb_imu_localization/build/citrack_ros_msgs' returned '0': CMAKE_PREFIX_PATH=${CMAKE_PREFIX_PATH}:/home/asv/asv_autonomy/uwb_imu_localization/install/ekf_fusion:/home/asv/asv_autonomy/uwb_imu_localization/install/uwb_tracking_ros2:/opt/ros/humble CONDA_PROMPT_MODIFIER=(asv_localization) /usr/bin/cmake --build /home/asv/asv_autonomy/uwb_imu_localization/build/citrack_ros_msgs -- -j8 -l8
[32.330s] DEBUG:colcon.colcon_core.event_handler.log_command:Invoking command in '/home/asv/asv_autonomy/uwb_imu_localization/build/citrack_ros_msgs': CMAKE_PREFIX_PATH=${CMAKE_PREFIX_PATH}:/home/asv/asv_autonomy/uwb_imu_localization/install/ekf_fusion:/home/asv/asv_autonomy/uwb_imu_localization/install/uwb_tracking_ros2:/opt/ros/humble CONDA_PROMPT_MODIFIER=(asv_localization) /usr/bin/cmake --install /home/asv/asv_autonomy/uwb_imu_localization/build/citrack_ros_msgs
[36.939s] Level 1:colcon.colcon_core.environment:create_environment_scripts_only(citrack_ros_msgs)
[36.940s] Level 1:colcon.colcon_core.environment:checking '/home/asv/asv_autonomy/uwb_imu_localization/install/citrack_ros_msgs' for CMake module files
[36.942s] DEBUG:colcon.colcon_core.event_handler.log_command:Invoked command in '/home/asv/asv_autonomy/uwb_imu_localization/build/citrack_ros_msgs' returned '0': CMAKE_PREFIX_PATH=${CMAKE_PREFIX_PATH}:/home/asv/asv_autonomy/uwb_imu_localization/install/ekf_fusion:/home/asv/asv_autonomy/uwb_imu_localization/install/uwb_tracking_ros2:/opt/ros/humble CONDA_PROMPT_MODIFIER=(asv_localization) /usr/bin/cmake --install /home/asv/asv_autonomy/uwb_imu_localization/build/citrack_ros_msgs
[36.944s] Level 1:colcon.colcon_core.environment:checking '/home/asv/asv_autonomy/uwb_imu_localization/install/citrack_ros_msgs' for CMake config files
[36.950s] Level 1:colcon.colcon_core.shell:create_environment_hook('citrack_ros_msgs', 'cmake_prefix_path')
[36.951s] INFO:colcon.colcon_core.shell:Creating environment hook '/home/asv/asv_autonomy/uwb_imu_localization/install/citrack_ros_msgs/share/citrack_ros_msgs/hook/cmake_prefix_path.ps1'
[36.953s] INFO:colcon.colcon_core.shell:Creating environment descriptor '/home/asv/asv_autonomy/uwb_imu_localization/install/citrack_ros_msgs/share/citrack_ros_msgs/hook/cmake_prefix_path.dsv'
[36.954s] INFO:colcon.colcon_core.shell:Creating environment hook '/home/asv/asv_autonomy/uwb_imu_localization/install/citrack_ros_msgs/share/citrack_ros_msgs/hook/cmake_prefix_path.sh'
[36.956s] Level 1:colcon.colcon_core.environment:checking '/home/asv/asv_autonomy/uwb_imu_localization/install/citrack_ros_msgs/lib'
[36.957s] Level 1:colcon.colcon_core.shell:create_environment_hook('citrack_ros_msgs', 'ld_library_path_lib')
[36.957s] INFO:colcon.colcon_core.shell:Creating environment hook '/home/asv/asv_autonomy/uwb_imu_localization/install/citrack_ros_msgs/share/citrack_ros_msgs/hook/ld_library_path_lib.ps1'
[36.959s] INFO:colcon.colcon_core.shell:Creating environment descriptor '/home/asv/asv_autonomy/uwb_imu_localization/install/citrack_ros_msgs/share/citrack_ros_msgs/hook/ld_library_path_lib.dsv'
[36.961s] INFO:colcon.colcon_core.shell:Creating environment hook '/home/asv/asv_autonomy/uwb_imu_localization/install/citrack_ros_msgs/share/citrack_ros_msgs/hook/ld_library_path_lib.sh'
[36.962s] Level 1:colcon.colcon_core.environment:checking '/home/asv/asv_autonomy/uwb_imu_localization/install/citrack_ros_msgs/bin'
[36.962s] Level 1:colcon.colcon_core.environment:checking '/home/asv/asv_autonomy/uwb_imu_localization/install/citrack_ros_msgs/lib/pkgconfig/citrack_ros_msgs.pc'
[36.962s] Level 1:colcon.colcon_core.environment:checking '/home/asv/asv_autonomy/uwb_imu_localization/install/citrack_ros_msgs/lib/python3.10/site-packages'
[36.962s] Level 1:colcon.colcon_core.shell:create_environment_hook('citrack_ros_msgs', 'pythonpath')
[36.963s] INFO:colcon.colcon_core.shell:Creating environment hook '/home/asv/asv_autonomy/uwb_imu_localization/install/citrack_ros_msgs/share/citrack_ros_msgs/hook/pythonpath.ps1'
[36.964s] INFO:colcon.colcon_core.shell:Creating environment descriptor '/home/asv/asv_autonomy/uwb_imu_localization/install/citrack_ros_msgs/share/citrack_ros_msgs/hook/pythonpath.dsv'
[36.965s] INFO:colcon.colcon_core.shell:Creating environment hook '/home/asv/asv_autonomy/uwb_imu_localization/install/citrack_ros_msgs/share/citrack_ros_msgs/hook/pythonpath.sh'
[36.967s] Level 1:colcon.colcon_core.environment:checking '/home/asv/asv_autonomy/uwb_imu_localization/install/citrack_ros_msgs/bin'
[36.968s] INFO:colcon.colcon_core.shell:Creating package script '/home/asv/asv_autonomy/uwb_imu_localization/install/citrack_ros_msgs/share/citrack_ros_msgs/package.ps1'
[36.971s] INFO:colcon.colcon_core.shell:Creating package descriptor '/home/asv/asv_autonomy/uwb_imu_localization/install/citrack_ros_msgs/share/citrack_ros_msgs/package.dsv'
[36.973s] INFO:colcon.colcon_core.shell:Creating package script '/home/asv/asv_autonomy/uwb_imu_localization/install/citrack_ros_msgs/share/citrack_ros_msgs/package.sh'
[36.975s] INFO:colcon.colcon_core.shell:Creating package script '/home/asv/asv_autonomy/uwb_imu_localization/install/citrack_ros_msgs/share/citrack_ros_msgs/package.bash'
[36.976s] INFO:colcon.colcon_core.shell:Creating package script '/home/asv/asv_autonomy/uwb_imu_localization/install/citrack_ros_msgs/share/citrack_ros_msgs/package.zsh'
[36.977s] Level 1:colcon.colcon_core.environment:create_file_with_runtime_dependencies(/home/asv/asv_autonomy/uwb_imu_localization/install/citrack_ros_msgs/share/colcon-core/packages/citrack_ros_msgs)
[36.979s] Level 1:colcon.colcon_core.environment:create_environment_scripts_only(citrack_ros_msgs)
[36.980s] Level 1:colcon.colcon_core.environment:checking '/home/asv/asv_autonomy/uwb_imu_localization/install/citrack_ros_msgs' for CMake module files
[36.983s] Level 1:colcon.colcon_core.environment:checking '/home/asv/asv_autonomy/uwb_imu_localization/install/citrack_ros_msgs' for CMake config files
[36.988s] Level 1:colcon.colcon_core.shell:create_environment_hook('citrack_ros_msgs', 'cmake_prefix_path')
[36.989s] INFO:colcon.colcon_core.shell:Creating environment hook '/home/asv/asv_autonomy/uwb_imu_localization/install/citrack_ros_msgs/share/citrack_ros_msgs/hook/cmake_prefix_path.ps1'
[36.990s] INFO:colcon.colcon_core.shell:Creating environment descriptor '/home/asv/asv_autonomy/uwb_imu_localization/install/citrack_ros_msgs/share/citrack_ros_msgs/hook/cmake_prefix_path.dsv'
[36.992s] INFO:colcon.colcon_core.shell:Creating environment hook '/home/asv/asv_autonomy/uwb_imu_localization/install/citrack_ros_msgs/share/citrack_ros_msgs/hook/cmake_prefix_path.sh'
[36.993s] Level 1:colcon.colcon_core.environment:checking '/home/asv/asv_autonomy/uwb_imu_localization/install/citrack_ros_msgs/lib'
[36.994s] Level 1:colcon.colcon_core.shell:create_environment_hook('citrack_ros_msgs', 'ld_library_path_lib')
[36.994s] INFO:colcon.colcon_core.shell:Creating environment hook '/home/asv/asv_autonomy/uwb_imu_localization/install/citrack_ros_msgs/share/citrack_ros_msgs/hook/ld_library_path_lib.ps1'
[36.995s] INFO:colcon.colcon_core.shell:Creating environment descriptor '/home/asv/asv_autonomy/uwb_imu_localization/install/citrack_ros_msgs/share/citrack_ros_msgs/hook/ld_library_path_lib.dsv'
[36.996s] INFO:colcon.colcon_core.shell:Creating environment hook '/home/asv/asv_autonomy/uwb_imu_localization/install/citrack_ros_msgs/share/citrack_ros_msgs/hook/ld_library_path_lib.sh'
[36.997s] Level 1:colcon.colcon_core.environment:checking '/home/asv/asv_autonomy/uwb_imu_localization/install/citrack_ros_msgs/bin'
[36.997s] Level 1:colcon.colcon_core.environment:checking '/home/asv/asv_autonomy/uwb_imu_localization/install/citrack_ros_msgs/lib/pkgconfig/citrack_ros_msgs.pc'
[36.998s] Level 1:colcon.colcon_core.environment:checking '/home/asv/asv_autonomy/uwb_imu_localization/install/citrack_ros_msgs/lib/python3.10/site-packages'
[36.998s] Level 1:colcon.colcon_core.shell:create_environment_hook('citrack_ros_msgs', 'pythonpath')
[36.998s] INFO:colcon.colcon_core.shell:Creating environment hook '/home/asv/asv_autonomy/uwb_imu_localization/install/citrack_ros_msgs/share/citrack_ros_msgs/hook/pythonpath.ps1'
[36.999s] INFO:colcon.colcon_core.shell:Creating environment descriptor '/home/asv/asv_autonomy/uwb_imu_localization/install/citrack_ros_msgs/share/citrack_ros_msgs/hook/pythonpath.dsv'
[37.000s] INFO:colcon.colcon_core.shell:Creating environment hook '/home/asv/asv_autonomy/uwb_imu_localization/install/citrack_ros_msgs/share/citrack_ros_msgs/hook/pythonpath.sh'
[37.002s] Level 1:colcon.colcon_core.environment:checking '/home/asv/asv_autonomy/uwb_imu_localization/install/citrack_ros_msgs/bin'
[37.002s] INFO:colcon.colcon_core.shell:Creating package script '/home/asv/asv_autonomy/uwb_imu_localization/install/citrack_ros_msgs/share/citrack_ros_msgs/package.ps1'
[37.003s] INFO:colcon.colcon_core.shell:Creating package descriptor '/home/asv/asv_autonomy/uwb_imu_localization/install/citrack_ros_msgs/share/citrack_ros_msgs/package.dsv'
[37.005s] INFO:colcon.colcon_core.shell:Creating package script '/home/asv/asv_autonomy/uwb_imu_localization/install/citrack_ros_msgs/share/citrack_ros_msgs/package.sh'
[37.006s] INFO:colcon.colcon_core.shell:Creating package script '/home/asv/asv_autonomy/uwb_imu_localization/install/citrack_ros_msgs/share/citrack_ros_msgs/package.bash'
[37.007s] INFO:colcon.colcon_core.shell:Creating package script '/home/asv/asv_autonomy/uwb_imu_localization/install/citrack_ros_msgs/share/citrack_ros_msgs/package.zsh'
[37.008s] Level 1:colcon.colcon_core.environment:create_file_with_runtime_dependencies(/home/asv/asv_autonomy/uwb_imu_localization/install/citrack_ros_msgs/share/colcon-core/packages/citrack_ros_msgs)
[39.056s] DEBUG:colcon.colcon_core.event_handler.log_command:Invoked command in '/home/asv/asv_autonomy/uwb_imu_localization/build/vectornav_msgs' returned '0': CMAKE_PREFIX_PATH=${CMAKE_PREFIX_PATH}:/home/asv/asv_autonomy/uwb_imu_localization/install/ekf_fusion:/home/asv/asv_autonomy/uwb_imu_localization/install/uwb_tracking_ros2:/opt/ros/humble CONDA_PROMPT_MODIFIER=(asv_localization) /usr/bin/cmake --build /home/asv/asv_autonomy/uwb_imu_localization/build/vectornav_msgs -- -j8 -l8
[39.062s] DEBUG:colcon.colcon_core.event_handler.log_command:Invoking command in '/home/asv/asv_autonomy/uwb_imu_localization/build/vectornav_msgs': CMAKE_PREFIX_PATH=${CMAKE_PREFIX_PATH}:/home/asv/asv_autonomy/uwb_imu_localization/install/ekf_fusion:/home/asv/asv_autonomy/uwb_imu_localization/install/uwb_tracking_ros2:/opt/ros/humble CONDA_PROMPT_MODIFIER=(asv_localization) /usr/bin/cmake --install /home/asv/asv_autonomy/uwb_imu_localization/build/vectornav_msgs
[44.396s] Level 1:colcon.colcon_core.environment:create_environment_scripts_only(vectornav_msgs)
[44.397s] Level 1:colcon.colcon_core.environment:checking '/home/asv/asv_autonomy/uwb_imu_localization/install/vectornav_msgs' for CMake module files
[44.398s] DEBUG:colcon.colcon_core.event_handler.log_command:Invoked command in '/home/asv/asv_autonomy/uwb_imu_localization/build/vectornav_msgs' returned '0': CMAKE_PREFIX_PATH=${CMAKE_PREFIX_PATH}:/home/asv/asv_autonomy/uwb_imu_localization/install/ekf_fusion:/home/asv/asv_autonomy/uwb_imu_localization/install/uwb_tracking_ros2:/opt/ros/humble CONDA_PROMPT_MODIFIER=(asv_localization) /usr/bin/cmake --install /home/asv/asv_autonomy/uwb_imu_localization/build/vectornav_msgs
[44.401s] Level 1:colcon.colcon_core.environment:checking '/home/asv/asv_autonomy/uwb_imu_localization/install/vectornav_msgs' for CMake config files
[44.408s] Level 1:colcon.colcon_core.shell:create_environment_hook('vectornav_msgs', 'cmake_prefix_path')
[44.409s] INFO:colcon.colcon_core.shell:Creating environment hook '/home/asv/asv_autonomy/uwb_imu_localization/install/vectornav_msgs/share/vectornav_msgs/hook/cmake_prefix_path.ps1'
[44.412s] INFO:colcon.colcon_core.shell:Creating environment descriptor '/home/asv/asv_autonomy/uwb_imu_localization/install/vectornav_msgs/share/vectornav_msgs/hook/cmake_prefix_path.dsv'
[44.415s] INFO:colcon.colcon_core.shell:Creating environment hook '/home/asv/asv_autonomy/uwb_imu_localization/install/vectornav_msgs/share/vectornav_msgs/hook/cmake_prefix_path.sh'
[44.419s] Level 1:colcon.colcon_core.environment:checking '/home/asv/asv_autonomy/uwb_imu_localization/install/vectornav_msgs/lib'
[44.420s] Level 1:colcon.colcon_core.shell:create_environment_hook('vectornav_msgs', 'ld_library_path_lib')
[44.421s] INFO:colcon.colcon_core.shell:Creating environment hook '/home/asv/asv_autonomy/uwb_imu_localization/install/vectornav_msgs/share/vectornav_msgs/hook/ld_library_path_lib.ps1'
[44.422s] INFO:colcon.colcon_core.shell:Creating environment descriptor '/home/asv/asv_autonomy/uwb_imu_localization/install/vectornav_msgs/share/vectornav_msgs/hook/ld_library_path_lib.dsv'
[44.424s] INFO:colcon.colcon_core.shell:Creating environment hook '/home/asv/asv_autonomy/uwb_imu_localization/install/vectornav_msgs/share/vectornav_msgs/hook/ld_library_path_lib.sh'
[44.425s] Level 1:colcon.colcon_core.environment:checking '/home/asv/asv_autonomy/uwb_imu_localization/install/vectornav_msgs/bin'
[44.425s] Level 1:colcon.colcon_core.environment:checking '/home/asv/asv_autonomy/uwb_imu_localization/install/vectornav_msgs/lib/pkgconfig/vectornav_msgs.pc'
[44.426s] Level 1:colcon.colcon_core.environment:checking '/home/asv/asv_autonomy/uwb_imu_localization/install/vectornav_msgs/lib/python3.10/site-packages'
[44.427s] Level 1:colcon.colcon_core.shell:create_environment_hook('vectornav_msgs', 'pythonpath')
[44.427s] INFO:colcon.colcon_core.shell:Creating environment hook '/home/asv/asv_autonomy/uwb_imu_localization/install/vectornav_msgs/share/vectornav_msgs/hook/pythonpath.ps1'
[44.429s] INFO:colcon.colcon_core.shell:Creating environment descriptor '/home/asv/asv_autonomy/uwb_imu_localization/install/vectornav_msgs/share/vectornav_msgs/hook/pythonpath.dsv'
[44.430s] INFO:colcon.colcon_core.shell:Creating environment hook '/home/asv/asv_autonomy/uwb_imu_localization/install/vectornav_msgs/share/vectornav_msgs/hook/pythonpath.sh'
[44.432s] Level 1:colcon.colcon_core.environment:checking '/home/asv/asv_autonomy/uwb_imu_localization/install/vectornav_msgs/bin'
[44.433s] INFO:colcon.colcon_core.shell:Creating package script '/home/asv/asv_autonomy/uwb_imu_localization/install/vectornav_msgs/share/vectornav_msgs/package.ps1'
[44.437s] INFO:colcon.colcon_core.shell:Creating package descriptor '/home/asv/asv_autonomy/uwb_imu_localization/install/vectornav_msgs/share/vectornav_msgs/package.dsv'
[44.439s] INFO:colcon.colcon_core.shell:Creating package script '/home/asv/asv_autonomy/uwb_imu_localization/install/vectornav_msgs/share/vectornav_msgs/package.sh'
[44.441s] INFO:colcon.colcon_core.shell:Creating package script '/home/asv/asv_autonomy/uwb_imu_localization/install/vectornav_msgs/share/vectornav_msgs/package.bash'
[44.443s] INFO:colcon.colcon_core.shell:Creating package script '/home/asv/asv_autonomy/uwb_imu_localization/install/vectornav_msgs/share/vectornav_msgs/package.zsh'
[44.444s] Level 1:colcon.colcon_core.environment:create_file_with_runtime_dependencies(/home/asv/asv_autonomy/uwb_imu_localization/install/vectornav_msgs/share/colcon-core/packages/vectornav_msgs)
[44.446s] Level 1:colcon.colcon_core.environment:create_environment_scripts_only(vectornav_msgs)
[44.447s] Level 1:colcon.colcon_core.environment:checking '/home/asv/asv_autonomy/uwb_imu_localization/install/vectornav_msgs' for CMake module files
[44.450s] Level 1:colcon.colcon_core.environment:checking '/home/asv/asv_autonomy/uwb_imu_localization/install/vectornav_msgs' for CMake config files
[44.456s] Level 1:colcon.colcon_core.shell:create_environment_hook('vectornav_msgs', 'cmake_prefix_path')
[44.457s] INFO:colcon.colcon_core.shell:Creating environment hook '/home/asv/asv_autonomy/uwb_imu_localization/install/vectornav_msgs/share/vectornav_msgs/hook/cmake_prefix_path.ps1'
[44.459s] INFO:colcon.colcon_core.shell:Creating environment descriptor '/home/asv/asv_autonomy/uwb_imu_localization/install/vectornav_msgs/share/vectornav_msgs/hook/cmake_prefix_path.dsv'
[44.460s] INFO:colcon.colcon_core.shell:Creating environment hook '/home/asv/asv_autonomy/uwb_imu_localization/install/vectornav_msgs/share/vectornav_msgs/hook/cmake_prefix_path.sh'
[44.462s] Level 1:colcon.colcon_core.environment:checking '/home/asv/asv_autonomy/uwb_imu_localization/install/vectornav_msgs/lib'
[44.462s] Level 1:colcon.colcon_core.shell:create_environment_hook('vectornav_msgs', 'ld_library_path_lib')
[44.462s] INFO:colcon.colcon_core.shell:Creating environment hook '/home/asv/asv_autonomy/uwb_imu_localization/install/vectornav_msgs/share/vectornav_msgs/hook/ld_library_path_lib.ps1'
[44.463s] INFO:colcon.colcon_core.shell:Creating environment descriptor '/home/asv/asv_autonomy/uwb_imu_localization/install/vectornav_msgs/share/vectornav_msgs/hook/ld_library_path_lib.dsv'
[44.464s] INFO:colcon.colcon_core.shell:Creating environment hook '/home/asv/asv_autonomy/uwb_imu_localization/install/vectornav_msgs/share/vectornav_msgs/hook/ld_library_path_lib.sh'
[44.465s] Level 1:colcon.colcon_core.environment:checking '/home/asv/asv_autonomy/uwb_imu_localization/install/vectornav_msgs/bin'
[44.466s] Level 1:colcon.colcon_core.environment:checking '/home/asv/asv_autonomy/uwb_imu_localization/install/vectornav_msgs/lib/pkgconfig/vectornav_msgs.pc'
[44.466s] Level 1:colcon.colcon_core.environment:checking '/home/asv/asv_autonomy/uwb_imu_localization/install/vectornav_msgs/lib/python3.10/site-packages'
[44.466s] Level 1:colcon.colcon_core.shell:create_environment_hook('vectornav_msgs', 'pythonpath')
[44.467s] INFO:colcon.colcon_core.shell:Creating environment hook '/home/asv/asv_autonomy/uwb_imu_localization/install/vectornav_msgs/share/vectornav_msgs/hook/pythonpath.ps1'
[44.468s] INFO:colcon.colcon_core.shell:Creating environment descriptor '/home/asv/asv_autonomy/uwb_imu_localization/install/vectornav_msgs/share/vectornav_msgs/hook/pythonpath.dsv'
[44.469s] INFO:colcon.colcon_core.shell:Creating environment hook '/home/asv/asv_autonomy/uwb_imu_localization/install/vectornav_msgs/share/vectornav_msgs/hook/pythonpath.sh'
[44.470s] Level 1:colcon.colcon_core.environment:checking '/home/asv/asv_autonomy/uwb_imu_localization/install/vectornav_msgs/bin'
[44.471s] INFO:colcon.colcon_core.shell:Creating package script '/home/asv/asv_autonomy/uwb_imu_localization/install/vectornav_msgs/share/vectornav_msgs/package.ps1'
[44.473s] INFO:colcon.colcon_core.shell:Creating package descriptor '/home/asv/asv_autonomy/uwb_imu_localization/install/vectornav_msgs/share/vectornav_msgs/package.dsv'
[44.475s] INFO:colcon.colcon_core.shell:Creating package script '/home/asv/asv_autonomy/uwb_imu_localization/install/vectornav_msgs/share/vectornav_msgs/package.sh'
[44.476s] INFO:colcon.colcon_core.shell:Creating package script '/home/asv/asv_autonomy/uwb_imu_localization/install/vectornav_msgs/share/vectornav_msgs/package.bash'
[44.477s] INFO:colcon.colcon_core.shell:Creating package script '/home/asv/asv_autonomy/uwb_imu_localization/install/vectornav_msgs/share/vectornav_msgs/package.zsh'
[44.478s] Level 1:colcon.colcon_core.environment:create_file_with_runtime_dependencies(/home/asv/asv_autonomy/uwb_imu_localization/install/vectornav_msgs/share/colcon-core/packages/vectornav_msgs)
[44.479s] INFO:colcon.colcon_ros.task.ament_cmake.build:Building ROS package in '/home/asv/asv_autonomy/uwb_imu_localization/src/vectornav/vectornav' with build type 'ament_cmake'
[44.479s] INFO:colcon.colcon_cmake.task.cmake.build:Building CMake package in '/home/asv/asv_autonomy/uwb_imu_localization/src/vectornav/vectornav'
[44.480s] INFO:colcon.colcon_core.shell:Skip shell extension 'powershell' for command environment: Not usable outside of PowerShell
[44.481s] DEBUG:colcon.colcon_core.shell:Skip shell extension 'dsv' for command environment
[44.519s] DEBUG:colcon.colcon_core.event_handler.log_command:Invoking command in '/home/asv/asv_autonomy/uwb_imu_localization/build/vectornav': CMAKE_PREFIX_PATH=/home/asv/asv_autonomy/uwb_imu_localization/install/vectornav_msgs:/home/asv/asv_autonomy/uwb_imu_localization/install/vectornav:/home/asv/asv_autonomy/uwb_imu_localization/install/citrack_ros_msgs:/home/asv/asv_autonomy/uwb_imu_localization/install/ekf_fusion:/home/asv/asv_autonomy/uwb_imu_localization/install/uwb_tracking_ros2:/opt/ros/humble CONDA_PROMPT_MODIFIER=(asv_localization) LD_LIBRARY_PATH=/home/asv/asv_autonomy/uwb_imu_localization/install/vectornav_msgs/lib:/home/asv/asv_autonomy/uwb_imu_localization/install/vectornav/lib:/home/asv/asv_autonomy/uwb_imu_localization/install/citrack_ros_msgs/lib:/usr/local/lib:/opt/ros/humble/opt/rviz_ogre_vendor/lib:/opt/ros/humble/lib/aarch64-linux-gnu:/opt/ros/humble/lib:/usr/local/cuda-12/lib64 PYTHONPATH=/home/asv/asv_autonomy/uwb_imu_localization/install/vectornav_msgs/lib/python3.10/site-packages:/home/asv/asv_autonomy/uwb_imu_localization/build/ekf_fusion:/home/asv/asv_autonomy/uwb_imu_localization/install/ekf_fusion/lib/python3.10/site-packages:/home/asv/asv_autonomy/uwb_imu_localization/build/uwb_tracking_ros2:/home/asv/asv_autonomy/uwb_imu_localization/install/uwb_tracking_ros2/lib/python3.10/site-packages:/home/asv/asv_autonomy/uwb_imu_localization/install/citrack_ros_msgs/lib/python3.10/site-packages:/opt/ros/humble/lib/python3.10/site-packages:/opt/ros/humble/local/lib/python3.10/dist-packages /usr/bin/cmake /home/asv/asv_autonomy/uwb_imu_localization/src/vectornav/vectornav -DAMENT_CMAKE_SYMLINK_INSTALL=1 -DCMAKE_INSTALL_PREFIX=/home/asv/asv_autonomy/uwb_imu_localization/install/vectornav
[48.016s] DEBUG:colcon.colcon_core.event_handler.log_command:Invoked command in '/home/asv/asv_autonomy/uwb_imu_localization/build/vectornav' returned '0': CMAKE_PREFIX_PATH=/home/asv/asv_autonomy/uwb_imu_localization/install/vectornav_msgs:/home/asv/asv_autonomy/uwb_imu_localization/install/vectornav:/home/asv/asv_autonomy/uwb_imu_localization/install/citrack_ros_msgs:/home/asv/asv_autonomy/uwb_imu_localization/install/ekf_fusion:/home/asv/asv_autonomy/uwb_imu_localization/install/uwb_tracking_ros2:/opt/ros/humble CONDA_PROMPT_MODIFIER=(asv_localization) LD_LIBRARY_PATH=/home/asv/asv_autonomy/uwb_imu_localization/install/vectornav_msgs/lib:/home/asv/asv_autonomy/uwb_imu_localization/install/vectornav/lib:/home/asv/asv_autonomy/uwb_imu_localization/install/citrack_ros_msgs/lib:/usr/local/lib:/opt/ros/humble/opt/rviz_ogre_vendor/lib:/opt/ros/humble/lib/aarch64-linux-gnu:/opt/ros/humble/lib:/usr/local/cuda-12/lib64 PYTHONPATH=/home/asv/asv_autonomy/uwb_imu_localization/install/vectornav_msgs/lib/python3.10/site-packages:/home/asv/asv_autonomy/uwb_imu_localization/build/ekf_fusion:/home/asv/asv_autonomy/uwb_imu_localization/install/ekf_fusion/lib/python3.10/site-packages:/home/asv/asv_autonomy/uwb_imu_localization/build/uwb_tracking_ros2:/home/asv/asv_autonomy/uwb_imu_localization/install/uwb_tracking_ros2/lib/python3.10/site-packages:/home/asv/asv_autonomy/uwb_imu_localization/install/citrack_ros_msgs/lib/python3.10/site-packages:/opt/ros/humble/lib/python3.10/site-packages:/opt/ros/humble/local/lib/python3.10/dist-packages /usr/bin/cmake /home/asv/asv_autonomy/uwb_imu_localization/src/vectornav/vectornav -DAMENT_CMAKE_SYMLINK_INSTALL=1 -DCMAKE_INSTALL_PREFIX=/home/asv/asv_autonomy/uwb_imu_localization/install/vectornav
[48.020s] DEBUG:colcon.colcon_core.event_handler.log_command:Invoking command in '/home/asv/asv_autonomy/uwb_imu_localization/build/vectornav': CMAKE_PREFIX_PATH=/home/asv/asv_autonomy/uwb_imu_localization/install/vectornav_msgs:/home/asv/asv_autonomy/uwb_imu_localization/install/vectornav:/home/asv/asv_autonomy/uwb_imu_localization/install/citrack_ros_msgs:/home/asv/asv_autonomy/uwb_imu_localization/install/ekf_fusion:/home/asv/asv_autonomy/uwb_imu_localization/install/uwb_tracking_ros2:/opt/ros/humble CONDA_PROMPT_MODIFIER=(asv_localization) LD_LIBRARY_PATH=/home/asv/asv_autonomy/uwb_imu_localization/install/vectornav_msgs/lib:/home/asv/asv_autonomy/uwb_imu_localization/install/vectornav/lib:/home/asv/asv_autonomy/uwb_imu_localization/install/citrack_ros_msgs/lib:/usr/local/lib:/opt/ros/humble/opt/rviz_ogre_vendor/lib:/opt/ros/humble/lib/aarch64-linux-gnu:/opt/ros/humble/lib:/usr/local/cuda-12/lib64 PYTHONPATH=/home/asv/asv_autonomy/uwb_imu_localization/install/vectornav_msgs/lib/python3.10/site-packages:/home/asv/asv_autonomy/uwb_imu_localization/build/ekf_fusion:/home/asv/asv_autonomy/uwb_imu_localization/install/ekf_fusion/lib/python3.10/site-packages:/home/asv/asv_autonomy/uwb_imu_localization/build/uwb_tracking_ros2:/home/asv/asv_autonomy/uwb_imu_localization/install/uwb_tracking_ros2/lib/python3.10/site-packages:/home/asv/asv_autonomy/uwb_imu_localization/install/citrack_ros_msgs/lib/python3.10/site-packages:/opt/ros/humble/lib/python3.10/site-packages:/opt/ros/humble/local/lib/python3.10/dist-packages /usr/bin/cmake --build /home/asv/asv_autonomy/uwb_imu_localization/build/vectornav -- -j8 -l8
[113.983s] DEBUG:colcon.colcon_core.event_handler.log_command:Invoked command in '/home/asv/asv_autonomy/uwb_imu_localization/build/vectornav' returned '0': CMAKE_PREFIX_PATH=/home/asv/asv_autonomy/uwb_imu_localization/install/vectornav_msgs:/home/asv/asv_autonomy/uwb_imu_localization/install/vectornav:/home/asv/asv_autonomy/uwb_imu_localization/install/citrack_ros_msgs:/home/asv/asv_autonomy/uwb_imu_localization/install/ekf_fusion:/home/asv/asv_autonomy/uwb_imu_localization/install/uwb_tracking_ros2:/opt/ros/humble CONDA_PROMPT_MODIFIER=(asv_localization) LD_LIBRARY_PATH=/home/asv/asv_autonomy/uwb_imu_localization/install/vectornav_msgs/lib:/home/asv/asv_autonomy/uwb_imu_localization/install/vectornav/lib:/home/asv/asv_autonomy/uwb_imu_localization/install/citrack_ros_msgs/lib:/usr/local/lib:/opt/ros/humble/opt/rviz_ogre_vendor/lib:/opt/ros/humble/lib/aarch64-linux-gnu:/opt/ros/humble/lib:/usr/local/cuda-12/lib64 PYTHONPATH=/home/asv/asv_autonomy/uwb_imu_localization/install/vectornav_msgs/lib/python3.10/site-packages:/home/asv/asv_autonomy/uwb_imu_localization/build/ekf_fusion:/home/asv/asv_autonomy/uwb_imu_localization/install/ekf_fusion/lib/python3.10/site-packages:/home/asv/asv_autonomy/uwb_imu_localization/build/uwb_tracking_ros2:/home/asv/asv_autonomy/uwb_imu_localization/install/uwb_tracking_ros2/lib/python3.10/site-packages:/home/asv/asv_autonomy/uwb_imu_localization/install/citrack_ros_msgs/lib/python3.10/site-packages:/opt/ros/humble/lib/python3.10/site-packages:/opt/ros/humble/local/lib/python3.10/dist-packages /usr/bin/cmake --build /home/asv/asv_autonomy/uwb_imu_localization/build/vectornav -- -j8 -l8
[113.992s] DEBUG:colcon.colcon_core.event_handler.log_command:Invoking command in '/home/asv/asv_autonomy/uwb_imu_localization/build/vectornav': CMAKE_PREFIX_PATH=/home/asv/asv_autonomy/uwb_imu_localization/install/vectornav_msgs:/home/asv/asv_autonomy/uwb_imu_localization/install/vectornav:/home/asv/asv_autonomy/uwb_imu_localization/install/citrack_ros_msgs:/home/asv/asv_autonomy/uwb_imu_localization/install/ekf_fusion:/home/asv/asv_autonomy/uwb_imu_localization/install/uwb_tracking_ros2:/opt/ros/humble CONDA_PROMPT_MODIFIER=(asv_localization) LD_LIBRARY_PATH=/home/asv/asv_autonomy/uwb_imu_localization/install/vectornav_msgs/lib:/home/asv/asv_autonomy/uwb_imu_localization/install/vectornav/lib:/home/asv/asv_autonomy/uwb_imu_localization/install/citrack_ros_msgs/lib:/usr/local/lib:/opt/ros/humble/opt/rviz_ogre_vendor/lib:/opt/ros/humble/lib/aarch64-linux-gnu:/opt/ros/humble/lib:/usr/local/cuda-12/lib64 PYTHONPATH=/home/asv/asv_autonomy/uwb_imu_localization/install/vectornav_msgs/lib/python3.10/site-packages:/home/asv/asv_autonomy/uwb_imu_localization/build/ekf_fusion:/home/asv/asv_autonomy/uwb_imu_localization/install/ekf_fusion/lib/python3.10/site-packages:/home/asv/asv_autonomy/uwb_imu_localization/build/uwb_tracking_ros2:/home/asv/asv_autonomy/uwb_imu_localization/install/uwb_tracking_ros2/lib/python3.10/site-packages:/home/asv/asv_autonomy/uwb_imu_localization/install/citrack_ros_msgs/lib/python3.10/site-packages:/opt/ros/humble/lib/python3.10/site-packages:/opt/ros/humble/local/lib/python3.10/dist-packages /usr/bin/cmake --install /home/asv/asv_autonomy/uwb_imu_localization/build/vectornav
[115.283s] Level 1:colcon.colcon_core.environment:create_environment_scripts_only(vectornav)
[115.284s] Level 1:colcon.colcon_core.environment:checking '/home/asv/asv_autonomy/uwb_imu_localization/install/vectornav' for CMake module files
[115.286s] DEBUG:colcon.colcon_core.event_handler.log_command:Invoked command in '/home/asv/asv_autonomy/uwb_imu_localization/build/vectornav' returned '0': CMAKE_PREFIX_PATH=/home/asv/asv_autonomy/uwb_imu_localization/install/vectornav_msgs:/home/asv/asv_autonomy/uwb_imu_localization/install/vectornav:/home/asv/asv_autonomy/uwb_imu_localization/install/citrack_ros_msgs:/home/asv/asv_autonomy/uwb_imu_localization/install/ekf_fusion:/home/asv/asv_autonomy/uwb_imu_localization/install/uwb_tracking_ros2:/opt/ros/humble CONDA_PROMPT_MODIFIER=(asv_localization) LD_LIBRARY_PATH=/home/asv/asv_autonomy/uwb_imu_localization/install/vectornav_msgs/lib:/home/asv/asv_autonomy/uwb_imu_localization/install/vectornav/lib:/home/asv/asv_autonomy/uwb_imu_localization/install/citrack_ros_msgs/lib:/usr/local/lib:/opt/ros/humble/opt/rviz_ogre_vendor/lib:/opt/ros/humble/lib/aarch64-linux-gnu:/opt/ros/humble/lib:/usr/local/cuda-12/lib64 PYTHONPATH=/home/asv/asv_autonomy/uwb_imu_localization/install/vectornav_msgs/lib/python3.10/site-packages:/home/asv/asv_autonomy/uwb_imu_localization/build/ekf_fusion:/home/asv/asv_autonomy/uwb_imu_localization/install/ekf_fusion/lib/python3.10/site-packages:/home/asv/asv_autonomy/uwb_imu_localization/build/uwb_tracking_ros2:/home/asv/asv_autonomy/uwb_imu_localization/install/uwb_tracking_ros2/lib/python3.10/site-packages:/home/asv/asv_autonomy/uwb_imu_localization/install/citrack_ros_msgs/lib/python3.10/site-packages:/opt/ros/humble/lib/python3.10/site-packages:/opt/ros/humble/local/lib/python3.10/dist-packages /usr/bin/cmake --install /home/asv/asv_autonomy/uwb_imu_localization/build/vectornav
[115.288s] Level 1:colcon.colcon_core.environment:checking '/home/asv/asv_autonomy/uwb_imu_localization/install/vectornav' for CMake config files
[115.291s] Level 1:colcon.colcon_core.shell:create_environment_hook('vectornav', 'cmake_prefix_path')
[115.292s] INFO:colcon.colcon_core.shell:Creating environment hook '/home/asv/asv_autonomy/uwb_imu_localization/install/vectornav/share/vectornav/hook/cmake_prefix_path.ps1'
[115.295s] INFO:colcon.colcon_core.shell:Creating environment descriptor '/home/asv/asv_autonomy/uwb_imu_localization/install/vectornav/share/vectornav/hook/cmake_prefix_path.dsv'
[115.297s] INFO:colcon.colcon_core.shell:Creating environment hook '/home/asv/asv_autonomy/uwb_imu_localization/install/vectornav/share/vectornav/hook/cmake_prefix_path.sh'
[115.299s] Level 1:colcon.colcon_core.environment:checking '/home/asv/asv_autonomy/uwb_imu_localization/install/vectornav/lib'
[115.299s] Level 1:colcon.colcon_core.shell:create_environment_hook('vectornav', 'ld_library_path_lib')
[115.300s] INFO:colcon.colcon_core.shell:Creating environment hook '/home/asv/asv_autonomy/uwb_imu_localization/install/vectornav/share/vectornav/hook/ld_library_path_lib.ps1'
[115.302s] INFO:colcon.colcon_core.shell:Creating environment descriptor '/home/asv/asv_autonomy/uwb_imu_localization/install/vectornav/share/vectornav/hook/ld_library_path_lib.dsv'
[115.303s] INFO:colcon.colcon_core.shell:Creating environment hook '/home/asv/asv_autonomy/uwb_imu_localization/install/vectornav/share/vectornav/hook/ld_library_path_lib.sh'
[115.305s] Level 1:colcon.colcon_core.environment:checking '/home/asv/asv_autonomy/uwb_imu_localization/install/vectornav/bin'
[115.305s] Level 1:colcon.colcon_core.environment:checking '/home/asv/asv_autonomy/uwb_imu_localization/install/vectornav/lib/pkgconfig/vectornav.pc'
[115.306s] Level 1:colcon.colcon_core.environment:checking '/home/asv/asv_autonomy/uwb_imu_localization/install/vectornav/lib/python3.10/site-packages'
[115.307s] Level 1:colcon.colcon_core.environment:checking '/home/asv/asv_autonomy/uwb_imu_localization/install/vectornav/bin'
[115.308s] INFO:colcon.colcon_core.shell:Creating package script '/home/asv/asv_autonomy/uwb_imu_localization/install/vectornav/share/vectornav/package.ps1'
[115.310s] INFO:colcon.colcon_core.shell:Creating package descriptor '/home/asv/asv_autonomy/uwb_imu_localization/install/vectornav/share/vectornav/package.dsv'
[115.312s] INFO:colcon.colcon_core.shell:Creating package script '/home/asv/asv_autonomy/uwb_imu_localization/install/vectornav/share/vectornav/package.sh'
[115.313s] INFO:colcon.colcon_core.shell:Creating package script '/home/asv/asv_autonomy/uwb_imu_localization/install/vectornav/share/vectornav/package.bash'
[115.315s] INFO:colcon.colcon_core.shell:Creating package script '/home/asv/asv_autonomy/uwb_imu_localization/install/vectornav/share/vectornav/package.zsh'
[115.318s] Level 1:colcon.colcon_core.environment:create_file_with_runtime_dependencies(/home/asv/asv_autonomy/uwb_imu_localization/install/vectornav/share/colcon-core/packages/vectornav)
[115.320s] Level 1:colcon.colcon_core.environment:create_environment_scripts_only(vectornav)
[115.321s] Level 1:colcon.colcon_core.environment:checking '/home/asv/asv_autonomy/uwb_imu_localization/install/vectornav' for CMake module files
[115.323s] Level 1:colcon.colcon_core.environment:checking '/home/asv/asv_autonomy/uwb_imu_localization/install/vectornav' for CMake config files
[115.326s] Level 1:colcon.colcon_core.shell:create_environment_hook('vectornav', 'cmake_prefix_path')
[115.327s] INFO:colcon.colcon_core.shell:Creating environment hook '/home/asv/asv_autonomy/uwb_imu_localization/install/vectornav/share/vectornav/hook/cmake_prefix_path.ps1'
[115.329s] INFO:colcon.colcon_core.shell:Creating environment descriptor '/home/asv/asv_autonomy/uwb_imu_localization/install/vectornav/share/vectornav/hook/cmake_prefix_path.dsv'
[115.331s] INFO:colcon.colcon_core.shell:Creating environment hook '/home/asv/asv_autonomy/uwb_imu_localization/install/vectornav/share/vectornav/hook/cmake_prefix_path.sh'
[115.333s] Level 1:colcon.colcon_core.environment:checking '/home/asv/asv_autonomy/uwb_imu_localization/install/vectornav/lib'
[115.333s] Level 1:colcon.colcon_core.shell:create_environment_hook('vectornav', 'ld_library_path_lib')
[115.334s] INFO:colcon.colcon_core.shell:Creating environment hook '/home/asv/asv_autonomy/uwb_imu_localization/install/vectornav/share/vectornav/hook/ld_library_path_lib.ps1'
[115.336s] INFO:colcon.colcon_core.shell:Creating environment descriptor '/home/asv/asv_autonomy/uwb_imu_localization/install/vectornav/share/vectornav/hook/ld_library_path_lib.dsv'
[115.337s] INFO:colcon.colcon_core.shell:Creating environment hook '/home/asv/asv_autonomy/uwb_imu_localization/install/vectornav/share/vectornav/hook/ld_library_path_lib.sh'
[115.338s] Level 1:colcon.colcon_core.environment:checking '/home/asv/asv_autonomy/uwb_imu_localization/install/vectornav/bin'
[115.338s] Level 1:colcon.colcon_core.environment:checking '/home/asv/asv_autonomy/uwb_imu_localization/install/vectornav/lib/pkgconfig/vectornav.pc'
[115.339s] Level 1:colcon.colcon_core.environment:checking '/home/asv/asv_autonomy/uwb_imu_localization/install/vectornav/lib/python3.10/site-packages'
[115.340s] Level 1:colcon.colcon_core.environment:checking '/home/asv/asv_autonomy/uwb_imu_localization/install/vectornav/bin'
[115.341s] INFO:colcon.colcon_core.shell:Creating package script '/home/asv/asv_autonomy/uwb_imu_localization/install/vectornav/share/vectornav/package.ps1'
[115.343s] INFO:colcon.colcon_core.shell:Creating package descriptor '/home/asv/asv_autonomy/uwb_imu_localization/install/vectornav/share/vectornav/package.dsv'
[115.344s] INFO:colcon.colcon_core.shell:Creating package script '/home/asv/asv_autonomy/uwb_imu_localization/install/vectornav/share/vectornav/package.sh'
[115.346s] INFO:colcon.colcon_core.shell:Creating package script '/home/asv/asv_autonomy/uwb_imu_localization/install/vectornav/share/vectornav/package.bash'
[115.347s] INFO:colcon.colcon_core.shell:Creating package script '/home/asv/asv_autonomy/uwb_imu_localization/install/vectornav/share/vectornav/package.zsh'
[115.349s] Level 1:colcon.colcon_core.environment:create_file_with_runtime_dependencies(/home/asv/asv_autonomy/uwb_imu_localization/install/vectornav/share/colcon-core/packages/vectornav)
[115.350s] DEBUG:colcon.colcon_parallel_executor.executor.parallel:closing loop
[115.351s] DEBUG:colcon.colcon_parallel_executor.executor.parallel:loop closed
[115.351s] DEBUG:colcon.colcon_parallel_executor.executor.parallel:run_until_complete finished with '0'
[115.352s] DEBUG:colcon.colcon_core.event_reactor:joining thread
[115.375s] INFO:colcon.colcon_core.plugin_system:Skipping extension 'colcon_notification.desktop_notification.terminal_notifier': Not used on non-Darwin systems
[115.376s] INFO:colcon.colcon_core.plugin_system:Skipping extension 'colcon_notification.desktop_notification.win32': Not used on non-Windows systems
[115.376s] INFO:colcon.colcon_notification.desktop_notification:Sending desktop notification using 'notify2'
[115.432s] DEBUG:colcon.colcon_core.event_reactor:joined thread
[115.434s] INFO:colcon.colcon_core.shell:Creating prefix script '/home/asv/asv_autonomy/uwb_imu_localization/install/local_setup.ps1'
[115.438s] INFO:colcon.colcon_core.shell:Creating prefix util module '/home/asv/asv_autonomy/uwb_imu_localization/install/_local_setup_util_ps1.py'
[115.442s] INFO:colcon.colcon_core.shell:Creating prefix chain script '/home/asv/asv_autonomy/uwb_imu_localization/install/setup.ps1'
[115.446s] INFO:colcon.colcon_core.shell:Creating prefix script '/home/asv/asv_autonomy/uwb_imu_localization/install/local_setup.sh'
[115.448s] INFO:colcon.colcon_core.shell:Creating prefix util module '/home/asv/asv_autonomy/uwb_imu_localization/install/_local_setup_util_sh.py'
[115.450s] INFO:colcon.colcon_core.shell:Creating prefix chain script '/home/asv/asv_autonomy/uwb_imu_localization/install/setup.sh'
[115.454s] INFO:colcon.colcon_core.shell:Creating prefix script '/home/asv/asv_autonomy/uwb_imu_localization/install/local_setup.bash'
[115.455s] INFO:colcon.colcon_core.shell:Creating prefix chain script '/home/asv/asv_autonomy/uwb_imu_localization/install/setup.bash'
[115.459s] INFO:colcon.colcon_core.shell:Creating prefix script '/home/asv/asv_autonomy/uwb_imu_localization/install/local_setup.zsh'
[115.461s] INFO:colcon.colcon_core.shell:Creating prefix chain script '/home/asv/asv_autonomy/uwb_imu_localization/install/setup.zsh'
