[0.047s] Invoking command in '/home/asv/asv_autonomy/uwb_imu_localization/build/citrack_ros_msgs': CMAKE_PREFIX_PATH=${CMAKE_PREFIX_PATH}:/home/asv/asv_autonomy/uwb_imu_localization/install/ekf_fusion:/home/asv/asv_autonomy/uwb_imu_localization/install/uwb_tracking_ros2:/opt/ros/humble CONDA_PROMPT_MODIFIER=(asv_localization) /usr/bin/cmake /home/asv/asv_autonomy/uwb_imu_localization/src/uwb/citrack_ros_msgs -DAMENT_CMAKE_SYMLINK_INSTALL=1 -DCMAKE_INSTALL_PREFIX=/home/asv/asv_autonomy/uwb_imu_localization/install/citrack_ros_msgs
[0.569s] -- The C compiler identification is GNU 11.4.0
[0.570s] -- The CXX compiler identification is GNU 11.4.0
[0.570s] -- Detecting C compiler ABI info
[0.570s] -- Detecting C compiler ABI info - done
[0.570s] -- Check for working C compiler: /usr/bin/cc - skipped
[0.570s] -- Detecting C compile features
[0.570s] -- Detecting C compile features - done
[0.570s] -- Detecting CXX compiler ABI info
[0.625s] -- Detecting CXX compiler ABI info - done
[0.637s] -- Check for working CXX compiler: /usr/bin/c++ - skipped
[0.637s] -- Detecting CXX compile features
[0.638s] -- Detecting CXX compile features - done
[0.643s] -- Found ament_cmake: 1.3.11 (/opt/ros/humble/share/ament_cmake/cmake)
[1.546s] -- Found Python3: /home/asv/miniconda3/envs/asv_localization/bin/python3 (found version "3.10.16") found components: Interpreter 
[1.737s] -- Override CMake install command with custom implementation using symlinks instead of copying resources
[1.783s] -- Found builtin_interfaces: 1.2.1 (/opt/ros/humble/share/builtin_interfaces/cmake)
[1.840s] -- Found rosidl_generator_c: 3.1.6 (/opt/ros/humble/share/rosidl_generator_c/cmake)
[1.848s] -- Found rosidl_adapter: 3.1.6 (/opt/ros/humble/share/rosidl_adapter/cmake)
[1.862s] -- Found rosidl_generator_cpp: 3.1.6 (/opt/ros/humble/share/rosidl_generator_cpp/cmake)
[1.882s] -- Using all available rosidl_typesupport_c: rosidl_typesupport_fastrtps_c;rosidl_typesupport_introspection_c
[1.910s] -- Using all available rosidl_typesupport_cpp: rosidl_typesupport_fastrtps_cpp;rosidl_typesupport_introspection_cpp
[1.936s] -- Found rosidl_default_generators: 1.2.0 (/opt/ros/humble/share/rosidl_default_generators/cmake)
[1.952s] -- Found std_msgs: 4.2.4 (/opt/ros/humble/share/std_msgs/cmake)
[1.973s] -- Found geometry_msgs: 4.2.4 (/opt/ros/humble/share/geometry_msgs/cmake)
[1.995s] -- Found sensor_msgs: 4.2.4 (/opt/ros/humble/share/sensor_msgs/cmake)
[2.024s] -- Found action_msgs: 1.2.1 (/opt/ros/humble/share/action_msgs/cmake)
[2.983s] -- Found ament_cmake_cppcheck: 0.12.11 (/opt/ros/humble/share/ament_cmake_cppcheck/cmake)
[2.989s] -- Found ament_cmake_cpplint: 0.12.11 (/opt/ros/humble/share/ament_cmake_cpplint/cmake)
[2.994s] -- Found ament_cmake_uncrustify: 0.12.11 (/opt/ros/humble/share/ament_cmake_uncrustify/cmake)
[3.000s] -- Found ament_cmake_ros: 0.10.0 (/opt/ros/humble/share/ament_cmake_ros/cmake)
[4.002s] -- Using all available rosidl_typesupport_c: rosidl_typesupport_fastrtps_c;rosidl_typesupport_introspection_c
[4.410s] -- Using all available rosidl_typesupport_cpp: rosidl_typesupport_fastrtps_cpp;rosidl_typesupport_introspection_cpp
[4.462s] -- Found PythonInterp: /home/asv/miniconda3/envs/asv_localization/bin/python3 (found suitable version "3.10.16", minimum required is "3.6") 
[4.467s] -- Found python_cmake_module: 0.10.0 (/opt/ros/humble/share/python_cmake_module/cmake)
[4.515s] -- Found PythonLibs: /home/asv/miniconda3/envs/asv_localization/lib/libpython3.10.so (found suitable version "3.10.16", minimum required is "3.5") 
[4.515s] -- Using PYTHON_EXECUTABLE: /home/asv/miniconda3/envs/asv_localization/bin/python3
[4.515s] -- Using PYTHON_INCLUDE_DIRS: /home/asv/miniconda3/envs/asv_localization/include/python3.10
[4.516s] -- Using PYTHON_LIBRARIES: /home/asv/miniconda3/envs/asv_localization/lib/libpython3.10.so
[4.554s] -- Found PythonExtra: .so  
[4.936s] -- Using numpy include directory: /home/asv/miniconda3/envs/asv_localization/lib/python3.10/site-packages/numpy/_core/include
[4.967s] -- Found ament_cmake_flake8: 0.12.11 (/opt/ros/humble/share/ament_cmake_flake8/cmake)
[4.971s] -- Found ament_cmake_pep257: 0.12.11 (/opt/ros/humble/share/ament_cmake_pep257/cmake)
[4.981s] -- Found ament_lint_auto: 0.12.11 (/opt/ros/humble/share/ament_lint_auto/cmake)
[5.008s] -- Added test 'lint_cmake' to check CMake code style
[5.008s] -- Added test 'xmllint' to check XML markup files
[5.020s] -- Configuring done
[5.097s] [33mCMake Warning at /opt/ros/humble/share/rosidl_generator_py/cmake/rosidl_generator_py_generate_interfaces.cmake:166 (add_library):
[5.097s]   Cannot generate a safe runtime search path for target
[5.098s]   citrack_ros_msgs__rosidl_generator_py because files in some directories may
[5.098s]   conflict with libraries in implicit directories:
[5.098s] 
[5.098s]     runtime library [libpython3.10.so.1.0] in /usr/lib/aarch64-linux-gnu may be hidden by files in:
[5.098s]       /home/asv/miniconda3/envs/asv_localization/lib
[5.098s] 
[5.098s]   Some of these libraries may not be found correctly.
[5.098s] Call Stack (most recent call first):
[5.099s]   /opt/ros/humble/share/ament_cmake_core/cmake/core/ament_execute_extensions.cmake:48 (include)
[5.099s]   /opt/ros/humble/share/rosidl_cmake/cmake/rosidl_generate_interfaces.cmake:286 (ament_execute_extensions)
[5.099s]   CMakeLists.txt:55 (rosidl_generate_interfaces)
[5.099s] 
[5.099s] [0m
[5.104s] [33mCMake Warning at /opt/ros/humble/share/rosidl_generator_py/cmake/rosidl_generator_py_generate_interfaces.cmake:226 (add_library):
[5.104s]   Cannot generate a safe runtime search path for target
[5.105s]   citrack_ros_msgs__rosidl_typesupport_fastrtps_c__pyext because files in
[5.105s]   some directories may conflict with libraries in implicit directories:
[5.105s] 
[5.105s]     runtime library [libpython3.10.so.1.0] in /usr/lib/aarch64-linux-gnu may be hidden by files in:
[5.105s]       /home/asv/miniconda3/envs/asv_localization/lib
[5.105s] 
[5.105s]   Some of these libraries may not be found correctly.
[5.105s] Call Stack (most recent call first):
[5.105s]   /opt/ros/humble/share/ament_cmake_core/cmake/core/ament_execute_extensions.cmake:48 (include)
[5.106s]   /opt/ros/humble/share/rosidl_cmake/cmake/rosidl_generate_interfaces.cmake:286 (ament_execute_extensions)
[5.106s]   CMakeLists.txt:55 (rosidl_generate_interfaces)
[5.106s] 
[5.106s] [0m
[5.111s] [33mCMake Warning at /opt/ros/humble/share/rosidl_generator_py/cmake/rosidl_generator_py_generate_interfaces.cmake:226 (add_library):
[5.111s]   Cannot generate a safe runtime search path for target
[5.111s]   citrack_ros_msgs__rosidl_typesupport_introspection_c__pyext because files
[5.111s]   in some directories may conflict with libraries in implicit directories:
[5.111s] 
[5.111s]     runtime library [libpython3.10.so.1.0] in /usr/lib/aarch64-linux-gnu may be hidden by files in:
[5.111s]       /home/asv/miniconda3/envs/asv_localization/lib
[5.112s] 
[5.112s]   Some of these libraries may not be found correctly.
[5.112s] Call Stack (most recent call first):
[5.112s]   /opt/ros/humble/share/ament_cmake_core/cmake/core/ament_execute_extensions.cmake:48 (include)
[5.112s]   /opt/ros/humble/share/rosidl_cmake/cmake/rosidl_generate_interfaces.cmake:286 (ament_execute_extensions)
[5.112s]   CMakeLists.txt:55 (rosidl_generate_interfaces)
[5.112s] 
[5.112s] [0m
[5.117s] [33mCMake Warning at /opt/ros/humble/share/rosidl_generator_py/cmake/rosidl_generator_py_generate_interfaces.cmake:226 (add_library):
[5.118s]   Cannot generate a safe runtime search path for target
[5.118s]   citrack_ros_msgs__rosidl_typesupport_c__pyext because files in some
[5.118s]   directories may conflict with libraries in implicit directories:
[5.118s] 
[5.118s]     runtime library [libpython3.10.so.1.0] in /usr/lib/aarch64-linux-gnu may be hidden by files in:
[5.118s]       /home/asv/miniconda3/envs/asv_localization/lib
[5.118s] 
[5.118s]   Some of these libraries may not be found correctly.
[5.118s] Call Stack (most recent call first):
[5.118s]   /opt/ros/humble/share/ament_cmake_core/cmake/core/ament_execute_extensions.cmake:48 (include)
[5.119s]   /opt/ros/humble/share/rosidl_cmake/cmake/rosidl_generate_interfaces.cmake:286 (ament_execute_extensions)
[5.119s]   CMakeLists.txt:55 (rosidl_generate_interfaces)
[5.119s] 
[5.119s] [0m
[5.134s] -- Generating done
[5.164s] -- Build files have been written to: /home/asv/asv_autonomy/uwb_imu_localization/build/citrack_ros_msgs
[5.201s] Invoked command in '/home/asv/asv_autonomy/uwb_imu_localization/build/citrack_ros_msgs' returned '0': CMAKE_PREFIX_PATH=${CMAKE_PREFIX_PATH}:/home/asv/asv_autonomy/uwb_imu_localization/install/ekf_fusion:/home/asv/asv_autonomy/uwb_imu_localization/install/uwb_tracking_ros2:/opt/ros/humble CONDA_PROMPT_MODIFIER=(asv_localization) /usr/bin/cmake /home/asv/asv_autonomy/uwb_imu_localization/src/uwb/citrack_ros_msgs -DAMENT_CMAKE_SYMLINK_INSTALL=1 -DCMAKE_INSTALL_PREFIX=/home/asv/asv_autonomy/uwb_imu_localization/install/citrack_ros_msgs
[5.205s] Invoking command in '/home/asv/asv_autonomy/uwb_imu_localization/build/citrack_ros_msgs': CMAKE_PREFIX_PATH=${CMAKE_PREFIX_PATH}:/home/asv/asv_autonomy/uwb_imu_localization/install/ekf_fusion:/home/asv/asv_autonomy/uwb_imu_localization/install/uwb_tracking_ros2:/opt/ros/humble CONDA_PROMPT_MODIFIER=(asv_localization) /usr/bin/cmake --build /home/asv/asv_autonomy/uwb_imu_localization/build/citrack_ros_msgs -- -j8 -l8
[5.302s] [  1%] [34m[1mGenerating C code for ROS interfaces[0m
[5.341s] [  1%] [34m[1mGenerating C++ code for ROS interfaces[0m
[5.350s] [  1%] Built target ament_cmake_python_symlink_citrack_ros_msgs
[5.818s] running egg_info
[5.843s] creating citrack_ros_msgs.egg-info
[5.845s] writing citrack_ros_msgs.egg-info/PKG-INFO
[5.846s] writing dependency_links to citrack_ros_msgs.egg-info/dependency_links.txt
[5.846s] writing top-level names to citrack_ros_msgs.egg-info/top_level.txt
[5.846s] writing manifest file 'citrack_ros_msgs.egg-info/SOURCES.txt'
[5.915s] reading manifest file 'citrack_ros_msgs.egg-info/SOURCES.txt'
[5.917s] writing manifest file 'citrack_ros_msgs.egg-info/SOURCES.txt'
[6.008s] [  1%] Built target ament_cmake_python_build_citrack_ros_msgs_egg
[7.951s] [  1%] Built target citrack_ros_msgs__cpp
[7.980s] [  2%] [34m[1mGenerating C++ type support dispatch for ROS interfaces[0m
[7.984s] [  3%] [34m[1mGenerating C++ introspection for ROS interfaces[0m
[7.984s] [  3%] [34m[1mGenerating C++ type support for eProsima Fast-RTPS[0m
[8.675s] [  4%] [32mBuilding C object CMakeFiles/citrack_ros_msgs__rosidl_generator_c.dir/rosidl_generator_c/citrack_ros_msgs/msg/detail/uwb_anchor__functions.c.o[0m
[8.684s] [  5%] [32mBuilding C object CMakeFiles/citrack_ros_msgs__rosidl_generator_c.dir/rosidl_generator_c/citrack_ros_msgs/msg/detail/vicon_position__functions.c.o[0m
[8.697s] [  6%] [32mBuilding C object CMakeFiles/citrack_ros_msgs__rosidl_generator_c.dir/rosidl_generator_c/citrack_ros_msgs/msg/detail/uwb_tag__functions.c.o[0m
[8.698s] [  6%] [32mBuilding C object CMakeFiles/citrack_ros_msgs__rosidl_generator_c.dir/rosidl_generator_c/citrack_ros_msgs/msg/detail/uwb_tags__functions.c.o[0m
[8.733s] [  7%] [32mBuilding C object CMakeFiles/citrack_ros_msgs__rosidl_generator_c.dir/rosidl_generator_c/citrack_ros_msgs/msg/detail/uwb_range__functions.c.o[0m
[8.874s] [  8%] [32mBuilding C object CMakeFiles/citrack_ros_msgs__rosidl_generator_c.dir/rosidl_generator_c/citrack_ros_msgs/msg/detail/darknet_bounding_box__functions.c.o[0m
[8.896s] [  9%] [32mBuilding C object CMakeFiles/citrack_ros_msgs__rosidl_generator_c.dir/rosidl_generator_c/citrack_ros_msgs/msg/detail/darknet_object_count__functions.c.o[0m
[8.915s] [ 10%] [32mBuilding C object CMakeFiles/citrack_ros_msgs__rosidl_generator_c.dir/rosidl_generator_c/citrack_ros_msgs/msg/detail/darknet_bounding_boxes__functions.c.o[0m
[8.933s] [ 11%] [32mBuilding C object CMakeFiles/citrack_ros_msgs__rosidl_generator_c.dir/rosidl_generator_c/citrack_ros_msgs/msg/detail/rviz_birds_eye_param__functions.c.o[0m
[8.976s] [ 11%] [32mBuilding C object CMakeFiles/citrack_ros_msgs__rosidl_generator_c.dir/rosidl_generator_c/citrack_ros_msgs/msg/detail/custom_tag__functions.c.o[0m
[9.042s] [ 12%] [32mBuilding C object CMakeFiles/citrack_ros_msgs__rosidl_generator_c.dir/rosidl_generator_c/citrack_ros_msgs/msg/detail/multi_tags__functions.c.o[0m
[9.088s] [ 13%] [32mBuilding C object CMakeFiles/citrack_ros_msgs__rosidl_generator_c.dir/rosidl_generator_c/citrack_ros_msgs/action/detail/darknet_check_for_objects__functions.c.o[0m
[9.413s] [ 14%] [32m[1mLinking C shared library libcitrack_ros_msgs__rosidl_generator_c.so[0m
[9.578s] [ 14%] Built target citrack_ros_msgs__rosidl_generator_c
[9.600s] [ 15%] [32mBuilding CXX object CMakeFiles/citrack_ros_msgs__rosidl_typesupport_cpp.dir/rosidl_typesupport_cpp/citrack_ros_msgs/msg/uwb_tag__type_support.cpp.o[0m
[9.601s] [ 16%] [32mBuilding CXX object CMakeFiles/citrack_ros_msgs__rosidl_typesupport_cpp.dir/rosidl_typesupport_cpp/citrack_ros_msgs/msg/vicon_position__type_support.cpp.o[0m
[9.617s] [ 17%] [32mBuilding CXX object CMakeFiles/citrack_ros_msgs__rosidl_typesupport_cpp.dir/rosidl_typesupport_cpp/citrack_ros_msgs/msg/uwb_anchor__type_support.cpp.o[0m
[9.627s] [ 19%] [34m[1mGenerating C type support for eProsima Fast-RTPS[0m
[9.627s] [ 19%] [34m[1mGenerating C introspection for ROS interfaces[0m
[9.640s] [ 20%] [32mBuilding CXX object CMakeFiles/citrack_ros_msgs__rosidl_typesupport_cpp.dir/rosidl_typesupport_cpp/citrack_ros_msgs/msg/uwb_tags__type_support.cpp.o[0m
[10.630s] [ 20%] [32mBuilding CXX object CMakeFiles/citrack_ros_msgs__rosidl_typesupport_cpp.dir/rosidl_typesupport_cpp/citrack_ros_msgs/msg/uwb_range__type_support.cpp.o[0m
[10.670s] [ 21%] [34m[1mGenerating C type support dispatch for ROS interfaces[0m
[10.690s] [ 22%] [32mBuilding CXX object CMakeFiles/citrack_ros_msgs__rosidl_typesupport_cpp.dir/rosidl_typesupport_cpp/citrack_ros_msgs/msg/darknet_bounding_box__type_support.cpp.o[0m
[10.762s] [ 23%] [32mBuilding CXX object CMakeFiles/citrack_ros_msgs__rosidl_typesupport_cpp.dir/rosidl_typesupport_cpp/citrack_ros_msgs/msg/darknet_bounding_boxes__type_support.cpp.o[0m
[11.122s] [ 23%] [32mBuilding CXX object CMakeFiles/citrack_ros_msgs__rosidl_typesupport_introspection_cpp.dir/rosidl_typesupport_introspection_cpp/citrack_ros_msgs/msg/detail/vicon_position__type_support.cpp.o[0m
[11.609s] [ 24%] [32mBuilding CXX object CMakeFiles/citrack_ros_msgs__rosidl_typesupport_cpp.dir/rosidl_typesupport_cpp/citrack_ros_msgs/msg/darknet_object_count__type_support.cpp.o[0m
[12.081s] [ 25%] [32mBuilding CXX object CMakeFiles/citrack_ros_msgs__rosidl_typesupport_cpp.dir/rosidl_typesupport_cpp/citrack_ros_msgs/msg/rviz_birds_eye_param__type_support.cpp.o[0m
[12.217s] [ 26%] [32mBuilding CXX object CMakeFiles/citrack_ros_msgs__rosidl_typesupport_cpp.dir/rosidl_typesupport_cpp/citrack_ros_msgs/msg/custom_tag__type_support.cpp.o[0m
[12.527s] [ 27%] [32mBuilding CXX object CMakeFiles/citrack_ros_msgs__rosidl_typesupport_fastrtps_cpp.dir/rosidl_typesupport_fastrtps_cpp/citrack_ros_msgs/msg/detail/dds_fastrtps/vicon_position__type_support.cpp.o[0m
[12.916s] [ 28%] [32mBuilding CXX object CMakeFiles/citrack_ros_msgs__rosidl_typesupport_introspection_cpp.dir/rosidl_typesupport_introspection_cpp/citrack_ros_msgs/msg/detail/uwb_anchor__type_support.cpp.o[0m
[13.135s] [ 28%] [32mBuilding CXX object CMakeFiles/citrack_ros_msgs__rosidl_typesupport_cpp.dir/rosidl_typesupport_cpp/citrack_ros_msgs/msg/multi_tags__type_support.cpp.o[0m
[13.193s] [ 29%] [32mBuilding CXX object CMakeFiles/citrack_ros_msgs__rosidl_typesupport_c.dir/rosidl_typesupport_c/citrack_ros_msgs/msg/vicon_position__type_support.cpp.o[0m
[13.483s] [ 30%] [32mBuilding CXX object CMakeFiles/citrack_ros_msgs__rosidl_typesupport_introspection_cpp.dir/rosidl_typesupport_introspection_cpp/citrack_ros_msgs/msg/detail/uwb_tag__type_support.cpp.o[0m
[13.489s] [ 30%] [32mBuilding CXX object CMakeFiles/citrack_ros_msgs__rosidl_typesupport_c.dir/rosidl_typesupport_c/citrack_ros_msgs/msg/uwb_anchor__type_support.cpp.o[0m
[13.655s] [ 31%] [32mBuilding CXX object CMakeFiles/citrack_ros_msgs__rosidl_typesupport_c.dir/rosidl_typesupport_c/citrack_ros_msgs/msg/uwb_tag__type_support.cpp.o[0m
[13.701s] [ 32%] [32mBuilding CXX object CMakeFiles/citrack_ros_msgs__rosidl_typesupport_c.dir/rosidl_typesupport_c/citrack_ros_msgs/msg/uwb_tags__type_support.cpp.o[0m
[13.765s] [ 33%] [32mBuilding CXX object CMakeFiles/citrack_ros_msgs__rosidl_typesupport_cpp.dir/rosidl_typesupport_cpp/citrack_ros_msgs/action/darknet_check_for_objects__type_support.cpp.o[0m
[13.901s] [ 34%] [32mBuilding CXX object CMakeFiles/citrack_ros_msgs__rosidl_typesupport_c.dir/rosidl_typesupport_c/citrack_ros_msgs/msg/uwb_range__type_support.cpp.o[0m
[13.997s] [ 35%] [32mBuilding CXX object CMakeFiles/citrack_ros_msgs__rosidl_typesupport_fastrtps_cpp.dir/rosidl_typesupport_fastrtps_cpp/citrack_ros_msgs/msg/detail/dds_fastrtps/uwb_anchor__type_support.cpp.o[0m
[14.014s] [ 36%] [32mBuilding CXX object CMakeFiles/citrack_ros_msgs__rosidl_typesupport_c.dir/rosidl_typesupport_c/citrack_ros_msgs/msg/darknet_bounding_box__type_support.cpp.o[0m
[14.163s] [ 37%] [32mBuilding CXX object CMakeFiles/citrack_ros_msgs__rosidl_typesupport_c.dir/rosidl_typesupport_c/citrack_ros_msgs/msg/darknet_bounding_boxes__type_support.cpp.o[0m
[14.447s] [ 37%] [32mBuilding CXX object CMakeFiles/citrack_ros_msgs__rosidl_typesupport_c.dir/rosidl_typesupport_c/citrack_ros_msgs/msg/darknet_object_count__type_support.cpp.o[0m
[14.555s] [ 38%] [32mBuilding CXX object CMakeFiles/citrack_ros_msgs__rosidl_typesupport_introspection_cpp.dir/rosidl_typesupport_introspection_cpp/citrack_ros_msgs/msg/detail/uwb_tags__type_support.cpp.o[0m
[14.675s] [ 39%] [32mBuilding CXX object CMakeFiles/citrack_ros_msgs__rosidl_typesupport_c.dir/rosidl_typesupport_c/citrack_ros_msgs/msg/rviz_birds_eye_param__type_support.cpp.o[0m
[14.783s] [ 40%] [32mBuilding CXX object CMakeFiles/citrack_ros_msgs__rosidl_typesupport_fastrtps_cpp.dir/rosidl_typesupport_fastrtps_cpp/citrack_ros_msgs/msg/detail/dds_fastrtps/uwb_tag__type_support.cpp.o[0m
[14.888s] [ 41%] [32mBuilding C object CMakeFiles/citrack_ros_msgs__rosidl_typesupport_introspection_c.dir/rosidl_typesupport_introspection_c/citrack_ros_msgs/msg/detail/vicon_position__type_support.c.o[0m
[14.915s] [ 42%] [32mBuilding CXX object CMakeFiles/citrack_ros_msgs__rosidl_typesupport_c.dir/rosidl_typesupport_c/citrack_ros_msgs/msg/custom_tag__type_support.cpp.o[0m
[14.959s] [ 43%] [32mBuilding CXX object CMakeFiles/citrack_ros_msgs__rosidl_typesupport_introspection_cpp.dir/rosidl_typesupport_introspection_cpp/citrack_ros_msgs/msg/detail/uwb_range__type_support.cpp.o[0m
[15.009s] [ 44%] [32mBuilding C object CMakeFiles/citrack_ros_msgs__rosidl_typesupport_introspection_c.dir/rosidl_typesupport_introspection_c/citrack_ros_msgs/msg/detail/uwb_anchor__type_support.c.o[0m
[15.087s] [ 45%] [32mBuilding CXX object CMakeFiles/citrack_ros_msgs__rosidl_typesupport_c.dir/rosidl_typesupport_c/citrack_ros_msgs/msg/multi_tags__type_support.cpp.o[0m
[15.112s] [ 46%] [32mBuilding C object CMakeFiles/citrack_ros_msgs__rosidl_typesupport_introspection_c.dir/rosidl_typesupport_introspection_c/citrack_ros_msgs/msg/detail/uwb_tag__type_support.c.o[0m
[15.212s] [ 47%] [32mBuilding CXX object CMakeFiles/citrack_ros_msgs__rosidl_typesupport_c.dir/rosidl_typesupport_c/citrack_ros_msgs/action/darknet_check_for_objects__type_support.cpp.o[0m
[15.222s] [ 47%] [32mBuilding C object CMakeFiles/citrack_ros_msgs__rosidl_typesupport_introspection_c.dir/rosidl_typesupport_introspection_c/citrack_ros_msgs/msg/detail/uwb_tags__type_support.c.o[0m
[15.403s] [ 48%] [32mBuilding C object CMakeFiles/citrack_ros_msgs__rosidl_typesupport_introspection_c.dir/rosidl_typesupport_introspection_c/citrack_ros_msgs/msg/detail/uwb_range__type_support.c.o[0m
[15.485s] [ 49%] [32m[1mLinking CXX shared library libcitrack_ros_msgs__rosidl_typesupport_c.so[0m
[15.487s] [ 50%] [32mBuilding CXX object CMakeFiles/citrack_ros_msgs__rosidl_typesupport_fastrtps_cpp.dir/rosidl_typesupport_fastrtps_cpp/citrack_ros_msgs/msg/detail/dds_fastrtps/uwb_tags__type_support.cpp.o[0m
[15.524s] [ 51%] [32mBuilding CXX object CMakeFiles/citrack_ros_msgs__rosidl_typesupport_fastrtps_c.dir/rosidl_typesupport_fastrtps_c/citrack_ros_msgs/msg/detail/vicon_position__type_support_c.cpp.o[0m
[15.582s] [ 52%] [32mBuilding C object CMakeFiles/citrack_ros_msgs__rosidl_typesupport_introspection_c.dir/rosidl_typesupport_introspection_c/citrack_ros_msgs/msg/detail/darknet_bounding_box__type_support.c.o[0m
[15.741s] [ 52%] Built target citrack_ros_msgs__rosidl_typesupport_c
[15.799s] [ 53%] [32mBuilding CXX object CMakeFiles/citrack_ros_msgs__rosidl_typesupport_introspection_cpp.dir/rosidl_typesupport_introspection_cpp/citrack_ros_msgs/msg/detail/darknet_bounding_box__type_support.cpp.o[0m
[15.824s] [ 54%] [32mBuilding C object CMakeFiles/citrack_ros_msgs__rosidl_typesupport_introspection_c.dir/rosidl_typesupport_introspection_c/citrack_ros_msgs/msg/detail/darknet_bounding_boxes__type_support.c.o[0m
[16.098s] [ 55%] [32mBuilding C object CMakeFiles/citrack_ros_msgs__rosidl_typesupport_introspection_c.dir/rosidl_typesupport_introspection_c/citrack_ros_msgs/msg/detail/darknet_object_count__type_support.c.o[0m
[16.154s] [ 56%] [32m[1mLinking CXX shared library libcitrack_ros_msgs__rosidl_typesupport_cpp.so[0m
[16.327s] [ 57%] [32mBuilding C object CMakeFiles/citrack_ros_msgs__rosidl_typesupport_introspection_c.dir/rosidl_typesupport_introspection_c/citrack_ros_msgs/msg/detail/rviz_birds_eye_param__type_support.c.o[0m
[16.390s] [ 57%] Built target citrack_ros_msgs__rosidl_typesupport_cpp
[16.420s] [ 58%] [32mBuilding CXX object CMakeFiles/citrack_ros_msgs__rosidl_typesupport_fastrtps_cpp.dir/rosidl_typesupport_fastrtps_cpp/citrack_ros_msgs/msg/detail/dds_fastrtps/uwb_range__type_support.cpp.o[0m
[16.446s] [ 59%] [32mBuilding C object CMakeFiles/citrack_ros_msgs__rosidl_typesupport_introspection_c.dir/rosidl_typesupport_introspection_c/citrack_ros_msgs/msg/detail/custom_tag__type_support.c.o[0m
[16.571s] [ 59%] [32mBuilding CXX object CMakeFiles/citrack_ros_msgs__rosidl_typesupport_introspection_cpp.dir/rosidl_typesupport_introspection_cpp/citrack_ros_msgs/msg/detail/darknet_bounding_boxes__type_support.cpp.o[0m
[16.637s] [ 59%] [32mBuilding C object CMakeFiles/citrack_ros_msgs__rosidl_typesupport_introspection_c.dir/rosidl_typesupport_introspection_c/citrack_ros_msgs/msg/detail/multi_tags__type_support.c.o[0m
[16.898s] [ 60%] [32mBuilding CXX object CMakeFiles/citrack_ros_msgs__rosidl_typesupport_introspection_cpp.dir/rosidl_typesupport_introspection_cpp/citrack_ros_msgs/msg/detail/darknet_object_count__type_support.cpp.o[0m
[16.903s] [ 61%] [32mBuilding C object CMakeFiles/citrack_ros_msgs__rosidl_typesupport_introspection_c.dir/rosidl_typesupport_introspection_c/citrack_ros_msgs/action/detail/darknet_check_for_objects__type_support.c.o[0m
[17.025s] [ 61%] [32mBuilding CXX object CMakeFiles/citrack_ros_msgs__rosidl_typesupport_fastrtps_cpp.dir/rosidl_typesupport_fastrtps_cpp/citrack_ros_msgs/msg/detail/dds_fastrtps/darknet_bounding_box__type_support.cpp.o[0m
[17.096s] [ 62%] [32mBuilding CXX object CMakeFiles/citrack_ros_msgs__rosidl_typesupport_introspection_cpp.dir/rosidl_typesupport_introspection_cpp/citrack_ros_msgs/msg/detail/rviz_birds_eye_param__type_support.cpp.o[0m
[17.173s] [ 63%] [32mBuilding CXX object CMakeFiles/citrack_ros_msgs__rosidl_typesupport_fastrtps_c.dir/rosidl_typesupport_fastrtps_c/citrack_ros_msgs/msg/detail/uwb_anchor__type_support_c.cpp.o[0m
[17.201s] [ 64%] [32m[1mLinking C shared library libcitrack_ros_msgs__rosidl_typesupport_introspection_c.so[0m
[17.428s] [ 64%] Built target citrack_ros_msgs__rosidl_typesupport_introspection_c
[17.505s] [ 64%] [32mBuilding CXX object CMakeFiles/citrack_ros_msgs__rosidl_typesupport_fastrtps_c.dir/rosidl_typesupport_fastrtps_c/citrack_ros_msgs/msg/detail/uwb_tag__type_support_c.cpp.o[0m
[17.760s] [ 65%] [32mBuilding CXX object CMakeFiles/citrack_ros_msgs__rosidl_typesupport_fastrtps_cpp.dir/rosidl_typesupport_fastrtps_cpp/citrack_ros_msgs/msg/detail/dds_fastrtps/darknet_bounding_boxes__type_support.cpp.o[0m
[18.098s] [ 66%] [32mBuilding CXX object CMakeFiles/citrack_ros_msgs__rosidl_typesupport_introspection_cpp.dir/rosidl_typesupport_introspection_cpp/citrack_ros_msgs/msg/detail/custom_tag__type_support.cpp.o[0m
[18.559s] [ 67%] [32mBuilding CXX object CMakeFiles/citrack_ros_msgs__rosidl_typesupport_introspection_cpp.dir/rosidl_typesupport_introspection_cpp/citrack_ros_msgs/msg/detail/multi_tags__type_support.cpp.o[0m
[18.831s] [ 68%] [32mBuilding CXX object CMakeFiles/citrack_ros_msgs__rosidl_typesupport_introspection_cpp.dir/rosidl_typesupport_introspection_cpp/citrack_ros_msgs/action/detail/darknet_check_for_objects__type_support.cpp.o[0m
[18.862s] [ 69%] [32mBuilding CXX object CMakeFiles/citrack_ros_msgs__rosidl_typesupport_fastrtps_cpp.dir/rosidl_typesupport_fastrtps_cpp/citrack_ros_msgs/msg/detail/dds_fastrtps/darknet_object_count__type_support.cpp.o[0m
[19.027s] [ 70%] [32mBuilding CXX object CMakeFiles/citrack_ros_msgs__rosidl_typesupport_fastrtps_c.dir/rosidl_typesupport_fastrtps_c/citrack_ros_msgs/msg/detail/uwb_tags__type_support_c.cpp.o[0m
[19.126s] [ 71%] [32mBuilding CXX object CMakeFiles/citrack_ros_msgs__rosidl_typesupport_fastrtps_cpp.dir/rosidl_typesupport_fastrtps_cpp/citrack_ros_msgs/msg/detail/dds_fastrtps/rviz_birds_eye_param__type_support.cpp.o[0m
[19.171s] [ 72%] [32mBuilding CXX object CMakeFiles/citrack_ros_msgs__rosidl_typesupport_fastrtps_c.dir/rosidl_typesupport_fastrtps_c/citrack_ros_msgs/msg/detail/uwb_range__type_support_c.cpp.o[0m
[19.705s] [ 73%] [32mBuilding CXX object CMakeFiles/citrack_ros_msgs__rosidl_typesupport_fastrtps_cpp.dir/rosidl_typesupport_fastrtps_cpp/citrack_ros_msgs/msg/detail/dds_fastrtps/custom_tag__type_support.cpp.o[0m
[20.050s] [ 74%] [32mBuilding CXX object CMakeFiles/citrack_ros_msgs__rosidl_typesupport_fastrtps_c.dir/rosidl_typesupport_fastrtps_c/citrack_ros_msgs/msg/detail/darknet_bounding_box__type_support_c.cpp.o[0m
[20.740s] [ 75%] [32mBuilding CXX object CMakeFiles/citrack_ros_msgs__rosidl_typesupport_fastrtps_c.dir/rosidl_typesupport_fastrtps_c/citrack_ros_msgs/msg/detail/darknet_bounding_boxes__type_support_c.cpp.o[0m
[20.743s] [ 76%] [32mBuilding CXX object CMakeFiles/citrack_ros_msgs__rosidl_typesupport_fastrtps_cpp.dir/rosidl_typesupport_fastrtps_cpp/citrack_ros_msgs/msg/detail/dds_fastrtps/multi_tags__type_support.cpp.o[0m
[21.015s] [ 77%] [32mBuilding CXX object CMakeFiles/citrack_ros_msgs__rosidl_typesupport_fastrtps_c.dir/rosidl_typesupport_fastrtps_c/citrack_ros_msgs/msg/detail/darknet_object_count__type_support_c.cpp.o[0m
[21.176s] [ 77%] [32mBuilding CXX object CMakeFiles/citrack_ros_msgs__rosidl_typesupport_fastrtps_c.dir/rosidl_typesupport_fastrtps_c/citrack_ros_msgs/msg/detail/rviz_birds_eye_param__type_support_c.cpp.o[0m
[21.319s] [ 78%] [32mBuilding CXX object CMakeFiles/citrack_ros_msgs__rosidl_typesupport_fastrtps_c.dir/rosidl_typesupport_fastrtps_c/citrack_ros_msgs/msg/detail/custom_tag__type_support_c.cpp.o[0m
[21.406s] [ 79%] [32mBuilding CXX object CMakeFiles/citrack_ros_msgs__rosidl_typesupport_fastrtps_c.dir/rosidl_typesupport_fastrtps_c/citrack_ros_msgs/msg/detail/multi_tags__type_support_c.cpp.o[0m
[21.895s] [ 80%] [32m[1mLinking CXX shared library libcitrack_ros_msgs__rosidl_typesupport_introspection_cpp.so[0m
[22.203s] [ 80%] [32mBuilding CXX object CMakeFiles/citrack_ros_msgs__rosidl_typesupport_fastrtps_cpp.dir/rosidl_typesupport_fastrtps_cpp/citrack_ros_msgs/action/detail/dds_fastrtps/darknet_check_for_objects__type_support.cpp.o[0m
[22.386s] [ 80%] Built target citrack_ros_msgs__rosidl_typesupport_introspection_cpp
[22.477s] [ 81%] [32mBuilding CXX object CMakeFiles/citrack_ros_msgs__rosidl_typesupport_fastrtps_c.dir/rosidl_typesupport_fastrtps_c/citrack_ros_msgs/action/detail/darknet_check_for_objects__type_support_c.cpp.o[0m
[23.795s] [ 82%] [32m[1mLinking CXX shared library libcitrack_ros_msgs__rosidl_typesupport_fastrtps_c.so[0m
[24.050s] [ 83%] [32m[1mLinking CXX shared library libcitrack_ros_msgs__rosidl_typesupport_fastrtps_cpp.so[0m
[24.158s] [ 83%] Built target citrack_ros_msgs__rosidl_typesupport_fastrtps_c
[24.393s] [ 83%] Built target citrack_ros_msgs__rosidl_typesupport_fastrtps_cpp
[24.574s] [ 83%] Built target citrack_ros_msgs
[24.740s] [ 84%] [34m[1mGenerating Python code for ROS interfaces[0m
[30.326s] [ 84%] Built target citrack_ros_msgs__py
[30.371s] [ 87%] [32mBuilding C object CMakeFiles/citrack_ros_msgs__rosidl_generator_py.dir/rosidl_generator_py/citrack_ros_msgs/msg/_uwb_tags_s.c.o[0m
[30.372s] [ 87%] [32mBuilding C object CMakeFiles/citrack_ros_msgs__rosidl_generator_py.dir/rosidl_generator_py/citrack_ros_msgs/msg/_uwb_anchor_s.c.o[0m
[30.372s] [ 87%] [32mBuilding C object CMakeFiles/citrack_ros_msgs__rosidl_generator_py.dir/rosidl_generator_py/citrack_ros_msgs/msg/_vicon_position_s.c.o[0m
[30.378s] [ 88%] [32mBuilding C object CMakeFiles/citrack_ros_msgs__rosidl_generator_py.dir/rosidl_generator_py/citrack_ros_msgs/msg/_darknet_bounding_boxes_s.c.o[0m
[30.381s] [ 88%] [32mBuilding C object CMakeFiles/citrack_ros_msgs__rosidl_generator_py.dir/rosidl_generator_py/citrack_ros_msgs/msg/_uwb_tag_s.c.o[0m
[30.384s] [ 89%] [32mBuilding C object CMakeFiles/citrack_ros_msgs__rosidl_generator_py.dir/rosidl_generator_py/citrack_ros_msgs/msg/_darknet_bounding_box_s.c.o[0m
[30.388s] [ 90%] [32mBuilding C object CMakeFiles/citrack_ros_msgs__rosidl_generator_py.dir/rosidl_generator_py/citrack_ros_msgs/msg/_darknet_object_count_s.c.o[0m
[30.395s] [ 91%] [32mBuilding C object CMakeFiles/citrack_ros_msgs__rosidl_generator_py.dir/rosidl_generator_py/citrack_ros_msgs/msg/_uwb_range_s.c.o[0m
[30.641s] [ 91%] [32mBuilding C object CMakeFiles/citrack_ros_msgs__rosidl_generator_py.dir/rosidl_generator_py/citrack_ros_msgs/msg/_custom_tag_s.c.o[0m
[30.644s] [ 92%] [32mBuilding C object CMakeFiles/citrack_ros_msgs__rosidl_generator_py.dir/rosidl_generator_py/citrack_ros_msgs/msg/_rviz_birds_eye_param_s.c.o[0m
[30.652s] [ 93%] [32mBuilding C object CMakeFiles/citrack_ros_msgs__rosidl_generator_py.dir/rosidl_generator_py/citrack_ros_msgs/msg/_multi_tags_s.c.o[0m
[30.714s] [ 94%] [32mBuilding C object CMakeFiles/citrack_ros_msgs__rosidl_generator_py.dir/rosidl_generator_py/citrack_ros_msgs/action/_darknet_check_for_objects_s.c.o[0m
[31.014s] [ 95%] [32m[1mLinking C shared library rosidl_generator_py/citrack_ros_msgs/libcitrack_ros_msgs__rosidl_generator_py.so[0m
[31.111s] [ 95%] Built target citrack_ros_msgs__rosidl_generator_py
[31.157s] [ 96%] [32mBuilding C object CMakeFiles/citrack_ros_msgs__rosidl_typesupport_c__pyext.dir/rosidl_generator_py/citrack_ros_msgs/_citrack_ros_msgs_s.ep.rosidl_typesupport_c.c.o[0m
[31.158s] [ 96%] [32mBuilding C object CMakeFiles/citrack_ros_msgs__rosidl_typesupport_fastrtps_c__pyext.dir/rosidl_generator_py/citrack_ros_msgs/_citrack_ros_msgs_s.ep.rosidl_typesupport_fastrtps_c.c.o[0m
[31.161s] [ 97%] [32mBuilding C object CMakeFiles/citrack_ros_msgs__rosidl_typesupport_introspection_c__pyext.dir/rosidl_generator_py/citrack_ros_msgs/_citrack_ros_msgs_s.ep.rosidl_typesupport_introspection_c.c.o[0m
[31.474s] [ 99%] [32m[1mLinking C shared library rosidl_generator_py/citrack_ros_msgs/citrack_ros_msgs_s__rosidl_typesupport_fastrtps_c.cpython-310-aarch64-linux-gnu.so[0m
[31.475s] [ 99%] [32m[1mLinking C shared library rosidl_generator_py/citrack_ros_msgs/citrack_ros_msgs_s__rosidl_typesupport_introspection_c.cpython-310-aarch64-linux-gnu.so[0m
[31.475s] [100%] [32m[1mLinking C shared library rosidl_generator_py/citrack_ros_msgs/citrack_ros_msgs_s__rosidl_typesupport_c.cpython-310-aarch64-linux-gnu.so[0m
[31.571s] [100%] Built target citrack_ros_msgs__rosidl_typesupport_introspection_c__pyext
[31.571s] [100%] Built target citrack_ros_msgs__rosidl_typesupport_c__pyext
[31.571s] [100%] Built target citrack_ros_msgs__rosidl_typesupport_fastrtps_c__pyext
[31.606s] Invoked command in '/home/asv/asv_autonomy/uwb_imu_localization/build/citrack_ros_msgs' returned '0': CMAKE_PREFIX_PATH=${CMAKE_PREFIX_PATH}:/home/asv/asv_autonomy/uwb_imu_localization/install/ekf_fusion:/home/asv/asv_autonomy/uwb_imu_localization/install/uwb_tracking_ros2:/opt/ros/humble CONDA_PROMPT_MODIFIER=(asv_localization) /usr/bin/cmake --build /home/asv/asv_autonomy/uwb_imu_localization/build/citrack_ros_msgs -- -j8 -l8
[31.626s] Invoking command in '/home/asv/asv_autonomy/uwb_imu_localization/build/citrack_ros_msgs': CMAKE_PREFIX_PATH=${CMAKE_PREFIX_PATH}:/home/asv/asv_autonomy/uwb_imu_localization/install/ekf_fusion:/home/asv/asv_autonomy/uwb_imu_localization/install/uwb_tracking_ros2:/opt/ros/humble CONDA_PROMPT_MODIFIER=(asv_localization) /usr/bin/cmake --install /home/asv/asv_autonomy/uwb_imu_localization/build/citrack_ros_msgs
[31.642s] -- Install configuration: ""
[31.644s] -- Execute custom install script
[31.644s] -- Symlinking: /home/asv/asv_autonomy/uwb_imu_localization/install/citrack_ros_msgs/share/ament_index/resource_index/rosidl_interfaces/citrack_ros_msgs
[31.668s] -- Symlinking: /home/asv/asv_autonomy/uwb_imu_localization/install/citrack_ros_msgs/include/citrack_ros_msgs/citrack_ros_msgs/action/darknet_check_for_objects.h
[31.685s] -- Symlinking: /home/asv/asv_autonomy/uwb_imu_localization/install/citrack_ros_msgs/include/citrack_ros_msgs/citrack_ros_msgs/action/detail/darknet_check_for_objects__functions.h
[31.701s] -- Symlinking: /home/asv/asv_autonomy/uwb_imu_localization/install/citrack_ros_msgs/include/citrack_ros_msgs/citrack_ros_msgs/action/detail/darknet_check_for_objects__struct.h
[31.718s] -- Symlinking: /home/asv/asv_autonomy/uwb_imu_localization/install/citrack_ros_msgs/include/citrack_ros_msgs/citrack_ros_msgs/action/detail/darknet_check_for_objects__type_support.h
[31.734s] -- Symlinking: /home/asv/asv_autonomy/uwb_imu_localization/install/citrack_ros_msgs/include/citrack_ros_msgs/citrack_ros_msgs/msg/custom_tag.h
[31.750s] -- Symlinking: /home/asv/asv_autonomy/uwb_imu_localization/install/citrack_ros_msgs/include/citrack_ros_msgs/citrack_ros_msgs/msg/darknet_bounding_box.h
[31.767s] -- Symlinking: /home/asv/asv_autonomy/uwb_imu_localization/install/citrack_ros_msgs/include/citrack_ros_msgs/citrack_ros_msgs/msg/darknet_bounding_boxes.h
[31.784s] -- Symlinking: /home/asv/asv_autonomy/uwb_imu_localization/install/citrack_ros_msgs/include/citrack_ros_msgs/citrack_ros_msgs/msg/darknet_object_count.h
[31.801s] -- Symlinking: /home/asv/asv_autonomy/uwb_imu_localization/install/citrack_ros_msgs/include/citrack_ros_msgs/citrack_ros_msgs/msg/detail/custom_tag__functions.h
[31.818s] -- Symlinking: /home/asv/asv_autonomy/uwb_imu_localization/install/citrack_ros_msgs/include/citrack_ros_msgs/citrack_ros_msgs/msg/detail/custom_tag__struct.h
[31.834s] -- Symlinking: /home/asv/asv_autonomy/uwb_imu_localization/install/citrack_ros_msgs/include/citrack_ros_msgs/citrack_ros_msgs/msg/detail/custom_tag__type_support.h
[31.851s] -- Symlinking: /home/asv/asv_autonomy/uwb_imu_localization/install/citrack_ros_msgs/include/citrack_ros_msgs/citrack_ros_msgs/msg/detail/darknet_bounding_box__functions.h
[31.869s] -- Symlinking: /home/asv/asv_autonomy/uwb_imu_localization/install/citrack_ros_msgs/include/citrack_ros_msgs/citrack_ros_msgs/msg/detail/darknet_bounding_box__struct.h
[31.890s] -- Symlinking: /home/asv/asv_autonomy/uwb_imu_localization/install/citrack_ros_msgs/include/citrack_ros_msgs/citrack_ros_msgs/msg/detail/darknet_bounding_box__type_support.h
[31.910s] -- Symlinking: /home/asv/asv_autonomy/uwb_imu_localization/install/citrack_ros_msgs/include/citrack_ros_msgs/citrack_ros_msgs/msg/detail/darknet_bounding_boxes__functions.h
[31.928s] -- Symlinking: /home/asv/asv_autonomy/uwb_imu_localization/install/citrack_ros_msgs/include/citrack_ros_msgs/citrack_ros_msgs/msg/detail/darknet_bounding_boxes__struct.h
[31.946s] -- Symlinking: /home/asv/asv_autonomy/uwb_imu_localization/install/citrack_ros_msgs/include/citrack_ros_msgs/citrack_ros_msgs/msg/detail/darknet_bounding_boxes__type_support.h
[31.964s] -- Symlinking: /home/asv/asv_autonomy/uwb_imu_localization/install/citrack_ros_msgs/include/citrack_ros_msgs/citrack_ros_msgs/msg/detail/darknet_object_count__functions.h
[31.981s] -- Symlinking: /home/asv/asv_autonomy/uwb_imu_localization/install/citrack_ros_msgs/include/citrack_ros_msgs/citrack_ros_msgs/msg/detail/darknet_object_count__struct.h
[31.997s] -- Symlinking: /home/asv/asv_autonomy/uwb_imu_localization/install/citrack_ros_msgs/include/citrack_ros_msgs/citrack_ros_msgs/msg/detail/darknet_object_count__type_support.h
[32.017s] -- Symlinking: /home/asv/asv_autonomy/uwb_imu_localization/install/citrack_ros_msgs/include/citrack_ros_msgs/citrack_ros_msgs/msg/detail/multi_tags__functions.h
[32.034s] -- Symlinking: /home/asv/asv_autonomy/uwb_imu_localization/install/citrack_ros_msgs/include/citrack_ros_msgs/citrack_ros_msgs/msg/detail/multi_tags__struct.h
[32.050s] -- Symlinking: /home/asv/asv_autonomy/uwb_imu_localization/install/citrack_ros_msgs/include/citrack_ros_msgs/citrack_ros_msgs/msg/detail/multi_tags__type_support.h
[32.066s] -- Symlinking: /home/asv/asv_autonomy/uwb_imu_localization/install/citrack_ros_msgs/include/citrack_ros_msgs/citrack_ros_msgs/msg/detail/rviz_birds_eye_param__functions.h
[32.083s] -- Symlinking: /home/asv/asv_autonomy/uwb_imu_localization/install/citrack_ros_msgs/include/citrack_ros_msgs/citrack_ros_msgs/msg/detail/rviz_birds_eye_param__struct.h
[32.105s] -- Symlinking: /home/asv/asv_autonomy/uwb_imu_localization/install/citrack_ros_msgs/include/citrack_ros_msgs/citrack_ros_msgs/msg/detail/rviz_birds_eye_param__type_support.h
[32.122s] -- Symlinking: /home/asv/asv_autonomy/uwb_imu_localization/install/citrack_ros_msgs/include/citrack_ros_msgs/citrack_ros_msgs/msg/detail/uwb_anchor__functions.h
[32.139s] -- Symlinking: /home/asv/asv_autonomy/uwb_imu_localization/install/citrack_ros_msgs/include/citrack_ros_msgs/citrack_ros_msgs/msg/detail/uwb_anchor__struct.h
[32.155s] -- Symlinking: /home/asv/asv_autonomy/uwb_imu_localization/install/citrack_ros_msgs/include/citrack_ros_msgs/citrack_ros_msgs/msg/detail/uwb_anchor__type_support.h
[32.173s] -- Symlinking: /home/asv/asv_autonomy/uwb_imu_localization/install/citrack_ros_msgs/include/citrack_ros_msgs/citrack_ros_msgs/msg/detail/uwb_range__functions.h
[32.191s] -- Symlinking: /home/asv/asv_autonomy/uwb_imu_localization/install/citrack_ros_msgs/include/citrack_ros_msgs/citrack_ros_msgs/msg/detail/uwb_range__struct.h
[32.211s] -- Symlinking: /home/asv/asv_autonomy/uwb_imu_localization/install/citrack_ros_msgs/include/citrack_ros_msgs/citrack_ros_msgs/msg/detail/uwb_range__type_support.h
[32.227s] -- Symlinking: /home/asv/asv_autonomy/uwb_imu_localization/install/citrack_ros_msgs/include/citrack_ros_msgs/citrack_ros_msgs/msg/detail/uwb_tag__functions.h
[32.245s] -- Symlinking: /home/asv/asv_autonomy/uwb_imu_localization/install/citrack_ros_msgs/include/citrack_ros_msgs/citrack_ros_msgs/msg/detail/uwb_tag__struct.h
[32.262s] -- Symlinking: /home/asv/asv_autonomy/uwb_imu_localization/install/citrack_ros_msgs/include/citrack_ros_msgs/citrack_ros_msgs/msg/detail/uwb_tag__type_support.h
[32.279s] -- Symlinking: /home/asv/asv_autonomy/uwb_imu_localization/install/citrack_ros_msgs/include/citrack_ros_msgs/citrack_ros_msgs/msg/detail/uwb_tags__functions.h
[32.301s] -- Symlinking: /home/asv/asv_autonomy/uwb_imu_localization/install/citrack_ros_msgs/include/citrack_ros_msgs/citrack_ros_msgs/msg/detail/uwb_tags__struct.h
[32.320s] -- Symlinking: /home/asv/asv_autonomy/uwb_imu_localization/install/citrack_ros_msgs/include/citrack_ros_msgs/citrack_ros_msgs/msg/detail/uwb_tags__type_support.h
[32.338s] -- Symlinking: /home/asv/asv_autonomy/uwb_imu_localization/install/citrack_ros_msgs/include/citrack_ros_msgs/citrack_ros_msgs/msg/detail/vicon_position__functions.h
[32.356s] -- Symlinking: /home/asv/asv_autonomy/uwb_imu_localization/install/citrack_ros_msgs/include/citrack_ros_msgs/citrack_ros_msgs/msg/detail/vicon_position__struct.h
[32.373s] -- Symlinking: /home/asv/asv_autonomy/uwb_imu_localization/install/citrack_ros_msgs/include/citrack_ros_msgs/citrack_ros_msgs/msg/detail/vicon_position__type_support.h
[32.390s] -- Symlinking: /home/asv/asv_autonomy/uwb_imu_localization/install/citrack_ros_msgs/include/citrack_ros_msgs/citrack_ros_msgs/msg/multi_tags.h
[32.407s] -- Symlinking: /home/asv/asv_autonomy/uwb_imu_localization/install/citrack_ros_msgs/include/citrack_ros_msgs/citrack_ros_msgs/msg/rosidl_generator_c__visibility_control.h
[32.425s] -- Symlinking: /home/asv/asv_autonomy/uwb_imu_localization/install/citrack_ros_msgs/include/citrack_ros_msgs/citrack_ros_msgs/msg/rviz_birds_eye_param.h
[32.443s] -- Symlinking: /home/asv/asv_autonomy/uwb_imu_localization/install/citrack_ros_msgs/include/citrack_ros_msgs/citrack_ros_msgs/msg/uwb_anchor.h
[32.463s] -- Symlinking: /home/asv/asv_autonomy/uwb_imu_localization/install/citrack_ros_msgs/include/citrack_ros_msgs/citrack_ros_msgs/msg/uwb_range.h
[32.481s] -- Symlinking: /home/asv/asv_autonomy/uwb_imu_localization/install/citrack_ros_msgs/include/citrack_ros_msgs/citrack_ros_msgs/msg/uwb_tag.h
[32.498s] -- Symlinking: /home/asv/asv_autonomy/uwb_imu_localization/install/citrack_ros_msgs/include/citrack_ros_msgs/citrack_ros_msgs/msg/uwb_tags.h
[32.515s] -- Symlinking: /home/asv/asv_autonomy/uwb_imu_localization/install/citrack_ros_msgs/include/citrack_ros_msgs/citrack_ros_msgs/msg/vicon_position.h
[32.533s] -- Symlinking: /home/asv/asv_autonomy/uwb_imu_localization/install/citrack_ros_msgs/share/citrack_ros_msgs/environment/library_path.sh
[32.550s] -- Symlinking: /home/asv/asv_autonomy/uwb_imu_localization/install/citrack_ros_msgs/share/citrack_ros_msgs/environment/library_path.dsv
[32.569s] -- Symlinking: /home/asv/asv_autonomy/uwb_imu_localization/install/citrack_ros_msgs/include/citrack_ros_msgs/citrack_ros_msgs/action/detail/darknet_check_for_objects__rosidl_typesupport_fastrtps_c.h
[32.587s] -- Symlinking: /home/asv/asv_autonomy/uwb_imu_localization/install/citrack_ros_msgs/include/citrack_ros_msgs/citrack_ros_msgs/msg/detail/custom_tag__rosidl_typesupport_fastrtps_c.h
[32.603s] -- Symlinking: /home/asv/asv_autonomy/uwb_imu_localization/install/citrack_ros_msgs/include/citrack_ros_msgs/citrack_ros_msgs/msg/detail/darknet_bounding_box__rosidl_typesupport_fastrtps_c.h
[32.621s] -- Symlinking: /home/asv/asv_autonomy/uwb_imu_localization/install/citrack_ros_msgs/include/citrack_ros_msgs/citrack_ros_msgs/msg/detail/darknet_bounding_boxes__rosidl_typesupport_fastrtps_c.h
[32.638s] -- Symlinking: /home/asv/asv_autonomy/uwb_imu_localization/install/citrack_ros_msgs/include/citrack_ros_msgs/citrack_ros_msgs/msg/detail/darknet_object_count__rosidl_typesupport_fastrtps_c.h
[32.654s] -- Symlinking: /home/asv/asv_autonomy/uwb_imu_localization/install/citrack_ros_msgs/include/citrack_ros_msgs/citrack_ros_msgs/msg/detail/multi_tags__rosidl_typesupport_fastrtps_c.h
[32.671s] -- Symlinking: /home/asv/asv_autonomy/uwb_imu_localization/install/citrack_ros_msgs/include/citrack_ros_msgs/citrack_ros_msgs/msg/detail/rviz_birds_eye_param__rosidl_typesupport_fastrtps_c.h
[32.690s] -- Symlinking: /home/asv/asv_autonomy/uwb_imu_localization/install/citrack_ros_msgs/include/citrack_ros_msgs/citrack_ros_msgs/msg/detail/uwb_anchor__rosidl_typesupport_fastrtps_c.h
[32.706s] -- Symlinking: /home/asv/asv_autonomy/uwb_imu_localization/install/citrack_ros_msgs/include/citrack_ros_msgs/citrack_ros_msgs/msg/detail/uwb_range__rosidl_typesupport_fastrtps_c.h
[32.722s] -- Symlinking: /home/asv/asv_autonomy/uwb_imu_localization/install/citrack_ros_msgs/include/citrack_ros_msgs/citrack_ros_msgs/msg/detail/uwb_tag__rosidl_typesupport_fastrtps_c.h
[32.739s] -- Symlinking: /home/asv/asv_autonomy/uwb_imu_localization/install/citrack_ros_msgs/include/citrack_ros_msgs/citrack_ros_msgs/msg/detail/uwb_tags__rosidl_typesupport_fastrtps_c.h
[32.757s] -- Symlinking: /home/asv/asv_autonomy/uwb_imu_localization/install/citrack_ros_msgs/include/citrack_ros_msgs/citrack_ros_msgs/msg/detail/vicon_position__rosidl_typesupport_fastrtps_c.h
[32.773s] -- Symlinking: /home/asv/asv_autonomy/uwb_imu_localization/install/citrack_ros_msgs/include/citrack_ros_msgs/citrack_ros_msgs/msg/rosidl_typesupport_fastrtps_c__visibility_control.h
[32.793s] -- Symlinking: /home/asv/asv_autonomy/uwb_imu_localization/install/citrack_ros_msgs/include/citrack_ros_msgs/citrack_ros_msgs/action/darknet_check_for_objects.hpp
[32.810s] -- Symlinking: /home/asv/asv_autonomy/uwb_imu_localization/install/citrack_ros_msgs/include/citrack_ros_msgs/citrack_ros_msgs/action/detail/darknet_check_for_objects__builder.hpp
[32.828s] -- Symlinking: /home/asv/asv_autonomy/uwb_imu_localization/install/citrack_ros_msgs/include/citrack_ros_msgs/citrack_ros_msgs/action/detail/darknet_check_for_objects__struct.hpp
[32.846s] -- Symlinking: /home/asv/asv_autonomy/uwb_imu_localization/install/citrack_ros_msgs/include/citrack_ros_msgs/citrack_ros_msgs/action/detail/darknet_check_for_objects__traits.hpp
[32.863s] -- Symlinking: /home/asv/asv_autonomy/uwb_imu_localization/install/citrack_ros_msgs/include/citrack_ros_msgs/citrack_ros_msgs/action/detail/darknet_check_for_objects__type_support.hpp
[32.880s] -- Symlinking: /home/asv/asv_autonomy/uwb_imu_localization/install/citrack_ros_msgs/include/citrack_ros_msgs/citrack_ros_msgs/msg/custom_tag.hpp
[32.897s] -- Symlinking: /home/asv/asv_autonomy/uwb_imu_localization/install/citrack_ros_msgs/include/citrack_ros_msgs/citrack_ros_msgs/msg/darknet_bounding_box.hpp
[32.914s] -- Symlinking: /home/asv/asv_autonomy/uwb_imu_localization/install/citrack_ros_msgs/include/citrack_ros_msgs/citrack_ros_msgs/msg/darknet_bounding_boxes.hpp
[32.930s] -- Symlinking: /home/asv/asv_autonomy/uwb_imu_localization/install/citrack_ros_msgs/include/citrack_ros_msgs/citrack_ros_msgs/msg/darknet_object_count.hpp
[32.948s] -- Symlinking: /home/asv/asv_autonomy/uwb_imu_localization/install/citrack_ros_msgs/include/citrack_ros_msgs/citrack_ros_msgs/msg/detail/custom_tag__builder.hpp
[32.965s] -- Symlinking: /home/asv/asv_autonomy/uwb_imu_localization/install/citrack_ros_msgs/include/citrack_ros_msgs/citrack_ros_msgs/msg/detail/custom_tag__struct.hpp
[32.983s] -- Symlinking: /home/asv/asv_autonomy/uwb_imu_localization/install/citrack_ros_msgs/include/citrack_ros_msgs/citrack_ros_msgs/msg/detail/custom_tag__traits.hpp
[33.000s] -- Symlinking: /home/asv/asv_autonomy/uwb_imu_localization/install/citrack_ros_msgs/include/citrack_ros_msgs/citrack_ros_msgs/msg/detail/custom_tag__type_support.hpp
[33.017s] -- Symlinking: /home/asv/asv_autonomy/uwb_imu_localization/install/citrack_ros_msgs/include/citrack_ros_msgs/citrack_ros_msgs/msg/detail/darknet_bounding_box__builder.hpp
[33.034s] -- Symlinking: /home/asv/asv_autonomy/uwb_imu_localization/install/citrack_ros_msgs/include/citrack_ros_msgs/citrack_ros_msgs/msg/detail/darknet_bounding_box__struct.hpp
[33.052s] -- Symlinking: /home/asv/asv_autonomy/uwb_imu_localization/install/citrack_ros_msgs/include/citrack_ros_msgs/citrack_ros_msgs/msg/detail/darknet_bounding_box__traits.hpp
[33.069s] -- Symlinking: /home/asv/asv_autonomy/uwb_imu_localization/install/citrack_ros_msgs/include/citrack_ros_msgs/citrack_ros_msgs/msg/detail/darknet_bounding_box__type_support.hpp
[33.088s] -- Symlinking: /home/asv/asv_autonomy/uwb_imu_localization/install/citrack_ros_msgs/include/citrack_ros_msgs/citrack_ros_msgs/msg/detail/darknet_bounding_boxes__builder.hpp
[33.106s] -- Symlinking: /home/asv/asv_autonomy/uwb_imu_localization/install/citrack_ros_msgs/include/citrack_ros_msgs/citrack_ros_msgs/msg/detail/darknet_bounding_boxes__struct.hpp
[33.123s] -- Symlinking: /home/asv/asv_autonomy/uwb_imu_localization/install/citrack_ros_msgs/include/citrack_ros_msgs/citrack_ros_msgs/msg/detail/darknet_bounding_boxes__traits.hpp
[33.138s] -- Symlinking: /home/asv/asv_autonomy/uwb_imu_localization/install/citrack_ros_msgs/include/citrack_ros_msgs/citrack_ros_msgs/msg/detail/darknet_bounding_boxes__type_support.hpp
[33.155s] -- Symlinking: /home/asv/asv_autonomy/uwb_imu_localization/install/citrack_ros_msgs/include/citrack_ros_msgs/citrack_ros_msgs/msg/detail/darknet_object_count__builder.hpp
[33.171s] -- Symlinking: /home/asv/asv_autonomy/uwb_imu_localization/install/citrack_ros_msgs/include/citrack_ros_msgs/citrack_ros_msgs/msg/detail/darknet_object_count__struct.hpp
[33.187s] -- Symlinking: /home/asv/asv_autonomy/uwb_imu_localization/install/citrack_ros_msgs/include/citrack_ros_msgs/citrack_ros_msgs/msg/detail/darknet_object_count__traits.hpp
[33.203s] -- Symlinking: /home/asv/asv_autonomy/uwb_imu_localization/install/citrack_ros_msgs/include/citrack_ros_msgs/citrack_ros_msgs/msg/detail/darknet_object_count__type_support.hpp
[33.222s] -- Symlinking: /home/asv/asv_autonomy/uwb_imu_localization/install/citrack_ros_msgs/include/citrack_ros_msgs/citrack_ros_msgs/msg/detail/multi_tags__builder.hpp
[33.241s] -- Symlinking: /home/asv/asv_autonomy/uwb_imu_localization/install/citrack_ros_msgs/include/citrack_ros_msgs/citrack_ros_msgs/msg/detail/multi_tags__struct.hpp
[33.258s] -- Symlinking: /home/asv/asv_autonomy/uwb_imu_localization/install/citrack_ros_msgs/include/citrack_ros_msgs/citrack_ros_msgs/msg/detail/multi_tags__traits.hpp
[33.275s] -- Symlinking: /home/asv/asv_autonomy/uwb_imu_localization/install/citrack_ros_msgs/include/citrack_ros_msgs/citrack_ros_msgs/msg/detail/multi_tags__type_support.hpp
[33.292s] -- Symlinking: /home/asv/asv_autonomy/uwb_imu_localization/install/citrack_ros_msgs/include/citrack_ros_msgs/citrack_ros_msgs/msg/detail/rviz_birds_eye_param__builder.hpp
[33.309s] -- Symlinking: /home/asv/asv_autonomy/uwb_imu_localization/install/citrack_ros_msgs/include/citrack_ros_msgs/citrack_ros_msgs/msg/detail/rviz_birds_eye_param__struct.hpp
[33.325s] -- Symlinking: /home/asv/asv_autonomy/uwb_imu_localization/install/citrack_ros_msgs/include/citrack_ros_msgs/citrack_ros_msgs/msg/detail/rviz_birds_eye_param__traits.hpp
[33.340s] -- Symlinking: /home/asv/asv_autonomy/uwb_imu_localization/install/citrack_ros_msgs/include/citrack_ros_msgs/citrack_ros_msgs/msg/detail/rviz_birds_eye_param__type_support.hpp
[33.359s] -- Symlinking: /home/asv/asv_autonomy/uwb_imu_localization/install/citrack_ros_msgs/include/citrack_ros_msgs/citrack_ros_msgs/msg/detail/uwb_anchor__builder.hpp
[33.376s] -- Symlinking: /home/asv/asv_autonomy/uwb_imu_localization/install/citrack_ros_msgs/include/citrack_ros_msgs/citrack_ros_msgs/msg/detail/uwb_anchor__struct.hpp
[33.394s] -- Symlinking: /home/asv/asv_autonomy/uwb_imu_localization/install/citrack_ros_msgs/include/citrack_ros_msgs/citrack_ros_msgs/msg/detail/uwb_anchor__traits.hpp
[33.410s] -- Symlinking: /home/asv/asv_autonomy/uwb_imu_localization/install/citrack_ros_msgs/include/citrack_ros_msgs/citrack_ros_msgs/msg/detail/uwb_anchor__type_support.hpp
[33.428s] -- Symlinking: /home/asv/asv_autonomy/uwb_imu_localization/install/citrack_ros_msgs/include/citrack_ros_msgs/citrack_ros_msgs/msg/detail/uwb_range__builder.hpp
[33.445s] -- Symlinking: /home/asv/asv_autonomy/uwb_imu_localization/install/citrack_ros_msgs/include/citrack_ros_msgs/citrack_ros_msgs/msg/detail/uwb_range__struct.hpp
[33.462s] -- Symlinking: /home/asv/asv_autonomy/uwb_imu_localization/install/citrack_ros_msgs/include/citrack_ros_msgs/citrack_ros_msgs/msg/detail/uwb_range__traits.hpp
[33.479s] -- Symlinking: /home/asv/asv_autonomy/uwb_imu_localization/install/citrack_ros_msgs/include/citrack_ros_msgs/citrack_ros_msgs/msg/detail/uwb_range__type_support.hpp
[33.496s] -- Symlinking: /home/asv/asv_autonomy/uwb_imu_localization/install/citrack_ros_msgs/include/citrack_ros_msgs/citrack_ros_msgs/msg/detail/uwb_tag__builder.hpp
[33.516s] -- Symlinking: /home/asv/asv_autonomy/uwb_imu_localization/install/citrack_ros_msgs/include/citrack_ros_msgs/citrack_ros_msgs/msg/detail/uwb_tag__struct.hpp
[33.533s] -- Symlinking: /home/asv/asv_autonomy/uwb_imu_localization/install/citrack_ros_msgs/include/citrack_ros_msgs/citrack_ros_msgs/msg/detail/uwb_tag__traits.hpp
[33.553s] -- Symlinking: /home/asv/asv_autonomy/uwb_imu_localization/install/citrack_ros_msgs/include/citrack_ros_msgs/citrack_ros_msgs/msg/detail/uwb_tag__type_support.hpp
[33.570s] -- Symlinking: /home/asv/asv_autonomy/uwb_imu_localization/install/citrack_ros_msgs/include/citrack_ros_msgs/citrack_ros_msgs/msg/detail/uwb_tags__builder.hpp
[33.588s] -- Symlinking: /home/asv/asv_autonomy/uwb_imu_localization/install/citrack_ros_msgs/include/citrack_ros_msgs/citrack_ros_msgs/msg/detail/uwb_tags__struct.hpp
[33.609s] -- Symlinking: /home/asv/asv_autonomy/uwb_imu_localization/install/citrack_ros_msgs/include/citrack_ros_msgs/citrack_ros_msgs/msg/detail/uwb_tags__traits.hpp
[33.628s] -- Symlinking: /home/asv/asv_autonomy/uwb_imu_localization/install/citrack_ros_msgs/include/citrack_ros_msgs/citrack_ros_msgs/msg/detail/uwb_tags__type_support.hpp
[33.644s] -- Symlinking: /home/asv/asv_autonomy/uwb_imu_localization/install/citrack_ros_msgs/include/citrack_ros_msgs/citrack_ros_msgs/msg/detail/vicon_position__builder.hpp
[33.660s] -- Symlinking: /home/asv/asv_autonomy/uwb_imu_localization/install/citrack_ros_msgs/include/citrack_ros_msgs/citrack_ros_msgs/msg/detail/vicon_position__struct.hpp
[33.677s] -- Symlinking: /home/asv/asv_autonomy/uwb_imu_localization/install/citrack_ros_msgs/include/citrack_ros_msgs/citrack_ros_msgs/msg/detail/vicon_position__traits.hpp
[33.694s] -- Symlinking: /home/asv/asv_autonomy/uwb_imu_localization/install/citrack_ros_msgs/include/citrack_ros_msgs/citrack_ros_msgs/msg/detail/vicon_position__type_support.hpp
[33.713s] -- Symlinking: /home/asv/asv_autonomy/uwb_imu_localization/install/citrack_ros_msgs/include/citrack_ros_msgs/citrack_ros_msgs/msg/multi_tags.hpp
[33.730s] -- Symlinking: /home/asv/asv_autonomy/uwb_imu_localization/install/citrack_ros_msgs/include/citrack_ros_msgs/citrack_ros_msgs/msg/rosidl_generator_cpp__visibility_control.hpp
[33.745s] -- Symlinking: /home/asv/asv_autonomy/uwb_imu_localization/install/citrack_ros_msgs/include/citrack_ros_msgs/citrack_ros_msgs/msg/rviz_birds_eye_param.hpp
[33.764s] -- Symlinking: /home/asv/asv_autonomy/uwb_imu_localization/install/citrack_ros_msgs/include/citrack_ros_msgs/citrack_ros_msgs/msg/uwb_anchor.hpp
[33.782s] -- Symlinking: /home/asv/asv_autonomy/uwb_imu_localization/install/citrack_ros_msgs/include/citrack_ros_msgs/citrack_ros_msgs/msg/uwb_range.hpp
[33.798s] -- Symlinking: /home/asv/asv_autonomy/uwb_imu_localization/install/citrack_ros_msgs/include/citrack_ros_msgs/citrack_ros_msgs/msg/uwb_tag.hpp
[33.814s] -- Symlinking: /home/asv/asv_autonomy/uwb_imu_localization/install/citrack_ros_msgs/include/citrack_ros_msgs/citrack_ros_msgs/msg/uwb_tags.hpp
[33.829s] -- Symlinking: /home/asv/asv_autonomy/uwb_imu_localization/install/citrack_ros_msgs/include/citrack_ros_msgs/citrack_ros_msgs/msg/vicon_position.hpp
[33.848s] -- Symlinking: /home/asv/asv_autonomy/uwb_imu_localization/install/citrack_ros_msgs/include/citrack_ros_msgs/citrack_ros_msgs/action/detail/darknet_check_for_objects__rosidl_typesupport_fastrtps_cpp.hpp
[33.868s] -- Symlinking: /home/asv/asv_autonomy/uwb_imu_localization/install/citrack_ros_msgs/include/citrack_ros_msgs/citrack_ros_msgs/msg/detail/custom_tag__rosidl_typesupport_fastrtps_cpp.hpp
[33.886s] -- Symlinking: /home/asv/asv_autonomy/uwb_imu_localization/install/citrack_ros_msgs/include/citrack_ros_msgs/citrack_ros_msgs/msg/detail/darknet_bounding_box__rosidl_typesupport_fastrtps_cpp.hpp
[33.903s] -- Symlinking: /home/asv/asv_autonomy/uwb_imu_localization/install/citrack_ros_msgs/include/citrack_ros_msgs/citrack_ros_msgs/msg/detail/darknet_bounding_boxes__rosidl_typesupport_fastrtps_cpp.hpp
[33.921s] -- Symlinking: /home/asv/asv_autonomy/uwb_imu_localization/install/citrack_ros_msgs/include/citrack_ros_msgs/citrack_ros_msgs/msg/detail/darknet_object_count__rosidl_typesupport_fastrtps_cpp.hpp
[33.945s] -- Symlinking: /home/asv/asv_autonomy/uwb_imu_localization/install/citrack_ros_msgs/include/citrack_ros_msgs/citrack_ros_msgs/msg/detail/multi_tags__rosidl_typesupport_fastrtps_cpp.hpp
[33.962s] -- Symlinking: /home/asv/asv_autonomy/uwb_imu_localization/install/citrack_ros_msgs/include/citrack_ros_msgs/citrack_ros_msgs/msg/detail/rviz_birds_eye_param__rosidl_typesupport_fastrtps_cpp.hpp
[33.978s] -- Symlinking: /home/asv/asv_autonomy/uwb_imu_localization/install/citrack_ros_msgs/include/citrack_ros_msgs/citrack_ros_msgs/msg/detail/uwb_anchor__rosidl_typesupport_fastrtps_cpp.hpp
[34.002s] -- Symlinking: /home/asv/asv_autonomy/uwb_imu_localization/install/citrack_ros_msgs/include/citrack_ros_msgs/citrack_ros_msgs/msg/detail/uwb_range__rosidl_typesupport_fastrtps_cpp.hpp
[34.021s] -- Symlinking: /home/asv/asv_autonomy/uwb_imu_localization/install/citrack_ros_msgs/include/citrack_ros_msgs/citrack_ros_msgs/msg/detail/uwb_tag__rosidl_typesupport_fastrtps_cpp.hpp
[34.037s] -- Symlinking: /home/asv/asv_autonomy/uwb_imu_localization/install/citrack_ros_msgs/include/citrack_ros_msgs/citrack_ros_msgs/msg/detail/uwb_tags__rosidl_typesupport_fastrtps_cpp.hpp
[34.055s] -- Symlinking: /home/asv/asv_autonomy/uwb_imu_localization/install/citrack_ros_msgs/include/citrack_ros_msgs/citrack_ros_msgs/msg/detail/vicon_position__rosidl_typesupport_fastrtps_cpp.hpp
[34.071s] -- Symlinking: /home/asv/asv_autonomy/uwb_imu_localization/install/citrack_ros_msgs/include/citrack_ros_msgs/citrack_ros_msgs/msg/rosidl_typesupport_fastrtps_cpp__visibility_control.h
[34.088s] -- Symlinking: /home/asv/asv_autonomy/uwb_imu_localization/install/citrack_ros_msgs/include/citrack_ros_msgs/citrack_ros_msgs/action/detail/darknet_check_for_objects__rosidl_typesupport_introspection_c.h
[34.104s] -- Symlinking: /home/asv/asv_autonomy/uwb_imu_localization/install/citrack_ros_msgs/include/citrack_ros_msgs/citrack_ros_msgs/msg/detail/custom_tag__rosidl_typesupport_introspection_c.h
[34.121s] -- Symlinking: /home/asv/asv_autonomy/uwb_imu_localization/install/citrack_ros_msgs/include/citrack_ros_msgs/citrack_ros_msgs/msg/detail/darknet_bounding_box__rosidl_typesupport_introspection_c.h
[34.139s] -- Symlinking: /home/asv/asv_autonomy/uwb_imu_localization/install/citrack_ros_msgs/include/citrack_ros_msgs/citrack_ros_msgs/msg/detail/darknet_bounding_boxes__rosidl_typesupport_introspection_c.h
[34.156s] -- Symlinking: /home/asv/asv_autonomy/uwb_imu_localization/install/citrack_ros_msgs/include/citrack_ros_msgs/citrack_ros_msgs/msg/detail/darknet_object_count__rosidl_typesupport_introspection_c.h
[34.173s] -- Symlinking: /home/asv/asv_autonomy/uwb_imu_localization/install/citrack_ros_msgs/include/citrack_ros_msgs/citrack_ros_msgs/msg/detail/multi_tags__rosidl_typesupport_introspection_c.h
[34.194s] -- Symlinking: /home/asv/asv_autonomy/uwb_imu_localization/install/citrack_ros_msgs/include/citrack_ros_msgs/citrack_ros_msgs/msg/detail/rviz_birds_eye_param__rosidl_typesupport_introspection_c.h
[34.213s] -- Symlinking: /home/asv/asv_autonomy/uwb_imu_localization/install/citrack_ros_msgs/include/citrack_ros_msgs/citrack_ros_msgs/msg/detail/uwb_anchor__rosidl_typesupport_introspection_c.h
[34.230s] -- Symlinking: /home/asv/asv_autonomy/uwb_imu_localization/install/citrack_ros_msgs/include/citrack_ros_msgs/citrack_ros_msgs/msg/detail/uwb_range__rosidl_typesupport_introspection_c.h
[34.246s] -- Symlinking: /home/asv/asv_autonomy/uwb_imu_localization/install/citrack_ros_msgs/include/citrack_ros_msgs/citrack_ros_msgs/msg/detail/uwb_tag__rosidl_typesupport_introspection_c.h
[34.262s] -- Symlinking: /home/asv/asv_autonomy/uwb_imu_localization/install/citrack_ros_msgs/include/citrack_ros_msgs/citrack_ros_msgs/msg/detail/uwb_tags__rosidl_typesupport_introspection_c.h
[34.281s] -- Symlinking: /home/asv/asv_autonomy/uwb_imu_localization/install/citrack_ros_msgs/include/citrack_ros_msgs/citrack_ros_msgs/msg/detail/vicon_position__rosidl_typesupport_introspection_c.h
[34.299s] -- Symlinking: /home/asv/asv_autonomy/uwb_imu_localization/install/citrack_ros_msgs/include/citrack_ros_msgs/citrack_ros_msgs/msg/rosidl_typesupport_introspection_c__visibility_control.h
[34.317s] -- Symlinking: /home/asv/asv_autonomy/uwb_imu_localization/install/citrack_ros_msgs/include/citrack_ros_msgs/citrack_ros_msgs/action/detail/darknet_check_for_objects__rosidl_typesupport_introspection_cpp.hpp
[34.334s] -- Symlinking: /home/asv/asv_autonomy/uwb_imu_localization/install/citrack_ros_msgs/include/citrack_ros_msgs/citrack_ros_msgs/msg/detail/custom_tag__rosidl_typesupport_introspection_cpp.hpp
[34.351s] -- Symlinking: /home/asv/asv_autonomy/uwb_imu_localization/install/citrack_ros_msgs/include/citrack_ros_msgs/citrack_ros_msgs/msg/detail/darknet_bounding_box__rosidl_typesupport_introspection_cpp.hpp
[34.366s] -- Symlinking: /home/asv/asv_autonomy/uwb_imu_localization/install/citrack_ros_msgs/include/citrack_ros_msgs/citrack_ros_msgs/msg/detail/darknet_bounding_boxes__rosidl_typesupport_introspection_cpp.hpp
[34.383s] -- Symlinking: /home/asv/asv_autonomy/uwb_imu_localization/install/citrack_ros_msgs/include/citrack_ros_msgs/citrack_ros_msgs/msg/detail/darknet_object_count__rosidl_typesupport_introspection_cpp.hpp
[34.399s] -- Symlinking: /home/asv/asv_autonomy/uwb_imu_localization/install/citrack_ros_msgs/include/citrack_ros_msgs/citrack_ros_msgs/msg/detail/multi_tags__rosidl_typesupport_introspection_cpp.hpp
[34.417s] -- Symlinking: /home/asv/asv_autonomy/uwb_imu_localization/install/citrack_ros_msgs/include/citrack_ros_msgs/citrack_ros_msgs/msg/detail/rviz_birds_eye_param__rosidl_typesupport_introspection_cpp.hpp
[34.434s] -- Symlinking: /home/asv/asv_autonomy/uwb_imu_localization/install/citrack_ros_msgs/include/citrack_ros_msgs/citrack_ros_msgs/msg/detail/uwb_anchor__rosidl_typesupport_introspection_cpp.hpp
[34.450s] -- Symlinking: /home/asv/asv_autonomy/uwb_imu_localization/install/citrack_ros_msgs/include/citrack_ros_msgs/citrack_ros_msgs/msg/detail/uwb_range__rosidl_typesupport_introspection_cpp.hpp
[34.467s] -- Symlinking: /home/asv/asv_autonomy/uwb_imu_localization/install/citrack_ros_msgs/include/citrack_ros_msgs/citrack_ros_msgs/msg/detail/uwb_tag__rosidl_typesupport_introspection_cpp.hpp
[34.484s] -- Symlinking: /home/asv/asv_autonomy/uwb_imu_localization/install/citrack_ros_msgs/include/citrack_ros_msgs/citrack_ros_msgs/msg/detail/uwb_tags__rosidl_typesupport_introspection_cpp.hpp
[34.502s] -- Symlinking: /home/asv/asv_autonomy/uwb_imu_localization/install/citrack_ros_msgs/include/citrack_ros_msgs/citrack_ros_msgs/msg/detail/vicon_position__rosidl_typesupport_introspection_cpp.hpp
[34.519s] -- Symlinking: /home/asv/asv_autonomy/uwb_imu_localization/install/citrack_ros_msgs/share/citrack_ros_msgs/environment/pythonpath.sh
[34.536s] -- Symlinking: /home/asv/asv_autonomy/uwb_imu_localization/install/citrack_ros_msgs/share/citrack_ros_msgs/environment/pythonpath.dsv
[34.554s] -- Symlinking: /home/asv/asv_autonomy/uwb_imu_localization/install/citrack_ros_msgs/lib/python3.10/site-packages/citrack_ros_msgs-0.1.0-py3.10.egg-info/PKG-INFO
[34.572s] -- Symlinking: /home/asv/asv_autonomy/uwb_imu_localization/install/citrack_ros_msgs/lib/python3.10/site-packages/citrack_ros_msgs-0.1.0-py3.10.egg-info/SOURCES.txt
[34.590s] -- Symlinking: /home/asv/asv_autonomy/uwb_imu_localization/install/citrack_ros_msgs/lib/python3.10/site-packages/citrack_ros_msgs-0.1.0-py3.10.egg-info/dependency_links.txt
[34.608s] -- Symlinking: /home/asv/asv_autonomy/uwb_imu_localization/install/citrack_ros_msgs/lib/python3.10/site-packages/citrack_ros_msgs-0.1.0-py3.10.egg-info/top_level.txt
[34.628s] -- Symlinking: /home/asv/asv_autonomy/uwb_imu_localization/install/citrack_ros_msgs/lib/python3.10/site-packages/citrack_ros_msgs/__init__.py
[34.646s] -- Symlinking: /home/asv/asv_autonomy/uwb_imu_localization/install/citrack_ros_msgs/lib/python3.10/site-packages/citrack_ros_msgs/_citrack_ros_msgs_s.ep.rosidl_typesupport_c.c
[34.666s] -- Symlinking: /home/asv/asv_autonomy/uwb_imu_localization/install/citrack_ros_msgs/lib/python3.10/site-packages/citrack_ros_msgs/_citrack_ros_msgs_s.ep.rosidl_typesupport_fastrtps_c.c
[34.683s] -- Symlinking: /home/asv/asv_autonomy/uwb_imu_localization/install/citrack_ros_msgs/lib/python3.10/site-packages/citrack_ros_msgs/_citrack_ros_msgs_s.ep.rosidl_typesupport_introspection_c.c
[34.699s] -- Symlinking: /home/asv/asv_autonomy/uwb_imu_localization/install/citrack_ros_msgs/lib/python3.10/site-packages/citrack_ros_msgs/action/__init__.py
[34.717s] -- Symlinking: /home/asv/asv_autonomy/uwb_imu_localization/install/citrack_ros_msgs/lib/python3.10/site-packages/citrack_ros_msgs/action/_darknet_check_for_objects.py
[34.740s] -- Symlinking: /home/asv/asv_autonomy/uwb_imu_localization/install/citrack_ros_msgs/lib/python3.10/site-packages/citrack_ros_msgs/action/_darknet_check_for_objects_s.c
[34.757s] -- Symlinking: /home/asv/asv_autonomy/uwb_imu_localization/install/citrack_ros_msgs/lib/python3.10/site-packages/citrack_ros_msgs/citrack_ros_msgs_s__rosidl_typesupport_c.cpython-310-aarch64-linux-gnu.so
[34.775s] -- Symlinking: /home/asv/asv_autonomy/uwb_imu_localization/install/citrack_ros_msgs/lib/python3.10/site-packages/citrack_ros_msgs/citrack_ros_msgs_s__rosidl_typesupport_fastrtps_c.cpython-310-aarch64-linux-gnu.so
[34.792s] -- Symlinking: /home/asv/asv_autonomy/uwb_imu_localization/install/citrack_ros_msgs/lib/python3.10/site-packages/citrack_ros_msgs/citrack_ros_msgs_s__rosidl_typesupport_introspection_c.cpython-310-aarch64-linux-gnu.so
[34.808s] -- Symlinking: /home/asv/asv_autonomy/uwb_imu_localization/install/citrack_ros_msgs/lib/python3.10/site-packages/citrack_ros_msgs/libcitrack_ros_msgs__rosidl_generator_py.so
[34.825s] -- Symlinking: /home/asv/asv_autonomy/uwb_imu_localization/install/citrack_ros_msgs/lib/python3.10/site-packages/citrack_ros_msgs/msg/__init__.py
[34.843s] -- Symlinking: /home/asv/asv_autonomy/uwb_imu_localization/install/citrack_ros_msgs/lib/python3.10/site-packages/citrack_ros_msgs/msg/_custom_tag.py
[34.861s] -- Symlinking: /home/asv/asv_autonomy/uwb_imu_localization/install/citrack_ros_msgs/lib/python3.10/site-packages/citrack_ros_msgs/msg/_custom_tag_s.c
[34.878s] -- Symlinking: /home/asv/asv_autonomy/uwb_imu_localization/install/citrack_ros_msgs/lib/python3.10/site-packages/citrack_ros_msgs/msg/_darknet_bounding_box.py
[34.897s] -- Symlinking: /home/asv/asv_autonomy/uwb_imu_localization/install/citrack_ros_msgs/lib/python3.10/site-packages/citrack_ros_msgs/msg/_darknet_bounding_box_s.c
[34.914s] -- Symlinking: /home/asv/asv_autonomy/uwb_imu_localization/install/citrack_ros_msgs/lib/python3.10/site-packages/citrack_ros_msgs/msg/_darknet_bounding_boxes.py
[34.930s] -- Symlinking: /home/asv/asv_autonomy/uwb_imu_localization/install/citrack_ros_msgs/lib/python3.10/site-packages/citrack_ros_msgs/msg/_darknet_bounding_boxes_s.c
[34.950s] -- Symlinking: /home/asv/asv_autonomy/uwb_imu_localization/install/citrack_ros_msgs/lib/python3.10/site-packages/citrack_ros_msgs/msg/_darknet_object_count.py
[34.966s] -- Symlinking: /home/asv/asv_autonomy/uwb_imu_localization/install/citrack_ros_msgs/lib/python3.10/site-packages/citrack_ros_msgs/msg/_darknet_object_count_s.c
[34.984s] -- Symlinking: /home/asv/asv_autonomy/uwb_imu_localization/install/citrack_ros_msgs/lib/python3.10/site-packages/citrack_ros_msgs/msg/_multi_tags.py
[35.000s] -- Symlinking: /home/asv/asv_autonomy/uwb_imu_localization/install/citrack_ros_msgs/lib/python3.10/site-packages/citrack_ros_msgs/msg/_multi_tags_s.c
[35.016s] -- Symlinking: /home/asv/asv_autonomy/uwb_imu_localization/install/citrack_ros_msgs/lib/python3.10/site-packages/citrack_ros_msgs/msg/_rviz_birds_eye_param.py
[35.033s] -- Symlinking: /home/asv/asv_autonomy/uwb_imu_localization/install/citrack_ros_msgs/lib/python3.10/site-packages/citrack_ros_msgs/msg/_rviz_birds_eye_param_s.c
[35.052s] -- Symlinking: /home/asv/asv_autonomy/uwb_imu_localization/install/citrack_ros_msgs/lib/python3.10/site-packages/citrack_ros_msgs/msg/_uwb_anchor.py
[35.070s] -- Symlinking: /home/asv/asv_autonomy/uwb_imu_localization/install/citrack_ros_msgs/lib/python3.10/site-packages/citrack_ros_msgs/msg/_uwb_anchor_s.c
[35.088s] -- Symlinking: /home/asv/asv_autonomy/uwb_imu_localization/install/citrack_ros_msgs/lib/python3.10/site-packages/citrack_ros_msgs/msg/_uwb_range.py
[35.111s] -- Symlinking: /home/asv/asv_autonomy/uwb_imu_localization/install/citrack_ros_msgs/lib/python3.10/site-packages/citrack_ros_msgs/msg/_uwb_range_s.c
[35.131s] -- Symlinking: /home/asv/asv_autonomy/uwb_imu_localization/install/citrack_ros_msgs/lib/python3.10/site-packages/citrack_ros_msgs/msg/_uwb_tag.py
[35.149s] -- Symlinking: /home/asv/asv_autonomy/uwb_imu_localization/install/citrack_ros_msgs/lib/python3.10/site-packages/citrack_ros_msgs/msg/_uwb_tag_s.c
[35.166s] -- Symlinking: /home/asv/asv_autonomy/uwb_imu_localization/install/citrack_ros_msgs/lib/python3.10/site-packages/citrack_ros_msgs/msg/_uwb_tags.py
[35.183s] -- Symlinking: /home/asv/asv_autonomy/uwb_imu_localization/install/citrack_ros_msgs/lib/python3.10/site-packages/citrack_ros_msgs/msg/_uwb_tags_s.c
[35.201s] -- Symlinking: /home/asv/asv_autonomy/uwb_imu_localization/install/citrack_ros_msgs/lib/python3.10/site-packages/citrack_ros_msgs/msg/_vicon_position.py
[35.218s] -- Symlinking: /home/asv/asv_autonomy/uwb_imu_localization/install/citrack_ros_msgs/lib/python3.10/site-packages/citrack_ros_msgs/msg/_vicon_position_s.c
[35.237s] -- Up-to-date symlink: /home/asv/asv_autonomy/uwb_imu_localization/install/citrack_ros_msgs/lib/python3.10/site-packages/citrack_ros_msgs/citrack_ros_msgs_s__rosidl_typesupport_fastrtps_c.cpython-310-aarch64-linux-gnu.so
[35.237s] -- Up-to-date symlink: /home/asv/asv_autonomy/uwb_imu_localization/install/citrack_ros_msgs/lib/python3.10/site-packages/citrack_ros_msgs/citrack_ros_msgs_s__rosidl_typesupport_introspection_c.cpython-310-aarch64-linux-gnu.so
[35.238s] -- Up-to-date symlink: /home/asv/asv_autonomy/uwb_imu_localization/install/citrack_ros_msgs/lib/python3.10/site-packages/citrack_ros_msgs/citrack_ros_msgs_s__rosidl_typesupport_c.cpython-310-aarch64-linux-gnu.so
[35.238s] -- Symlinking: /home/asv/asv_autonomy/uwb_imu_localization/install/citrack_ros_msgs/share/citrack_ros_msgs/msg/ViconPosition.idl
[35.255s] -- Symlinking: /home/asv/asv_autonomy/uwb_imu_localization/install/citrack_ros_msgs/share/citrack_ros_msgs/msg/UwbAnchor.idl
[35.272s] -- Symlinking: /home/asv/asv_autonomy/uwb_imu_localization/install/citrack_ros_msgs/share/citrack_ros_msgs/msg/UwbTag.idl
[35.289s] -- Symlinking: /home/asv/asv_autonomy/uwb_imu_localization/install/citrack_ros_msgs/share/citrack_ros_msgs/msg/UwbTags.idl
[35.308s] -- Symlinking: /home/asv/asv_autonomy/uwb_imu_localization/install/citrack_ros_msgs/share/citrack_ros_msgs/msg/UwbRange.idl
[35.325s] -- Symlinking: /home/asv/asv_autonomy/uwb_imu_localization/install/citrack_ros_msgs/share/citrack_ros_msgs/msg/DarknetBoundingBox.idl
[35.344s] -- Symlinking: /home/asv/asv_autonomy/uwb_imu_localization/install/citrack_ros_msgs/share/citrack_ros_msgs/msg/DarknetBoundingBoxes.idl
[35.360s] -- Symlinking: /home/asv/asv_autonomy/uwb_imu_localization/install/citrack_ros_msgs/share/citrack_ros_msgs/msg/DarknetObjectCount.idl
[35.377s] -- Symlinking: /home/asv/asv_autonomy/uwb_imu_localization/install/citrack_ros_msgs/share/citrack_ros_msgs/msg/RvizBirdsEyeParam.idl
[35.399s] -- Symlinking: /home/asv/asv_autonomy/uwb_imu_localization/install/citrack_ros_msgs/share/citrack_ros_msgs/msg/CustomTag.idl
[35.415s] -- Symlinking: /home/asv/asv_autonomy/uwb_imu_localization/install/citrack_ros_msgs/share/citrack_ros_msgs/msg/MultiTags.idl
[35.434s] -- Symlinking: /home/asv/asv_autonomy/uwb_imu_localization/install/citrack_ros_msgs/share/citrack_ros_msgs/action/DarknetCheckForObjects.idl
[35.450s] -- Symlinking: /home/asv/asv_autonomy/uwb_imu_localization/install/citrack_ros_msgs/share/citrack_ros_msgs/msg/ViconPosition.msg
[35.467s] -- Symlinking: /home/asv/asv_autonomy/uwb_imu_localization/install/citrack_ros_msgs/share/citrack_ros_msgs/msg/UwbAnchor.msg
[35.486s] -- Symlinking: /home/asv/asv_autonomy/uwb_imu_localization/install/citrack_ros_msgs/share/citrack_ros_msgs/msg/UwbTag.msg
[35.503s] -- Symlinking: /home/asv/asv_autonomy/uwb_imu_localization/install/citrack_ros_msgs/share/citrack_ros_msgs/msg/UwbTags.msg
[35.522s] -- Symlinking: /home/asv/asv_autonomy/uwb_imu_localization/install/citrack_ros_msgs/share/citrack_ros_msgs/msg/UwbRange.msg
[35.539s] -- Symlinking: /home/asv/asv_autonomy/uwb_imu_localization/install/citrack_ros_msgs/share/citrack_ros_msgs/msg/DarknetBoundingBox.msg
[35.557s] -- Symlinking: /home/asv/asv_autonomy/uwb_imu_localization/install/citrack_ros_msgs/share/citrack_ros_msgs/msg/DarknetBoundingBoxes.msg
[35.575s] -- Symlinking: /home/asv/asv_autonomy/uwb_imu_localization/install/citrack_ros_msgs/share/citrack_ros_msgs/msg/DarknetObjectCount.msg
[35.593s] -- Symlinking: /home/asv/asv_autonomy/uwb_imu_localization/install/citrack_ros_msgs/share/citrack_ros_msgs/msg/RvizBirdsEyeParam.msg
[35.614s] -- Symlinking: /home/asv/asv_autonomy/uwb_imu_localization/install/citrack_ros_msgs/share/citrack_ros_msgs/msg/CustomTag.msg
[35.631s] -- Symlinking: /home/asv/asv_autonomy/uwb_imu_localization/install/citrack_ros_msgs/share/citrack_ros_msgs/msg/MultiTags.msg
[35.649s] -- Symlinking: /home/asv/asv_autonomy/uwb_imu_localization/install/citrack_ros_msgs/share/citrack_ros_msgs/action/DarknetCheckForObjects.action
[35.667s] -- Symlinking: /home/asv/asv_autonomy/uwb_imu_localization/install/citrack_ros_msgs/share/ament_index/resource_index/package_run_dependencies/citrack_ros_msgs
[35.685s] -- Symlinking: /home/asv/asv_autonomy/uwb_imu_localization/install/citrack_ros_msgs/share/ament_index/resource_index/parent_prefix_path/citrack_ros_msgs
[35.704s] -- Symlinking: /home/asv/asv_autonomy/uwb_imu_localization/install/citrack_ros_msgs/share/citrack_ros_msgs/environment/ament_prefix_path.sh
[35.723s] -- Symlinking: /home/asv/asv_autonomy/uwb_imu_localization/install/citrack_ros_msgs/share/citrack_ros_msgs/environment/ament_prefix_path.dsv
[35.740s] -- Symlinking: /home/asv/asv_autonomy/uwb_imu_localization/install/citrack_ros_msgs/share/citrack_ros_msgs/environment/path.sh
[35.761s] -- Symlinking: /home/asv/asv_autonomy/uwb_imu_localization/install/citrack_ros_msgs/share/citrack_ros_msgs/environment/path.dsv
[35.777s] -- Symlinking: /home/asv/asv_autonomy/uwb_imu_localization/install/citrack_ros_msgs/share/citrack_ros_msgs/local_setup.bash
[35.794s] -- Symlinking: /home/asv/asv_autonomy/uwb_imu_localization/install/citrack_ros_msgs/share/citrack_ros_msgs/local_setup.sh
[35.812s] -- Symlinking: /home/asv/asv_autonomy/uwb_imu_localization/install/citrack_ros_msgs/share/citrack_ros_msgs/local_setup.zsh
[35.829s] -- Symlinking: /home/asv/asv_autonomy/uwb_imu_localization/install/citrack_ros_msgs/share/citrack_ros_msgs/local_setup.dsv
[35.851s] -- Symlinking: /home/asv/asv_autonomy/uwb_imu_localization/install/citrack_ros_msgs/share/citrack_ros_msgs/package.dsv
[35.868s] -- Symlinking: /home/asv/asv_autonomy/uwb_imu_localization/install/citrack_ros_msgs/share/ament_index/resource_index/packages/citrack_ros_msgs
[35.891s] -- Symlinking: /home/asv/asv_autonomy/uwb_imu_localization/install/citrack_ros_msgs/share/citrack_ros_msgs/cmake/rosidl_cmake-extras.cmake
[35.907s] -- Symlinking: /home/asv/asv_autonomy/uwb_imu_localization/install/citrack_ros_msgs/share/citrack_ros_msgs/cmake/ament_cmake_export_dependencies-extras.cmake
[35.925s] -- Symlinking: /home/asv/asv_autonomy/uwb_imu_localization/install/citrack_ros_msgs/share/citrack_ros_msgs/cmake/ament_cmake_export_include_directories-extras.cmake
[35.944s] -- Symlinking: /home/asv/asv_autonomy/uwb_imu_localization/install/citrack_ros_msgs/share/citrack_ros_msgs/cmake/ament_cmake_export_libraries-extras.cmake
[35.963s] -- Symlinking: /home/asv/asv_autonomy/uwb_imu_localization/install/citrack_ros_msgs/share/citrack_ros_msgs/cmake/ament_cmake_export_targets-extras.cmake
[35.981s] -- Symlinking: /home/asv/asv_autonomy/uwb_imu_localization/install/citrack_ros_msgs/share/citrack_ros_msgs/cmake/rosidl_cmake_export_typesupport_targets-extras.cmake
[35.998s] -- Symlinking: /home/asv/asv_autonomy/uwb_imu_localization/install/citrack_ros_msgs/share/citrack_ros_msgs/cmake/rosidl_cmake_export_typesupport_libraries-extras.cmake
[36.015s] -- Symlinking: /home/asv/asv_autonomy/uwb_imu_localization/install/citrack_ros_msgs/share/citrack_ros_msgs/cmake/citrack_ros_msgsConfig.cmake
[36.035s] -- Symlinking: /home/asv/asv_autonomy/uwb_imu_localization/install/citrack_ros_msgs/share/citrack_ros_msgs/cmake/citrack_ros_msgsConfig-version.cmake
[36.052s] -- Symlinking: /home/asv/asv_autonomy/uwb_imu_localization/install/citrack_ros_msgs/share/citrack_ros_msgs/package.xml
[36.068s] -- Installing: /home/asv/asv_autonomy/uwb_imu_localization/install/citrack_ros_msgs/lib/libcitrack_ros_msgs__rosidl_generator_c.so
[36.070s] -- Set runtime path of "/home/asv/asv_autonomy/uwb_imu_localization/install/citrack_ros_msgs/lib/libcitrack_ros_msgs__rosidl_generator_c.so" to ""
[36.070s] -- Installing: /home/asv/asv_autonomy/uwb_imu_localization/install/citrack_ros_msgs/lib/libcitrack_ros_msgs__rosidl_typesupport_fastrtps_c.so
[36.071s] -- Set runtime path of "/home/asv/asv_autonomy/uwb_imu_localization/install/citrack_ros_msgs/lib/libcitrack_ros_msgs__rosidl_typesupport_fastrtps_c.so" to ""
[36.072s] -- Installing: /home/asv/asv_autonomy/uwb_imu_localization/install/citrack_ros_msgs/lib/libcitrack_ros_msgs__rosidl_typesupport_fastrtps_cpp.so
[36.074s] -- Set runtime path of "/home/asv/asv_autonomy/uwb_imu_localization/install/citrack_ros_msgs/lib/libcitrack_ros_msgs__rosidl_typesupport_fastrtps_cpp.so" to ""
[36.074s] -- Installing: /home/asv/asv_autonomy/uwb_imu_localization/install/citrack_ros_msgs/lib/libcitrack_ros_msgs__rosidl_typesupport_introspection_c.so
[36.075s] -- Set runtime path of "/home/asv/asv_autonomy/uwb_imu_localization/install/citrack_ros_msgs/lib/libcitrack_ros_msgs__rosidl_typesupport_introspection_c.so" to ""
[36.075s] -- Installing: /home/asv/asv_autonomy/uwb_imu_localization/install/citrack_ros_msgs/lib/libcitrack_ros_msgs__rosidl_typesupport_c.so
[36.076s] -- Set runtime path of "/home/asv/asv_autonomy/uwb_imu_localization/install/citrack_ros_msgs/lib/libcitrack_ros_msgs__rosidl_typesupport_c.so" to ""
[36.077s] -- Installing: /home/asv/asv_autonomy/uwb_imu_localization/install/citrack_ros_msgs/lib/libcitrack_ros_msgs__rosidl_typesupport_introspection_cpp.so
[36.078s] -- Set runtime path of "/home/asv/asv_autonomy/uwb_imu_localization/install/citrack_ros_msgs/lib/libcitrack_ros_msgs__rosidl_typesupport_introspection_cpp.so" to ""
[36.079s] -- Installing: /home/asv/asv_autonomy/uwb_imu_localization/install/citrack_ros_msgs/lib/libcitrack_ros_msgs__rosidl_typesupport_cpp.so
[36.080s] -- Set runtime path of "/home/asv/asv_autonomy/uwb_imu_localization/install/citrack_ros_msgs/lib/libcitrack_ros_msgs__rosidl_typesupport_cpp.so" to ""
[36.208s] Listing '/home/asv/asv_autonomy/uwb_imu_localization/install/citrack_ros_msgs/lib/python3.10/site-packages/citrack_ros_msgs'...
[36.209s] Compiling '/home/asv/asv_autonomy/uwb_imu_localization/install/citrack_ros_msgs/lib/python3.10/site-packages/citrack_ros_msgs/__init__.py'...
[36.209s] Listing '/home/asv/asv_autonomy/uwb_imu_localization/install/citrack_ros_msgs/lib/python3.10/site-packages/citrack_ros_msgs/action'...
[36.209s] Compiling '/home/asv/asv_autonomy/uwb_imu_localization/install/citrack_ros_msgs/lib/python3.10/site-packages/citrack_ros_msgs/action/__init__.py'...
[36.209s] Compiling '/home/asv/asv_autonomy/uwb_imu_localization/install/citrack_ros_msgs/lib/python3.10/site-packages/citrack_ros_msgs/action/_darknet_check_for_objects.py'...
[36.209s] Listing '/home/asv/asv_autonomy/uwb_imu_localization/install/citrack_ros_msgs/lib/python3.10/site-packages/citrack_ros_msgs/msg'...
[36.209s] Compiling '/home/asv/asv_autonomy/uwb_imu_localization/install/citrack_ros_msgs/lib/python3.10/site-packages/citrack_ros_msgs/msg/__init__.py'...
[36.209s] Compiling '/home/asv/asv_autonomy/uwb_imu_localization/install/citrack_ros_msgs/lib/python3.10/site-packages/citrack_ros_msgs/msg/_custom_tag.py'...
[36.210s] Compiling '/home/asv/asv_autonomy/uwb_imu_localization/install/citrack_ros_msgs/lib/python3.10/site-packages/citrack_ros_msgs/msg/_darknet_bounding_box.py'...
[36.210s] Compiling '/home/asv/asv_autonomy/uwb_imu_localization/install/citrack_ros_msgs/lib/python3.10/site-packages/citrack_ros_msgs/msg/_darknet_bounding_boxes.py'...
[36.210s] Compiling '/home/asv/asv_autonomy/uwb_imu_localization/install/citrack_ros_msgs/lib/python3.10/site-packages/citrack_ros_msgs/msg/_darknet_object_count.py'...
[36.210s] Compiling '/home/asv/asv_autonomy/uwb_imu_localization/install/citrack_ros_msgs/lib/python3.10/site-packages/citrack_ros_msgs/msg/_multi_tags.py'...
[36.210s] Compiling '/home/asv/asv_autonomy/uwb_imu_localization/install/citrack_ros_msgs/lib/python3.10/site-packages/citrack_ros_msgs/msg/_rviz_birds_eye_param.py'...
[36.210s] Compiling '/home/asv/asv_autonomy/uwb_imu_localization/install/citrack_ros_msgs/lib/python3.10/site-packages/citrack_ros_msgs/msg/_uwb_anchor.py'...
[36.210s] Compiling '/home/asv/asv_autonomy/uwb_imu_localization/install/citrack_ros_msgs/lib/python3.10/site-packages/citrack_ros_msgs/msg/_uwb_range.py'...
[36.210s] Compiling '/home/asv/asv_autonomy/uwb_imu_localization/install/citrack_ros_msgs/lib/python3.10/site-packages/citrack_ros_msgs/msg/_uwb_tag.py'...
[36.211s] Compiling '/home/asv/asv_autonomy/uwb_imu_localization/install/citrack_ros_msgs/lib/python3.10/site-packages/citrack_ros_msgs/msg/_uwb_tags.py'...
[36.211s] Compiling '/home/asv/asv_autonomy/uwb_imu_localization/install/citrack_ros_msgs/lib/python3.10/site-packages/citrack_ros_msgs/msg/_vicon_position.py'...
[36.222s] -- Installing: /home/asv/asv_autonomy/uwb_imu_localization/install/citrack_ros_msgs/lib/libcitrack_ros_msgs__rosidl_generator_py.so
[36.224s] -- Set runtime path of "/home/asv/asv_autonomy/uwb_imu_localization/install/citrack_ros_msgs/lib/libcitrack_ros_msgs__rosidl_generator_py.so" to ""
[36.224s] -- Installing: /home/asv/asv_autonomy/uwb_imu_localization/install/citrack_ros_msgs/share/citrack_ros_msgs/cmake/export_citrack_ros_msgs__rosidl_generator_cExport.cmake
[36.225s] -- Installing: /home/asv/asv_autonomy/uwb_imu_localization/install/citrack_ros_msgs/share/citrack_ros_msgs/cmake/export_citrack_ros_msgs__rosidl_generator_cExport-noconfig.cmake
[36.225s] -- Installing: /home/asv/asv_autonomy/uwb_imu_localization/install/citrack_ros_msgs/share/citrack_ros_msgs/cmake/export_citrack_ros_msgs__rosidl_typesupport_fastrtps_cExport.cmake
[36.226s] -- Installing: /home/asv/asv_autonomy/uwb_imu_localization/install/citrack_ros_msgs/share/citrack_ros_msgs/cmake/export_citrack_ros_msgs__rosidl_typesupport_fastrtps_cExport-noconfig.cmake
[36.226s] -- Installing: /home/asv/asv_autonomy/uwb_imu_localization/install/citrack_ros_msgs/share/citrack_ros_msgs/cmake/export_citrack_ros_msgs__rosidl_generator_cppExport.cmake
[36.227s] -- Installing: /home/asv/asv_autonomy/uwb_imu_localization/install/citrack_ros_msgs/share/citrack_ros_msgs/cmake/export_citrack_ros_msgs__rosidl_typesupport_fastrtps_cppExport.cmake
[36.228s] -- Installing: /home/asv/asv_autonomy/uwb_imu_localization/install/citrack_ros_msgs/share/citrack_ros_msgs/cmake/export_citrack_ros_msgs__rosidl_typesupport_fastrtps_cppExport-noconfig.cmake
[36.228s] -- Installing: /home/asv/asv_autonomy/uwb_imu_localization/install/citrack_ros_msgs/share/citrack_ros_msgs/cmake/citrack_ros_msgs__rosidl_typesupport_introspection_cExport.cmake
[36.228s] -- Installing: /home/asv/asv_autonomy/uwb_imu_localization/install/citrack_ros_msgs/share/citrack_ros_msgs/cmake/citrack_ros_msgs__rosidl_typesupport_introspection_cExport-noconfig.cmake
[36.228s] -- Installing: /home/asv/asv_autonomy/uwb_imu_localization/install/citrack_ros_msgs/share/citrack_ros_msgs/cmake/citrack_ros_msgs__rosidl_typesupport_cExport.cmake
[36.228s] -- Installing: /home/asv/asv_autonomy/uwb_imu_localization/install/citrack_ros_msgs/share/citrack_ros_msgs/cmake/citrack_ros_msgs__rosidl_typesupport_cExport-noconfig.cmake
[36.228s] -- Installing: /home/asv/asv_autonomy/uwb_imu_localization/install/citrack_ros_msgs/share/citrack_ros_msgs/cmake/citrack_ros_msgs__rosidl_typesupport_introspection_cppExport.cmake
[36.229s] -- Installing: /home/asv/asv_autonomy/uwb_imu_localization/install/citrack_ros_msgs/share/citrack_ros_msgs/cmake/citrack_ros_msgs__rosidl_typesupport_introspection_cppExport-noconfig.cmake
[36.229s] -- Installing: /home/asv/asv_autonomy/uwb_imu_localization/install/citrack_ros_msgs/share/citrack_ros_msgs/cmake/citrack_ros_msgs__rosidl_typesupport_cppExport.cmake
[36.230s] -- Installing: /home/asv/asv_autonomy/uwb_imu_localization/install/citrack_ros_msgs/share/citrack_ros_msgs/cmake/citrack_ros_msgs__rosidl_typesupport_cppExport-noconfig.cmake
[36.230s] -- Installing: /home/asv/asv_autonomy/uwb_imu_localization/install/citrack_ros_msgs/share/citrack_ros_msgs/cmake/export_citrack_ros_msgs__rosidl_generator_pyExport.cmake
[36.231s] -- Installing: /home/asv/asv_autonomy/uwb_imu_localization/install/citrack_ros_msgs/share/citrack_ros_msgs/cmake/export_citrack_ros_msgs__rosidl_generator_pyExport-noconfig.cmake
[36.240s] Invoked command in '/home/asv/asv_autonomy/uwb_imu_localization/build/citrack_ros_msgs' returned '0': CMAKE_PREFIX_PATH=${CMAKE_PREFIX_PATH}:/home/asv/asv_autonomy/uwb_imu_localization/install/ekf_fusion:/home/asv/asv_autonomy/uwb_imu_localization/install/uwb_tracking_ros2:/opt/ros/humble CONDA_PROMPT_MODIFIER=(asv_localization) /usr/bin/cmake --install /home/asv/asv_autonomy/uwb_imu_localization/build/citrack_ros_msgs
